<?xml version="1.0" encoding="UTF-8"?>
<!-- Generated by org.testng.reporters.JUnitXMLReporter -->
<testsuite ignored="0" hostname="dnid0006l01.local" failures="0" tests="20" name="SigmaCardAPITestTransactionHistory" time="5.836" errors="0" timestamp="18 May 2020 04:04:30 GMT">
  <testcase classname="testCases.TransactionHistory.TC_001_Get_Transaction_History_In_Progress" name="getHistoryInProgress" time="1.457"/>
  <testcase classname="testCases.TransactionHistory.TC_001_Get_Transaction_History_In_Progress" name="assertEmptyResponseBody" time="0.002"/>
  <testcase classname="testCases.TransactionHistory.TC_001_Get_Transaction_History_In_Progress" name="assertResponseTime" time="0.001"/>
  <testcase classname="testCases.TransactionHistory.TC_001_Get_Transaction_History_In_Progress" name="assertStatusCode" time="0.011"/>
  <testcase classname="testCases.TransactionHistory.TC_001_Get_Transaction_History_In_Progress" name="checkResultAsExpected" time="0.012"/>
  <testcase classname="testCases.TransactionHistory.TC_001_Get_Transaction_History_In_Progress" name="getHistoryInProgress" time="1.366"/>
  <testcase classname="testCases.TransactionHistory.TC_001_Get_Transaction_History_In_Progress" name="assertEmptyResponseBody" time="0.009"/>
  <testcase classname="testCases.TransactionHistory.TC_001_Get_Transaction_History_In_Progress" name="assertResponseTime" time="0.001"/>
  <testcase classname="testCases.TransactionHistory.TC_001_Get_Transaction_History_In_Progress" name="assertStatusCode" time="0.012"/>
  <testcase classname="testCases.TransactionHistory.TC_001_Get_Transaction_History_In_Progress" name="checkResultAsExpected" time="0.013"/>
  <testcase classname="testCases.TransactionHistory.TC_002_Get_Transaction_History_Completed" name="getHistoryCompleted" time="1.518"/>
  <testcase classname="testCases.TransactionHistory.TC_002_Get_Transaction_History_Completed" name="assertEmptyResponseBody" time="0.01"/>
  <testcase classname="testCases.TransactionHistory.TC_002_Get_Transaction_History_Completed" name="assertResponseTime" time="0.0"/>
  <testcase classname="testCases.TransactionHistory.TC_002_Get_Transaction_History_Completed" name="assertStatusCode" time="0.01"/>
  <testcase classname="testCases.TransactionHistory.TC_002_Get_Transaction_History_Completed" name="checkResultAsExpected" time="0.012"/>
  <testcase classname="testCases.TransactionHistory.TC_002_Get_Transaction_History_Completed" name="getHistoryCompleted" time="1.35"/>
  <testcase classname="testCases.TransactionHistory.TC_002_Get_Transaction_History_Completed" name="assertEmptyResponseBody" time="0.001"/>
  <testcase classname="testCases.TransactionHistory.TC_002_Get_Transaction_History_Completed" name="assertResponseTime" time="0.001"/>
  <testcase classname="testCases.TransactionHistory.TC_002_Get_Transaction_History_Completed" name="assertStatusCode" time="0.01"/>
  <testcase classname="testCases.TransactionHistory.TC_002_Get_Transaction_History_Completed" name="checkResultAsExpected" time="0.016"/>
</testsuite> <!-- SigmaCardAPITestTransactionHistory -->
