<?xml version="1.0" encoding="UTF-8"?>
<!-- Generated by org.testng.reporters.JUnitXMLReporter -->
<testsuite ignored="0" hostname="dnid0006l01.local" failures="0" tests="29" name="SigmaCardAPITestCardManagement" time="10.042" errors="0" timestamp="20 May 2020 07:48:08 GMT">
  <testcase classname="testCases.CardManagement.TC_001_Create_Card" name="assertEmptyResponseBody" time="0.029"/>
  <testcase classname="testCases.CardManagement.TC_001_Create_Card" name="assertResponseTime" time="0.002"/>
  <testcase classname="testCases.CardManagement.TC_001_Create_Card" name="assertStatusCode" time="0.003"/>
  <testcase classname="testCases.CardManagement.TC_001_Create_Card" name="assertStatusLine" time="0.001"/>
  <testcase classname="testCases.CardManagement.TC_001_Create_Card" name="checkResultAsExpected" time="0.271"/>
  <testcase classname="testCases.CardManagement.TC_002_Check_Card_Exists" name="assertEmptyResponseBody" time="0.005"/>
  <testcase classname="testCases.CardManagement.TC_002_Check_Card_Exists" name="assertResponseTime" time="0.001"/>
  <testcase classname="testCases.CardManagement.TC_002_Check_Card_Exists" name="assertStatusCode" time="0.002"/>
  <testcase classname="testCases.CardManagement.TC_002_Check_Card_Exists" name="assertStatusLine" time="0.001"/>
  <testcase classname="testCases.CardManagement.TC_002_Check_Card_Exists" name="checkResultAsExpected" time="0.001"/>
  <testcase classname="testCases.CardManagement.TC_003_Check_Card_Not_Exists" name="assertEmptyResponseBody" time="0.006"/>
  <testcase classname="testCases.CardManagement.TC_003_Check_Card_Not_Exists" name="assertResponseTime" time="0.001"/>
  <testcase classname="testCases.CardManagement.TC_003_Check_Card_Not_Exists" name="assertStatusCode" time="0.001"/>
  <testcase classname="testCases.CardManagement.TC_003_Check_Card_Not_Exists" name="checkResultAsExpected" time="0.001"/>
  <testcase classname="testCases.CardManagement.TC_004_Top_Up_Card" name="assertEmptyResponseBody" time="0.001"/>
  <testcase classname="testCases.CardManagement.TC_004_Top_Up_Card" name="assertResponseTime" time="0.001"/>
  <testcase classname="testCases.CardManagement.TC_004_Top_Up_Card" name="assertStatusCode" time="0.001"/>
  <testcase classname="testCases.CardManagement.TC_004_Top_Up_Card" name="assertStatusLine" time="0.001"/>
  <testcase classname="testCases.CardManagement.TC_004_Top_Up_Card" name="checkResultAsExpected" time="0.001"/>
  <testcase classname="testCases.CardManagement.TC_005_Create_Card_Duplicate" name="assertEmptyResponseBody" time="0.001"/>
  <testcase classname="testCases.CardManagement.TC_005_Create_Card_Duplicate" name="assertResponseTime" time="0.001"/>
  <testcase classname="testCases.CardManagement.TC_005_Create_Card_Duplicate" name="assertStatusCode" time="0.001"/>
  <testcase classname="testCases.CardManagement.TC_005_Create_Card_Duplicate" name="checkResultAsExpected" time="0.001"/>
  <testcase classname="testCases.TopUpOption.TC_001_Get_Top_Up_Option" name="getTopUpOption" time="1.493"/>
  <testcase classname="testCases.TopUpOption.TC_001_Get_Top_Up_Option" name="assertEmptyResponseBody" time="0.001"/>
  <testcase classname="testCases.TopUpOption.TC_001_Get_Top_Up_Option" name="assertResponseTime" time="0.001"/>
  <testcase classname="testCases.TopUpOption.TC_001_Get_Top_Up_Option" name="assertStatusCode" time="0.001"/>
  <testcase classname="testCases.TopUpOption.TC_001_Get_Top_Up_Option" name="assertStatusLine" time="0.001"/>
  <testcase classname="testCases.TopUpOption.TC_001_Get_Top_Up_Option" name="checkResultAsExpected" time="0.0"/>
</testsuite> <!-- SigmaCardAPITestCardManagement -->
