<?xml version="1.0" encoding="UTF-8"?>
<!-- Generated by org.testng.reporters.JUnitXMLReporter -->
<testsuite ignored="0" hostname="dnid0006l01.local" failures="0" tests="20" name="SigmaCardAPITestCancelTransaction" time="5.494" errors="0" timestamp="18 May 2020 04:04:36 GMT">
  <testcase classname="testCases.Transaction.CancelTransaction.TC_001_Cancel_Transaction" name="cancelTransaction" time="1.389"/>
  <testcase classname="testCases.Transaction.CancelTransaction.TC_001_Cancel_Transaction" name="assertEmptyResponseBody" time="0.002"/>
  <testcase classname="testCases.Transaction.CancelTransaction.TC_001_Cancel_Transaction" name="assertResponseTime" time="0.0"/>
  <testcase classname="testCases.Transaction.CancelTransaction.TC_001_Cancel_Transaction" name="assertStatusCode" time="0.01"/>
  <testcase classname="testCases.Transaction.CancelTransaction.TC_001_Cancel_Transaction" name="checkResultAsExpected" time="0.015"/>
  <testcase classname="testCases.Transaction.CancelTransaction.TC_001_Cancel_Transaction" name="cancelTransaction" time="1.336"/>
  <testcase classname="testCases.Transaction.CancelTransaction.TC_001_Cancel_Transaction" name="assertEmptyResponseBody" time="0.001"/>
  <testcase classname="testCases.Transaction.CancelTransaction.TC_001_Cancel_Transaction" name="assertResponseTime" time="0.001"/>
  <testcase classname="testCases.Transaction.CancelTransaction.TC_001_Cancel_Transaction" name="assertStatusCode" time="0.011"/>
  <testcase classname="testCases.Transaction.CancelTransaction.TC_001_Cancel_Transaction" name="checkResultAsExpected" time="0.012"/>
  <testcase classname="testCases.Transaction.CancelTransaction.TC_001_Cancel_Transaction" name="cancelTransaction" time="1.306"/>
  <testcase classname="testCases.Transaction.CancelTransaction.TC_001_Cancel_Transaction" name="assertEmptyResponseBody" time="0.001"/>
  <testcase classname="testCases.Transaction.CancelTransaction.TC_001_Cancel_Transaction" name="assertResponseTime" time="0.001"/>
  <testcase classname="testCases.Transaction.CancelTransaction.TC_001_Cancel_Transaction" name="assertStatusCode" time="0.01"/>
  <testcase classname="testCases.Transaction.CancelTransaction.TC_001_Cancel_Transaction" name="checkResultAsExpected" time="0.012"/>
  <testcase classname="testCases.Transaction.CancelTransaction.TC_001_Cancel_Transaction" name="cancelTransaction" time="1.325"/>
  <testcase classname="testCases.Transaction.CancelTransaction.TC_001_Cancel_Transaction" name="assertEmptyResponseBody" time="0.012"/>
  <testcase classname="testCases.Transaction.CancelTransaction.TC_001_Cancel_Transaction" name="assertResponseTime" time="0.001"/>
  <testcase classname="testCases.Transaction.CancelTransaction.TC_001_Cancel_Transaction" name="assertStatusCode" time="0.009"/>
  <testcase classname="testCases.Transaction.CancelTransaction.TC_001_Cancel_Transaction" name="checkResultAsExpected" time="0.015"/>
</testsuite> <!-- SigmaCardAPITestCancelTransaction -->
