<?xml version="1.0" encoding="UTF-8"?>
<!-- Generated by org.testng.reporters.JUnitXMLReporter -->
<testsuite ignored="0" hostname="dnid0006l01.local" failures="0" tests="45" name="SigmaCardAPITestCreateTransaction" time="14.709" errors="0" timestamp="20 May 2020 07:51:56 GMT">
  <testcase classname="testCases.Transaction.TC_001_Create_Transaction" name="createTransaction" time="2.011"/>
  <testcase classname="testCases.Transaction.TC_001_Create_Transaction" name="assertEmptyResponseBody" time="0.014"/>
  <testcase classname="testCases.Transaction.TC_001_Create_Transaction" name="assertResponseTime" time="0.001"/>
  <testcase classname="testCases.Transaction.TC_001_Create_Transaction" name="assertStatusCode" time="0.226"/>
  <testcase classname="testCases.Transaction.TC_001_Create_Transaction" name="checkResultAsExpected" time="0.025"/>
  <testcase classname="testCases.Transaction.TC_001_Create_Transaction" name="createTransaction" time="1.316"/>
  <testcase classname="testCases.Transaction.TC_001_Create_Transaction" name="assertEmptyResponseBody" time="0.002"/>
  <testcase classname="testCases.Transaction.TC_001_Create_Transaction" name="assertResponseTime" time="0.002"/>
  <testcase classname="testCases.Transaction.TC_001_Create_Transaction" name="assertStatusCode" time="0.011"/>
  <testcase classname="testCases.Transaction.TC_001_Create_Transaction" name="checkResultAsExpected" time="0.026"/>
  <testcase classname="testCases.Transaction.TC_001_Create_Transaction" name="createTransaction" time="1.305"/>
  <testcase classname="testCases.Transaction.TC_001_Create_Transaction" name="assertEmptyResponseBody" time="0.001"/>
  <testcase classname="testCases.Transaction.TC_001_Create_Transaction" name="assertResponseTime" time="0.0"/>
  <testcase classname="testCases.Transaction.TC_001_Create_Transaction" name="assertStatusCode" time="0.01"/>
  <testcase classname="testCases.Transaction.TC_001_Create_Transaction" name="checkResultAsExpected" time="0.025"/>
  <testcase classname="testCases.Transaction.TC_001_Create_Transaction" name="createTransaction" time="1.607"/>
  <testcase classname="testCases.Transaction.TC_001_Create_Transaction" name="assertEmptyResponseBody" time="0.002"/>
  <testcase classname="testCases.Transaction.TC_001_Create_Transaction" name="assertResponseTime" time="0.002"/>
  <testcase classname="testCases.Transaction.TC_001_Create_Transaction" name="assertStatusCode" time="0.011"/>
  <testcase classname="testCases.Transaction.TC_001_Create_Transaction" name="checkResultAsExpected" time="0.02"/>
  <testcase classname="testCases.Transaction.TC_001_Create_Transaction" name="createTransaction" time="1.283"/>
  <testcase classname="testCases.Transaction.TC_001_Create_Transaction" name="assertEmptyResponseBody" time="0.019"/>
  <testcase classname="testCases.Transaction.TC_001_Create_Transaction" name="assertResponseTime" time="0.003"/>
  <testcase classname="testCases.Transaction.TC_001_Create_Transaction" name="assertStatusCode" time="0.009"/>
  <testcase classname="testCases.Transaction.TC_001_Create_Transaction" name="checkResultAsExpected" time="0.016"/>
  <testcase classname="testCases.Transaction.TC_001_Create_Transaction" name="createTransaction" time="1.69"/>
  <testcase classname="testCases.Transaction.TC_001_Create_Transaction" name="assertEmptyResponseBody" time="0.002"/>
  <testcase classname="testCases.Transaction.TC_001_Create_Transaction" name="assertResponseTime" time="0.0"/>
  <testcase classname="testCases.Transaction.TC_001_Create_Transaction" name="assertStatusCode" time="0.012"/>
  <testcase classname="testCases.Transaction.TC_001_Create_Transaction" name="checkResultAsExpected" time="0.019"/>
  <testcase classname="testCases.Transaction.TC_001_Create_Transaction" name="createTransaction" time="1.274"/>
  <testcase classname="testCases.Transaction.TC_001_Create_Transaction" name="assertEmptyResponseBody" time="0.001"/>
  <testcase classname="testCases.Transaction.TC_001_Create_Transaction" name="assertResponseTime" time="0.001"/>
  <testcase classname="testCases.Transaction.TC_001_Create_Transaction" name="assertStatusCode" time="0.013"/>
  <testcase classname="testCases.Transaction.TC_001_Create_Transaction" name="checkResultAsExpected" time="0.019"/>
  <testcase classname="testCases.Transaction.TC_001_Create_Transaction" name="createTransaction" time="1.303"/>
  <testcase classname="testCases.Transaction.TC_001_Create_Transaction" name="assertEmptyResponseBody" time="0.001"/>
  <testcase classname="testCases.Transaction.TC_001_Create_Transaction" name="assertResponseTime" time="0.001"/>
  <testcase classname="testCases.Transaction.TC_001_Create_Transaction" name="assertStatusCode" time="0.01"/>
  <testcase classname="testCases.Transaction.TC_001_Create_Transaction" name="checkResultAsExpected" time="0.018"/>
  <testcase classname="testCases.Transaction.TC_001_Create_Transaction" name="createTransaction" time="1.687"/>
  <testcase classname="testCases.Transaction.TC_001_Create_Transaction" name="assertEmptyResponseBody" time="0.001"/>
  <testcase classname="testCases.Transaction.TC_001_Create_Transaction" name="assertResponseTime" time="0.0"/>
  <testcase classname="testCases.Transaction.TC_001_Create_Transaction" name="assertStatusCode" time="0.009"/>
  <testcase classname="testCases.Transaction.TC_001_Create_Transaction" name="checkResultAsExpected" time="0.02"/>
</testsuite> <!-- SigmaCardAPITestCreateTransaction -->
