<?xml version="1.0" encoding="UTF-8"?>
<!-- Generated by org.testng.reporters.JUnitXMLReporter -->
<testsuite ignored="0" hostname="dnid0006l01.local" failures="0" tests="23" name="SigmaCardAPITestTopUpEMoney" time="8.586" errors="0" timestamp="14 May 2020 10:45:39 GMT">
  <testcase classname="testCases.TopUpEMoneyCard.TC_001_Create_Card" name="assertEmptyResponseBody" time="0.013"/>
  <testcase classname="testCases.TopUpEMoneyCard.TC_001_Create_Card" name="assertResponseTime" time="0.001"/>
  <testcase classname="testCases.TopUpEMoneyCard.TC_001_Create_Card" name="assertStatusCode" time="0.002"/>
  <testcase classname="testCases.TopUpEMoneyCard.TC_001_Create_Card" name="assertStatusLine" time="0.001"/>
  <testcase classname="testCases.TopUpEMoneyCard.TC_001_Create_Card" name="checkResultAsExpected" time="0.205"/>
  <testcase classname="testCases.TopUpEMoneyCard.TC_002_Check_Card_Exists" name="assertEmptyResponseBody" time="0.014"/>
  <testcase classname="testCases.TopUpEMoneyCard.TC_002_Check_Card_Exists" name="assertResponseTime" time="0.001"/>
  <testcase classname="testCases.TopUpEMoneyCard.TC_002_Check_Card_Exists" name="assertStatusCode" time="0.002"/>
  <testcase classname="testCases.TopUpEMoneyCard.TC_002_Check_Card_Exists" name="assertStatusLine" time="0.001"/>
  <testcase classname="testCases.TopUpEMoneyCard.TC_002_Check_Card_Exists" name="checkResultAsExpected" time="0.0"/>
  <testcase classname="testCases.TopUpEMoneyCard.TC_003_Check_Card_Not_Exists" name="assertEmptyResponseBody" time="0.011"/>
  <testcase classname="testCases.TopUpEMoneyCard.TC_003_Check_Card_Not_Exists" name="assertResponseTime" time="0.001"/>
  <testcase classname="testCases.TopUpEMoneyCard.TC_003_Check_Card_Not_Exists" name="assertStatusCode" time="0.001"/>
  <testcase classname="testCases.TopUpEMoneyCard.TC_003_Check_Card_Not_Exists" name="checkResultAsExpected" time="0.001"/>
  <testcase classname="testCases.TopUpEMoneyCard.TC_004_Top_Up_Card" name="assertEmptyResponseBody" time="0.002"/>
  <testcase classname="testCases.TopUpEMoneyCard.TC_004_Top_Up_Card" name="assertResponseTime" time="0.001"/>
  <testcase classname="testCases.TopUpEMoneyCard.TC_004_Top_Up_Card" name="assertStatusCode" time="0.001"/>
  <testcase classname="testCases.TopUpEMoneyCard.TC_004_Top_Up_Card" name="assertStatusLine" time="0.001"/>
  <testcase classname="testCases.TopUpEMoneyCard.TC_004_Top_Up_Card" name="checkResultAsExpected" time="0.0"/>
  <testcase classname="testCases.TopUpEMoneyCard.TC_005_Create_Card_Duplicate" name="assertEmptyResponseBody" time="0.002"/>
  <testcase classname="testCases.TopUpEMoneyCard.TC_005_Create_Card_Duplicate" name="assertResponseTime" time="0.003"/>
  <testcase classname="testCases.TopUpEMoneyCard.TC_005_Create_Card_Duplicate" name="assertStatusCode" time="0.001"/>
  <testcase classname="testCases.TopUpEMoneyCard.TC_005_Create_Card_Duplicate" name="checkResultAsExpected" time="0.001"/>
</testsuite> <!-- SigmaCardAPITestTopUpEMoney -->
