<?xml version="1.0" encoding="UTF-8"?>
<testng-results skipped="0" failed="0" ignored="0" total="3" passed="3">
  <reporter-output>
  </reporter-output>
  <suite name="Default suite" duration-ms="25848" started-at="2020-06-14T04:38:12Z" finished-at="2020-06-14T04:38:38Z">
    <groups>
    </groups>
    <test name="Default test" duration-ms="25848" started-at="2020-06-14T04:38:12Z" finished-at="2020-06-14T04:38:38Z">
      <class name="remoteService.promotion.TC_Remote_Service_GetVoucherPromotion">
        <test-method status="PASS" signature="setup()[pri:0, instance:remoteService.promotion.TC_Remote_Service_GetVoucherPromotion@2aa5fe93]" name="setup" is-config="true" duration-ms="58" started-at="2020-06-14T04:38:12Z" finished-at="2020-06-14T04:38:12Z">
          <reporter-output>
          </reporter-output>
        </test-method> <!-- setup -->
        <test-method status="PASS" signature="beforeClass()[pri:0, instance:remoteService.promotion.TC_Remote_Service_GetVoucherPromotion@2aa5fe93]" name="beforeClass" is-config="true" duration-ms="23094" started-at="2020-06-14T04:38:12Z" finished-at="2020-06-14T04:38:35Z">
          <reporter-output>
          </reporter-output>
        </test-method> <!-- beforeClass -->
        <test-method status="PASS" signature="testPromotionVouchers()[pri:0, instance:remoteService.promotion.TC_Remote_Service_GetVoucherPromotion@2aa5fe93]" name="testPromotionVouchers" duration-ms="2664" started-at="2020-06-14T04:38:35Z" finished-at="2020-06-14T04:38:38Z">
          <reporter-output>
          </reporter-output>
        </test-method> <!-- testPromotionVouchers -->
        <test-method status="PASS" signature="checkData()[pri:0, instance:remoteService.promotion.TC_Remote_Service_GetVoucherPromotion@2aa5fe93]" name="checkData" duration-ms="1" started-at="2020-06-14T04:38:38Z" depends-on-methods="remoteService.promotion.TC_Remote_Service_GetVoucherPromotion.testPromotionVouchers" finished-at="2020-06-14T04:38:38Z">
          <reporter-output>
          </reporter-output>
        </test-method> <!-- checkData -->
        <test-method status="PASS" signature="checkDB()[pri:0, instance:remoteService.promotion.TC_Remote_Service_GetVoucherPromotion@2aa5fe93]" name="checkDB" duration-ms="2" started-at="2020-06-14T04:38:38Z" depends-on-methods="remoteService.promotion.TC_Remote_Service_GetVoucherPromotion.checkData" finished-at="2020-06-14T04:38:38Z">
          <reporter-output>
          </reporter-output>
        </test-method> <!-- checkDB -->
        <test-method status="PASS" signature="afterClass()[pri:0, instance:remoteService.promotion.TC_Remote_Service_GetVoucherPromotion@2aa5fe93]" name="afterClass" is-config="true" duration-ms="0" started-at="2020-06-14T04:38:38Z" finished-at="2020-06-14T04:38:38Z">
          <reporter-output>
          </reporter-output>
        </test-method> <!-- afterClass -->
      </class> <!-- remoteService.promotion.TC_Remote_Service_GetVoucherPromotion -->
    </test> <!-- Default test -->
  </suite> <!-- Default suite -->
</testng-results>
