<?xml version="1.0" encoding="UTF-8"?>
<testng-results skipped="0" failed="0" ignored="0" total="18" passed="18">
  <reporter-output>
  </reporter-output>
  <suite name="DANA Pulsa Suite" duration-ms="169903" started-at="2020-06-16T18:48:21Z" finished-at="2020-06-16T18:51:11Z">
    <groups>
    </groups>
    <test name="DanaPulsaServiceTestVouchers" duration-ms="169903" started-at="2020-06-16T18:48:21Z" finished-at="2020-06-16T18:51:11Z">
      <class name="testCases.voucher.TC_Voucher_Details">
        <test-method status="PASS" signature="setup()[pri:0, instance:testCases.voucher.TC_Voucher_Details@77eca502]" name="setup" is-config="true" duration-ms="52" started-at="2020-06-16T18:48:21Z" finished-at="2020-06-16T18:48:21Z">
          <reporter-output>
          </reporter-output>
        </test-method> <!-- setup -->
        <test-method status="PASS" signature="beforeClass()[pri:0, instance:testCases.voucher.TC_Voucher_Details@77eca502]" name="beforeClass" is-config="true" duration-ms="27934" started-at="2020-06-16T18:48:21Z" finished-at="2020-06-16T18:48:49Z">
          <reporter-output>
          </reporter-output>
        </test-method> <!-- beforeClass -->
        <test-method status="PASS" signature="testVoucherDetails()[pri:0, instance:testCases.voucher.TC_Voucher_Details@140c9f39]" name="testVoucherDetails" duration-ms="2476" started-at="2020-06-16T18:48:49Z" finished-at="2020-06-16T18:48:52Z">
          <reporter-output>
          </reporter-output>
        </test-method> <!-- testVoucherDetails -->
        <test-method status="PASS" signature="checkData()[pri:0, instance:testCases.voucher.TC_Voucher_Details@140c9f39]" name="checkData" duration-ms="18" started-at="2020-06-16T18:48:52Z" depends-on-methods="testCases.voucher.TC_Voucher_Details.testVoucherDetails" finished-at="2020-06-16T18:48:52Z">
          <reporter-output>
          </reporter-output>
        </test-method> <!-- checkData -->
        <test-method status="PASS" signature="checkDB()[pri:0, instance:testCases.voucher.TC_Voucher_Details@140c9f39]" name="checkDB" duration-ms="5748" started-at="2020-06-16T18:48:52Z" depends-on-methods="testCases.voucher.TC_Voucher_Details.checkData" finished-at="2020-06-16T18:48:58Z">
          <reporter-output>
          </reporter-output>
        </test-method> <!-- checkDB -->
        <test-method status="PASS" signature="afterClass()[pri:0, instance:testCases.voucher.TC_Voucher_Details@77eca502]" name="afterClass" is-config="true" duration-ms="9329" started-at="2020-06-16T18:48:58Z" finished-at="2020-06-16T18:49:07Z">
          <reporter-output>
          </reporter-output>
        </test-method> <!-- afterClass -->
        <test-method status="PASS" signature="setup()[pri:0, instance:testCases.voucher.TC_Voucher_Details@77eca502]" name="setup" is-config="true" duration-ms="2" started-at="2020-06-16T18:49:07Z" finished-at="2020-06-16T18:49:07Z">
          <reporter-output>
          </reporter-output>
        </test-method> <!-- setup -->
        <test-method status="PASS" signature="beforeClass()[pri:0, instance:testCases.voucher.TC_Voucher_Details@77eca502]" name="beforeClass" is-config="true" duration-ms="27131" started-at="2020-06-16T18:49:07Z" finished-at="2020-06-16T18:49:34Z">
          <reporter-output>
          </reporter-output>
        </test-method> <!-- beforeClass -->
        <test-method status="PASS" signature="testVoucherDetails()[pri:0, instance:testCases.voucher.TC_Voucher_Details@1f97cf0d]" name="testVoucherDetails" duration-ms="1808" started-at="2020-06-16T18:49:34Z" finished-at="2020-06-16T18:49:36Z">
          <reporter-output>
          </reporter-output>
        </test-method> <!-- testVoucherDetails -->
        <test-method status="PASS" signature="checkData()[pri:0, instance:testCases.voucher.TC_Voucher_Details@1f97cf0d]" name="checkData" duration-ms="10" started-at="2020-06-16T18:49:36Z" depends-on-methods="testCases.voucher.TC_Voucher_Details.testVoucherDetails" finished-at="2020-06-16T18:49:36Z">
          <reporter-output>
          </reporter-output>
        </test-method> <!-- checkData -->
        <test-method status="PASS" signature="checkDB()[pri:0, instance:testCases.voucher.TC_Voucher_Details@1f97cf0d]" name="checkDB" duration-ms="4695" started-at="2020-06-16T18:49:36Z" depends-on-methods="testCases.voucher.TC_Voucher_Details.checkData" finished-at="2020-06-16T18:49:41Z">
          <reporter-output>
          </reporter-output>
        </test-method> <!-- checkDB -->
        <test-method status="PASS" signature="afterClass()[pri:0, instance:testCases.voucher.TC_Voucher_Details@77eca502]" name="afterClass" is-config="true" duration-ms="9047" started-at="2020-06-16T18:49:41Z" finished-at="2020-06-16T18:49:50Z">
          <reporter-output>
          </reporter-output>
        </test-method> <!-- afterClass -->
        <test-method status="PASS" signature="setup()[pri:0, instance:testCases.voucher.TC_Voucher_Details@77eca502]" name="setup" is-config="true" duration-ms="2" started-at="2020-06-16T18:49:50Z" finished-at="2020-06-16T18:49:50Z">
          <reporter-output>
          </reporter-output>
        </test-method> <!-- setup -->
        <test-method status="PASS" signature="beforeClass()[pri:0, instance:testCases.voucher.TC_Voucher_Details@77eca502]" name="beforeClass" is-config="true" duration-ms="0" started-at="2020-06-16T18:49:50Z" finished-at="2020-06-16T18:49:50Z">
          <reporter-output>
          </reporter-output>
        </test-method> <!-- beforeClass -->
        <test-method status="PASS" signature="testVoucherDetails()[pri:0, instance:testCases.voucher.TC_Voucher_Details@26275bef]" name="testVoucherDetails" duration-ms="625" started-at="2020-06-16T18:49:50Z" finished-at="2020-06-16T18:49:50Z">
          <reporter-output>
          </reporter-output>
        </test-method> <!-- testVoucherDetails -->
        <test-method status="PASS" signature="checkData()[pri:0, instance:testCases.voucher.TC_Voucher_Details@26275bef]" name="checkData" duration-ms="1" started-at="2020-06-16T18:49:50Z" depends-on-methods="testCases.voucher.TC_Voucher_Details.testVoucherDetails" finished-at="2020-06-16T18:49:50Z">
          <reporter-output>
          </reporter-output>
        </test-method> <!-- checkData -->
        <test-method status="PASS" signature="checkDB()[pri:0, instance:testCases.voucher.TC_Voucher_Details@26275bef]" name="checkDB" duration-ms="0" started-at="2020-06-16T18:49:50Z" depends-on-methods="testCases.voucher.TC_Voucher_Details.checkData" finished-at="2020-06-16T18:49:50Z">
          <reporter-output>
          </reporter-output>
        </test-method> <!-- checkDB -->
        <test-method status="PASS" signature="afterClass()[pri:0, instance:testCases.voucher.TC_Voucher_Details@77eca502]" name="afterClass" is-config="true" duration-ms="1" started-at="2020-06-16T18:49:50Z" finished-at="2020-06-16T18:49:50Z">
          <reporter-output>
          </reporter-output>
        </test-method> <!-- afterClass -->
        <test-method status="PASS" signature="setup()[pri:0, instance:testCases.voucher.TC_Voucher_Details@77eca502]" name="setup" is-config="true" duration-ms="2" started-at="2020-06-16T18:49:50Z" finished-at="2020-06-16T18:49:50Z">
          <reporter-output>
          </reporter-output>
        </test-method> <!-- setup -->
        <test-method status="PASS" signature="beforeClass()[pri:0, instance:testCases.voucher.TC_Voucher_Details@77eca502]" name="beforeClass" is-config="true" duration-ms="1" started-at="2020-06-16T18:49:50Z" finished-at="2020-06-16T18:49:50Z">
          <reporter-output>
          </reporter-output>
        </test-method> <!-- beforeClass -->
        <test-method status="PASS" signature="testVoucherDetails()[pri:0, instance:testCases.voucher.TC_Voucher_Details@4d910fd6]" name="testVoucherDetails" duration-ms="1014" started-at="2020-06-16T18:49:50Z" finished-at="2020-06-16T18:49:51Z">
          <reporter-output>
          </reporter-output>
        </test-method> <!-- testVoucherDetails -->
        <test-method status="PASS" signature="checkData()[pri:0, instance:testCases.voucher.TC_Voucher_Details@4d910fd6]" name="checkData" duration-ms="1" started-at="2020-06-16T18:49:51Z" depends-on-methods="testCases.voucher.TC_Voucher_Details.testVoucherDetails" finished-at="2020-06-16T18:49:51Z">
          <reporter-output>
          </reporter-output>
        </test-method> <!-- checkData -->
        <test-method status="PASS" signature="checkDB()[pri:0, instance:testCases.voucher.TC_Voucher_Details@4d910fd6]" name="checkDB" duration-ms="1" started-at="2020-06-16T18:49:51Z" depends-on-methods="testCases.voucher.TC_Voucher_Details.checkData" finished-at="2020-06-16T18:49:51Z">
          <reporter-output>
          </reporter-output>
        </test-method> <!-- checkDB -->
        <test-method status="PASS" signature="setup()[pri:0, instance:testCases.voucher.TC_Voucher_Details@77eca502]" name="setup" is-config="true" duration-ms="1" started-at="2020-06-16T18:49:51Z" finished-at="2020-06-16T18:49:51Z">
          <reporter-output>
          </reporter-output>
        </test-method> <!-- setup -->
        <test-method status="PASS" signature="afterClass()[pri:0, instance:testCases.voucher.TC_Voucher_Details@77eca502]" name="afterClass" is-config="true" duration-ms="0" started-at="2020-06-16T18:49:51Z" finished-at="2020-06-16T18:49:51Z">
          <reporter-output>
          </reporter-output>
        </test-method> <!-- afterClass -->
        <test-method status="PASS" signature="beforeClass()[pri:0, instance:testCases.voucher.TC_Voucher_Details@77eca502]" name="beforeClass" is-config="true" duration-ms="28244" started-at="2020-06-16T18:49:51Z" finished-at="2020-06-16T18:50:19Z">
          <reporter-output>
          </reporter-output>
        </test-method> <!-- beforeClass -->
        <test-method status="PASS" signature="testVoucherDetails()[pri:0, instance:testCases.voucher.TC_Voucher_Details@7690781]" name="testVoucherDetails" duration-ms="1845" started-at="2020-06-16T18:50:19Z" finished-at="2020-06-16T18:50:21Z">
          <reporter-output>
          </reporter-output>
        </test-method> <!-- testVoucherDetails -->
        <test-method status="PASS" signature="checkData()[pri:0, instance:testCases.voucher.TC_Voucher_Details@7690781]" name="checkData" duration-ms="1" started-at="2020-06-16T18:50:21Z" depends-on-methods="testCases.voucher.TC_Voucher_Details.testVoucherDetails" finished-at="2020-06-16T18:50:21Z">
          <reporter-output>
          </reporter-output>
        </test-method> <!-- checkData -->
        <test-method status="PASS" signature="checkDB()[pri:0, instance:testCases.voucher.TC_Voucher_Details@7690781]" name="checkDB" duration-ms="1" started-at="2020-06-16T18:50:21Z" depends-on-methods="testCases.voucher.TC_Voucher_Details.checkData" finished-at="2020-06-16T18:50:21Z">
          <reporter-output>
          </reporter-output>
        </test-method> <!-- checkDB -->
        <test-method status="PASS" signature="afterClass()[pri:0, instance:testCases.voucher.TC_Voucher_Details@77eca502]" name="afterClass" is-config="true" duration-ms="9821" started-at="2020-06-16T18:50:21Z" finished-at="2020-06-16T18:50:31Z">
          <reporter-output>
          </reporter-output>
        </test-method> <!-- afterClass -->
        <test-method status="PASS" signature="setup()[pri:0, instance:testCases.voucher.TC_Voucher_Details@77eca502]" name="setup" is-config="true" duration-ms="2" started-at="2020-06-16T18:50:31Z" finished-at="2020-06-16T18:50:31Z">
          <reporter-output>
          </reporter-output>
        </test-method> <!-- setup -->
        <test-method status="PASS" signature="beforeClass()[pri:0, instance:testCases.voucher.TC_Voucher_Details@77eca502]" name="beforeClass" is-config="true" duration-ms="28853" started-at="2020-06-16T18:50:31Z" finished-at="2020-06-16T18:51:00Z">
          <reporter-output>
          </reporter-output>
        </test-method> <!-- beforeClass -->
        <test-method status="PASS" signature="testVoucherDetails()[pri:0, instance:testCases.voucher.TC_Voucher_Details@77eca502]" name="testVoucherDetails" duration-ms="607" started-at="2020-06-16T18:51:00Z" finished-at="2020-06-16T18:51:01Z">
          <reporter-output>
          </reporter-output>
        </test-method> <!-- testVoucherDetails -->
        <test-method status="PASS" signature="checkData()[pri:0, instance:testCases.voucher.TC_Voucher_Details@77eca502]" name="checkData" duration-ms="1" started-at="2020-06-16T18:51:01Z" depends-on-methods="testCases.voucher.TC_Voucher_Details.testVoucherDetails" finished-at="2020-06-16T18:51:01Z">
          <reporter-output>
          </reporter-output>
        </test-method> <!-- checkData -->
        <test-method status="PASS" signature="checkDB()[pri:0, instance:testCases.voucher.TC_Voucher_Details@77eca502]" name="checkDB" duration-ms="1" started-at="2020-06-16T18:51:01Z" depends-on-methods="testCases.voucher.TC_Voucher_Details.checkData" finished-at="2020-06-16T18:51:01Z">
          <reporter-output>
          </reporter-output>
        </test-method> <!-- checkDB -->
        <test-method status="PASS" signature="afterClass()[pri:0, instance:testCases.voucher.TC_Voucher_Details@77eca502]" name="afterClass" is-config="true" duration-ms="10571" started-at="2020-06-16T18:51:01Z" finished-at="2020-06-16T18:51:11Z">
          <reporter-output>
          </reporter-output>
        </test-method> <!-- afterClass -->
      </class> <!-- testCases.voucher.TC_Voucher_Details -->
    </test> <!-- DanaPulsaServiceTestVouchers -->
  </suite> <!-- DANA Pulsa Suite -->
</testng-results>
