<?xml version="1.0" encoding="UTF-8"?>
<testng-results skipped="0" failed="0" ignored="0" total="12" passed="12">
  <reporter-output>
  </reporter-output>
  <suite name="DANA Pulsa Suite" duration-ms="346959" started-at="2020-06-17T17:08:58Z" finished-at="2020-06-17T17:14:45Z">
    <groups>
    </groups>
    <test name="DanaPulsaTestIntegrationVoucher" duration-ms="346959" started-at="2020-06-17T17:08:58Z" finished-at="2020-06-17T17:14:45Z">
      <class name="integrationtest.voucher.TC_Integration_MyVoucher">
        <test-method status="PASS" signature="setup()[pri:0, instance:integrationtest.voucher.TC_Integration_MyVoucher@524d6d96]" name="setup" is-config="true" duration-ms="82" started-at="2020-06-17T17:08:59Z" finished-at="2020-06-17T17:08:59Z">
          <reporter-output>
          </reporter-output>
        </test-method> <!-- setup -->
        <test-method status="PASS" signature="beforeClass()[pri:0, instance:integrationtest.voucher.TC_Integration_MyVoucher@524d6d96]" name="beforeClass" is-config="true" duration-ms="90424" started-at="2020-06-17T17:08:59Z" finished-at="2020-06-17T17:10:29Z">
          <reporter-output>
          </reporter-output>
        </test-method> <!-- beforeClass -->
        <test-method status="PASS" signature="testMyVouchers()[pri:0, instance:integrationtest.voucher.TC_Integration_MyVoucher@2525ff7e]" name="testMyVouchers" duration-ms="4791" started-at="2020-06-17T17:10:29Z" finished-at="2020-06-17T17:10:34Z">
          <reporter-output>
          </reporter-output>
        </test-method> <!-- testMyVouchers -->
        <test-method status="PASS" signature="checkData()[pri:0, instance:integrationtest.voucher.TC_Integration_MyVoucher@2525ff7e]" name="checkData" duration-ms="28" started-at="2020-06-17T17:10:34Z" depends-on-methods="integrationtest.voucher.TC_Integration_MyVoucher.testMyVouchers" finished-at="2020-06-17T17:10:34Z">
          <reporter-output>
          </reporter-output>
        </test-method> <!-- checkData -->
        <test-method status="PASS" signature="checkDB()[pri:0, instance:integrationtest.voucher.TC_Integration_MyVoucher@2525ff7e]" name="checkDB" duration-ms="5988" started-at="2020-06-17T17:10:34Z" depends-on-methods="integrationtest.voucher.TC_Integration_MyVoucher.checkData" finished-at="2020-06-17T17:10:40Z">
          <reporter-output>
          </reporter-output>
        </test-method> <!-- checkDB -->
        <test-method status="PASS" signature="afterClass()[pri:0, instance:integrationtest.voucher.TC_Integration_MyVoucher@524d6d96]" name="afterClass" is-config="true" duration-ms="17855" started-at="2020-06-17T17:10:40Z" finished-at="2020-06-17T17:10:58Z">
          <reporter-output>
          </reporter-output>
        </test-method> <!-- afterClass -->
        <test-method status="PASS" signature="setup()[pri:0, instance:integrationtest.voucher.TC_Integration_MyVoucher@524d6d96]" name="setup" is-config="true" duration-ms="2" started-at="2020-06-17T17:10:58Z" finished-at="2020-06-17T17:10:58Z">
          <reporter-output>
          </reporter-output>
        </test-method> <!-- setup -->
        <test-method status="PASS" signature="beforeClass()[pri:0, instance:integrationtest.voucher.TC_Integration_MyVoucher@524d6d96]" name="beforeClass" is-config="true" duration-ms="24002" started-at="2020-06-17T17:10:58Z" finished-at="2020-06-17T17:11:22Z">
          <reporter-output>
          </reporter-output>
        </test-method> <!-- beforeClass -->
        <test-method status="PASS" signature="testMyVouchers()[pri:0, instance:integrationtest.voucher.TC_Integration_MyVoucher@2e1d27ba]" name="testMyVouchers" duration-ms="4164" started-at="2020-06-17T17:11:22Z" finished-at="2020-06-17T17:11:26Z">
          <reporter-output>
          </reporter-output>
        </test-method> <!-- testMyVouchers -->
        <test-method status="PASS" signature="checkData()[pri:0, instance:integrationtest.voucher.TC_Integration_MyVoucher@2e1d27ba]" name="checkData" duration-ms="1" started-at="2020-06-17T17:11:26Z" depends-on-methods="integrationtest.voucher.TC_Integration_MyVoucher.testMyVouchers" finished-at="2020-06-17T17:11:26Z">
          <reporter-output>
          </reporter-output>
        </test-method> <!-- checkData -->
        <test-method status="PASS" signature="checkDB()[pri:0, instance:integrationtest.voucher.TC_Integration_MyVoucher@2e1d27ba]" name="checkDB" duration-ms="5935" started-at="2020-06-17T17:11:26Z" depends-on-methods="integrationtest.voucher.TC_Integration_MyVoucher.checkData" finished-at="2020-06-17T17:11:32Z">
          <reporter-output>
          </reporter-output>
        </test-method> <!-- checkDB -->
        <test-method status="PASS" signature="afterClass()[pri:0, instance:integrationtest.voucher.TC_Integration_MyVoucher@524d6d96]" name="afterClass" is-config="true" duration-ms="16942" started-at="2020-06-17T17:11:32Z" finished-at="2020-06-17T17:11:49Z">
          <reporter-output>
          </reporter-output>
        </test-method> <!-- afterClass -->
        <test-method status="PASS" signature="setup()[pri:0, instance:integrationtest.voucher.TC_Integration_MyVoucher@524d6d96]" name="setup" is-config="true" duration-ms="2" started-at="2020-06-17T17:11:49Z" finished-at="2020-06-17T17:11:49Z">
          <reporter-output>
          </reporter-output>
        </test-method> <!-- setup -->
        <test-method status="PASS" signature="beforeClass()[pri:0, instance:integrationtest.voucher.TC_Integration_MyVoucher@524d6d96]" name="beforeClass" is-config="true" duration-ms="88415" started-at="2020-06-17T17:11:49Z" finished-at="2020-06-17T17:13:17Z">
          <reporter-output>
          </reporter-output>
        </test-method> <!-- beforeClass -->
        <test-method status="PASS" signature="testMyVouchers()[pri:0, instance:integrationtest.voucher.TC_Integration_MyVoucher@524d6d96]" name="testMyVouchers" duration-ms="4620" started-at="2020-06-17T17:13:17Z" finished-at="2020-06-17T17:13:22Z">
          <reporter-output>
          </reporter-output>
        </test-method> <!-- testMyVouchers -->
        <test-method status="PASS" signature="checkData()[pri:0, instance:integrationtest.voucher.TC_Integration_MyVoucher@524d6d96]" name="checkData" duration-ms="9" started-at="2020-06-17T17:13:22Z" depends-on-methods="integrationtest.voucher.TC_Integration_MyVoucher.testMyVouchers" finished-at="2020-06-17T17:13:22Z">
          <reporter-output>
          </reporter-output>
        </test-method> <!-- checkData -->
        <test-method status="PASS" signature="checkDB()[pri:0, instance:integrationtest.voucher.TC_Integration_MyVoucher@524d6d96]" name="checkDB" duration-ms="6354" started-at="2020-06-17T17:13:22Z" depends-on-methods="integrationtest.voucher.TC_Integration_MyVoucher.checkData" finished-at="2020-06-17T17:13:28Z">
          <reporter-output>
          </reporter-output>
        </test-method> <!-- checkDB -->
        <test-method status="PASS" signature="afterClass()[pri:0, instance:integrationtest.voucher.TC_Integration_MyVoucher@524d6d96]" name="afterClass" is-config="true" duration-ms="18089" started-at="2020-06-17T17:13:28Z" finished-at="2020-06-17T17:13:46Z">
          <reporter-output>
          </reporter-output>
        </test-method> <!-- afterClass -->
        <test-method status="PASS" signature="setup()[pri:0, instance:integrationtest.voucher.TC_Integration_MyVoucher@524d6d96]" name="setup" is-config="true" duration-ms="3" started-at="2020-06-17T17:13:46Z" finished-at="2020-06-17T17:13:46Z">
          <reporter-output>
          </reporter-output>
        </test-method> <!-- setup -->
        <test-method status="PASS" signature="beforeClass()[pri:0, instance:integrationtest.voucher.TC_Integration_MyVoucher@524d6d96]" name="beforeClass" is-config="true" duration-ms="30320" started-at="2020-06-17T17:13:46Z" finished-at="2020-06-17T17:14:17Z">
          <reporter-output>
          </reporter-output>
        </test-method> <!-- beforeClass -->
        <test-method status="PASS" signature="testMyVouchers()[pri:0, instance:integrationtest.voucher.TC_Integration_MyVoucher@61d6015a]" name="testMyVouchers" duration-ms="4187" started-at="2020-06-17T17:14:17Z" finished-at="2020-06-17T17:14:21Z">
          <reporter-output>
          </reporter-output>
        </test-method> <!-- testMyVouchers -->
        <test-method status="PASS" signature="checkData()[pri:0, instance:integrationtest.voucher.TC_Integration_MyVoucher@61d6015a]" name="checkData" duration-ms="10" started-at="2020-06-17T17:14:21Z" depends-on-methods="integrationtest.voucher.TC_Integration_MyVoucher.testMyVouchers" finished-at="2020-06-17T17:14:21Z">
          <reporter-output>
          </reporter-output>
        </test-method> <!-- checkData -->
        <test-method status="PASS" signature="checkDB()[pri:0, instance:integrationtest.voucher.TC_Integration_MyVoucher@61d6015a]" name="checkDB" duration-ms="6513" started-at="2020-06-17T17:14:21Z" depends-on-methods="integrationtest.voucher.TC_Integration_MyVoucher.checkData" finished-at="2020-06-17T17:14:27Z">
          <reporter-output>
          </reporter-output>
        </test-method> <!-- checkDB -->
        <test-method status="PASS" signature="afterClass()[pri:0, instance:integrationtest.voucher.TC_Integration_MyVoucher@524d6d96]" name="afterClass" is-config="true" duration-ms="18155" started-at="2020-06-17T17:14:27Z" finished-at="2020-06-17T17:14:45Z">
          <reporter-output>
          </reporter-output>
        </test-method> <!-- afterClass -->
      </class> <!-- integrationtest.voucher.TC_Integration_MyVoucher -->
    </test> <!-- DanaPulsaTestIntegrationVoucher -->
  </suite> <!-- DANA Pulsa Suite -->
</testng-results>
