<?xml version="1.0" encoding="UTF-8"?>
<testng-results skipped="0" failed="0" ignored="0" total="15" passed="15">
  <reporter-output>
  </reporter-output>
  <suite name="DANA Pulsa Suite" duration-ms="216254" started-at="2020-06-16T08:21:46Z" finished-at="2020-06-16T08:25:22Z">
    <groups>
    </groups>
    <test name="DanaPulsaServiceTestOrder" duration-ms="216254" started-at="2020-06-16T08:21:46Z" finished-at="2020-06-16T08:25:22Z">
      <class name="remoteService.order.TC_Remote_Service_GetRecentNumber">
        <test-method status="PASS" signature="setup()[pri:0, instance:remoteService.order.TC_Remote_Service_GetRecentNumber@61386958]" name="setup" is-config="true" duration-ms="51" started-at="2020-06-16T08:21:46Z" finished-at="2020-06-16T08:21:46Z">
          <reporter-output>
          </reporter-output>
        </test-method> <!-- setup -->
        <test-method status="PASS" signature="beforeClass()[pri:0, instance:remoteService.order.TC_Remote_Service_GetRecentNumber@61386958]" name="beforeClass" is-config="true" duration-ms="4" started-at="2020-06-16T08:21:46Z" finished-at="2020-06-16T08:21:46Z">
          <reporter-output>
          </reporter-output>
        </test-method> <!-- beforeClass -->
        <test-method status="PASS" signature="testRecentNumber()[pri:0, instance:remoteService.order.TC_Remote_Service_GetRecentNumber@2e222612]" name="testRecentNumber" duration-ms="5031" started-at="2020-06-16T08:21:46Z" finished-at="2020-06-16T08:21:51Z">
          <reporter-output>
          </reporter-output>
        </test-method> <!-- testRecentNumber -->
        <test-method status="PASS" signature="checkData()[pri:0, instance:remoteService.order.TC_Remote_Service_GetRecentNumber@2e222612]" name="checkData" duration-ms="3" started-at="2020-06-16T08:21:51Z" depends-on-methods="remoteService.order.TC_Remote_Service_GetRecentNumber.testRecentNumber" finished-at="2020-06-16T08:21:51Z">
          <reporter-output>
          </reporter-output>
        </test-method> <!-- checkData -->
        <test-method status="PASS" signature="checkDB()[pri:0, instance:remoteService.order.TC_Remote_Service_GetRecentNumber@2e222612]" name="checkDB" duration-ms="1" started-at="2020-06-16T08:21:51Z" depends-on-methods="remoteService.order.TC_Remote_Service_GetRecentNumber.checkData" finished-at="2020-06-16T08:21:51Z">
          <reporter-output>
          </reporter-output>
        </test-method> <!-- checkDB -->
        <test-method status="PASS" signature="afterClass()[pri:0, instance:remoteService.order.TC_Remote_Service_GetRecentNumber@61386958]" name="afterClass" is-config="true" duration-ms="2" started-at="2020-06-16T08:21:51Z" finished-at="2020-06-16T08:21:51Z">
          <reporter-output>
          </reporter-output>
        </test-method> <!-- afterClass -->
        <test-method status="PASS" signature="setup()[pri:0, instance:remoteService.order.TC_Remote_Service_GetRecentNumber@61386958]" name="setup" is-config="true" duration-ms="1" started-at="2020-06-16T08:21:51Z" finished-at="2020-06-16T08:21:51Z">
          <reporter-output>
          </reporter-output>
        </test-method> <!-- setup -->
        <test-method status="PASS" signature="beforeClass()[pri:0, instance:remoteService.order.TC_Remote_Service_GetRecentNumber@61386958]" name="beforeClass" is-config="true" duration-ms="80113" started-at="2020-06-16T08:21:51Z" finished-at="2020-06-16T08:23:11Z">
          <reporter-output>
          </reporter-output>
        </test-method> <!-- beforeClass -->
        <test-method status="PASS" signature="testRecentNumber()[pri:0, instance:remoteService.order.TC_Remote_Service_GetRecentNumber@3246fb96]" name="testRecentNumber" duration-ms="4511" started-at="2020-06-16T08:23:11Z" finished-at="2020-06-16T08:23:16Z">
          <reporter-output>
          </reporter-output>
        </test-method> <!-- testRecentNumber -->
        <test-method status="PASS" signature="checkData()[pri:0, instance:remoteService.order.TC_Remote_Service_GetRecentNumber@3246fb96]" name="checkData" duration-ms="156" started-at="2020-06-16T08:23:16Z" depends-on-methods="remoteService.order.TC_Remote_Service_GetRecentNumber.testRecentNumber" finished-at="2020-06-16T08:23:16Z">
          <reporter-output>
          </reporter-output>
        </test-method> <!-- checkData -->
        <test-method status="PASS" signature="checkDB()[pri:0, instance:remoteService.order.TC_Remote_Service_GetRecentNumber@3246fb96]" name="checkDB" duration-ms="5203" started-at="2020-06-16T08:23:16Z" depends-on-methods="remoteService.order.TC_Remote_Service_GetRecentNumber.checkData" finished-at="2020-06-16T08:23:21Z">
          <reporter-output>
          </reporter-output>
        </test-method> <!-- checkDB -->
        <test-method status="PASS" signature="afterClass()[pri:0, instance:remoteService.order.TC_Remote_Service_GetRecentNumber@61386958]" name="afterClass" is-config="true" duration-ms="15452" started-at="2020-06-16T08:23:21Z" finished-at="2020-06-16T08:23:37Z">
          <reporter-output>
          </reporter-output>
        </test-method> <!-- afterClass -->
        <test-method status="PASS" signature="setup()[pri:0, instance:remoteService.order.TC_Remote_Service_GetRecentNumber@61386958]" name="setup" is-config="true" duration-ms="2" started-at="2020-06-16T08:23:37Z" finished-at="2020-06-16T08:23:37Z">
          <reporter-output>
          </reporter-output>
        </test-method> <!-- setup -->
        <test-method status="PASS" signature="beforeClass()[pri:0, instance:remoteService.order.TC_Remote_Service_GetRecentNumber@61386958]" name="beforeClass" is-config="true" duration-ms="2" started-at="2020-06-16T08:23:37Z" finished-at="2020-06-16T08:23:37Z">
          <reporter-output>
          </reporter-output>
        </test-method> <!-- beforeClass -->
        <test-method status="PASS" signature="testRecentNumber()[pri:0, instance:remoteService.order.TC_Remote_Service_GetRecentNumber@61386958]" name="testRecentNumber" duration-ms="1907" started-at="2020-06-16T08:23:37Z" finished-at="2020-06-16T08:23:39Z">
          <reporter-output>
          </reporter-output>
        </test-method> <!-- testRecentNumber -->
        <test-method status="PASS" signature="checkData()[pri:0, instance:remoteService.order.TC_Remote_Service_GetRecentNumber@61386958]" name="checkData" duration-ms="4" started-at="2020-06-16T08:23:39Z" depends-on-methods="remoteService.order.TC_Remote_Service_GetRecentNumber.testRecentNumber" finished-at="2020-06-16T08:23:39Z">
          <reporter-output>
          </reporter-output>
        </test-method> <!-- checkData -->
        <test-method status="PASS" signature="checkDB()[pri:0, instance:remoteService.order.TC_Remote_Service_GetRecentNumber@61386958]" name="checkDB" duration-ms="1" started-at="2020-06-16T08:23:39Z" depends-on-methods="remoteService.order.TC_Remote_Service_GetRecentNumber.checkData" finished-at="2020-06-16T08:23:39Z">
          <reporter-output>
          </reporter-output>
        </test-method> <!-- checkDB -->
        <test-method status="PASS" signature="afterClass()[pri:0, instance:remoteService.order.TC_Remote_Service_GetRecentNumber@61386958]" name="afterClass" is-config="true" duration-ms="1" started-at="2020-06-16T08:23:39Z" finished-at="2020-06-16T08:23:39Z">
          <reporter-output>
          </reporter-output>
        </test-method> <!-- afterClass -->
        <test-method status="PASS" signature="setup()[pri:0, instance:remoteService.order.TC_Remote_Service_GetRecentNumber@61386958]" name="setup" is-config="true" duration-ms="2" started-at="2020-06-16T08:23:39Z" finished-at="2020-06-16T08:23:39Z">
          <reporter-output>
          </reporter-output>
        </test-method> <!-- setup -->
        <test-method status="PASS" signature="beforeClass()[pri:0, instance:remoteService.order.TC_Remote_Service_GetRecentNumber@61386958]" name="beforeClass" is-config="true" duration-ms="25757" started-at="2020-06-16T08:23:39Z" finished-at="2020-06-16T08:24:04Z">
          <reporter-output>
          </reporter-output>
        </test-method> <!-- beforeClass -->
        <test-method status="PASS" signature="testRecentNumber()[pri:0, instance:remoteService.order.TC_Remote_Service_GetRecentNumber@7690781]" name="testRecentNumber" duration-ms="4082" started-at="2020-06-16T08:24:04Z" finished-at="2020-06-16T08:24:08Z">
          <reporter-output>
          </reporter-output>
        </test-method> <!-- testRecentNumber -->
        <test-method status="PASS" signature="checkData()[pri:0, instance:remoteService.order.TC_Remote_Service_GetRecentNumber@7690781]" name="checkData" duration-ms="1" started-at="2020-06-16T08:24:08Z" depends-on-methods="remoteService.order.TC_Remote_Service_GetRecentNumber.testRecentNumber" finished-at="2020-06-16T08:24:08Z">
          <reporter-output>
          </reporter-output>
        </test-method> <!-- checkData -->
        <test-method status="PASS" signature="checkDB()[pri:0, instance:remoteService.order.TC_Remote_Service_GetRecentNumber@7690781]" name="checkDB" duration-ms="4645" started-at="2020-06-16T08:24:08Z" depends-on-methods="remoteService.order.TC_Remote_Service_GetRecentNumber.checkData" finished-at="2020-06-16T08:24:13Z">
          <reporter-output>
          </reporter-output>
        </test-method> <!-- checkDB -->
        <test-method status="PASS" signature="afterClass()[pri:0, instance:remoteService.order.TC_Remote_Service_GetRecentNumber@61386958]" name="afterClass" is-config="true" duration-ms="15511" started-at="2020-06-16T08:24:13Z" finished-at="2020-06-16T08:24:29Z">
          <reporter-output>
          </reporter-output>
        </test-method> <!-- afterClass -->
        <test-method status="PASS" signature="setup()[pri:0, instance:remoteService.order.TC_Remote_Service_GetRecentNumber@61386958]" name="setup" is-config="true" duration-ms="1" started-at="2020-06-16T08:24:29Z" finished-at="2020-06-16T08:24:29Z">
          <reporter-output>
          </reporter-output>
        </test-method> <!-- setup -->
        <test-method status="PASS" signature="beforeClass()[pri:0, instance:remoteService.order.TC_Remote_Service_GetRecentNumber@61386958]" name="beforeClass" is-config="true" duration-ms="29324" started-at="2020-06-16T08:24:29Z" finished-at="2020-06-16T08:24:58Z">
          <reporter-output>
          </reporter-output>
        </test-method> <!-- beforeClass -->
        <test-method status="PASS" signature="testRecentNumber()[pri:0, instance:remoteService.order.TC_Remote_Service_GetRecentNumber@77eca502]" name="testRecentNumber" duration-ms="4425" started-at="2020-06-16T08:24:58Z" finished-at="2020-06-16T08:25:02Z">
          <reporter-output>
          </reporter-output>
        </test-method> <!-- testRecentNumber -->
        <test-method status="PASS" signature="checkData()[pri:0, instance:remoteService.order.TC_Remote_Service_GetRecentNumber@77eca502]" name="checkData" duration-ms="1" started-at="2020-06-16T08:25:02Z" depends-on-methods="remoteService.order.TC_Remote_Service_GetRecentNumber.testRecentNumber" finished-at="2020-06-16T08:25:02Z">
          <reporter-output>
          </reporter-output>
        </test-method> <!-- checkData -->
        <test-method status="PASS" signature="checkDB()[pri:0, instance:remoteService.order.TC_Remote_Service_GetRecentNumber@77eca502]" name="checkDB" duration-ms="4672" started-at="2020-06-16T08:25:02Z" depends-on-methods="remoteService.order.TC_Remote_Service_GetRecentNumber.checkData" finished-at="2020-06-16T08:25:07Z">
          <reporter-output>
          </reporter-output>
        </test-method> <!-- checkDB -->
        <test-method status="PASS" signature="afterClass()[pri:0, instance:remoteService.order.TC_Remote_Service_GetRecentNumber@61386958]" name="afterClass" is-config="true" duration-ms="15338" started-at="2020-06-16T08:25:07Z" finished-at="2020-06-16T08:25:22Z">
          <reporter-output>
          </reporter-output>
        </test-method> <!-- afterClass -->
      </class> <!-- remoteService.order.TC_Remote_Service_GetRecentNumber -->
    </test> <!-- DanaPulsaServiceTestOrder -->
  </suite> <!-- DANA Pulsa Suite -->
</testng-results>
