<?xml version="1.0" encoding="UTF-8"?>
<testng-results skipped="0" failed="0" ignored="0" total="24" passed="24">
  <reporter-output>
  </reporter-output>
  <suite name="DANA Pulsa Suite" duration-ms="53121" started-at="2020-06-19T12:46:03Z" finished-at="2020-06-19T12:46:56Z">
    <groups>
    </groups>
    <test name="DanaPulsaServiceTestOrder" duration-ms="53121" started-at="2020-06-19T12:46:03Z" finished-at="2020-06-19T12:46:56Z">
      <class name="remoteService.order.TC_Remote_Service_GetProviderById">
        <test-method status="PASS" signature="setup()[pri:0, instance:remoteService.order.TC_Remote_Service_GetProviderById@741a8937]" name="setup" is-config="true" duration-ms="36" started-at="2020-06-19T12:46:03Z" finished-at="2020-06-19T12:46:03Z">
          <reporter-output>
          </reporter-output>
        </test-method> <!-- setup -->
        <test-method status="PASS" signature="beforeClass()[pri:0, instance:remoteService.order.TC_Remote_Service_GetProviderById@741a8937]" name="beforeClass" is-config="true" duration-ms="3" started-at="2020-06-19T12:46:03Z" finished-at="2020-06-19T12:46:03Z">
          <reporter-output>
          </reporter-output>
        </test-method> <!-- beforeClass -->
        <test-method status="PASS" signature="testGetProviderById()[pri:0, instance:remoteService.order.TC_Remote_Service_GetProviderById@21e360a]" name="testGetProviderById" duration-ms="3132" started-at="2020-06-19T12:46:03Z" finished-at="2020-06-19T12:46:06Z">
          <reporter-output>
          </reporter-output>
        </test-method> <!-- testGetProviderById -->
        <test-method status="PASS" signature="checkData()[pri:0, instance:remoteService.order.TC_Remote_Service_GetProviderById@21e360a]" name="checkData" duration-ms="315" started-at="2020-06-19T12:46:06Z" depends-on-methods="remoteService.order.TC_Remote_Service_GetProviderById.testGetProviderById" finished-at="2020-06-19T12:46:06Z">
          <reporter-output>
          </reporter-output>
        </test-method> <!-- checkData -->
        <test-method status="PASS" signature="checkDB()[pri:0, instance:remoteService.order.TC_Remote_Service_GetProviderById@21e360a]" name="checkDB" duration-ms="4895" started-at="2020-06-19T12:46:06Z" depends-on-methods="remoteService.order.TC_Remote_Service_GetProviderById.checkData" finished-at="2020-06-19T12:46:11Z">
          <reporter-output>
          </reporter-output>
        </test-method> <!-- checkDB -->
        <test-method status="PASS" signature="afterClass()[pri:0, instance:remoteService.order.TC_Remote_Service_GetProviderById@741a8937]" name="afterClass" is-config="true" duration-ms="0" started-at="2020-06-19T12:46:11Z" finished-at="2020-06-19T12:46:11Z">
          <reporter-output>
          </reporter-output>
        </test-method> <!-- afterClass -->
        <test-method status="PASS" signature="setup()[pri:0, instance:remoteService.order.TC_Remote_Service_GetProviderById@741a8937]" name="setup" is-config="true" duration-ms="1" started-at="2020-06-19T12:46:11Z" finished-at="2020-06-19T12:46:11Z">
          <reporter-output>
          </reporter-output>
        </test-method> <!-- setup -->
        <test-method status="PASS" signature="beforeClass()[pri:0, instance:remoteService.order.TC_Remote_Service_GetProviderById@741a8937]" name="beforeClass" is-config="true" duration-ms="0" started-at="2020-06-19T12:46:11Z" finished-at="2020-06-19T12:46:11Z">
          <reporter-output>
          </reporter-output>
        </test-method> <!-- beforeClass -->
        <test-method status="PASS" signature="testGetProviderById()[pri:0, instance:remoteService.order.TC_Remote_Service_GetProviderById@2c35e847]" name="testGetProviderById" duration-ms="1880" started-at="2020-06-19T12:46:11Z" finished-at="2020-06-19T12:46:13Z">
          <reporter-output>
          </reporter-output>
        </test-method> <!-- testGetProviderById -->
        <test-method status="PASS" signature="checkData()[pri:0, instance:remoteService.order.TC_Remote_Service_GetProviderById@2c35e847]" name="checkData" duration-ms="21" started-at="2020-06-19T12:46:13Z" depends-on-methods="remoteService.order.TC_Remote_Service_GetProviderById.testGetProviderById" finished-at="2020-06-19T12:46:13Z">
          <reporter-output>
          </reporter-output>
        </test-method> <!-- checkData -->
        <test-method status="PASS" signature="checkDB()[pri:0, instance:remoteService.order.TC_Remote_Service_GetProviderById@2c35e847]" name="checkDB" duration-ms="4926" started-at="2020-06-19T12:46:13Z" depends-on-methods="remoteService.order.TC_Remote_Service_GetProviderById.checkData" finished-at="2020-06-19T12:46:18Z">
          <reporter-output>
          </reporter-output>
        </test-method> <!-- checkDB -->
        <test-method status="PASS" signature="afterClass()[pri:0, instance:remoteService.order.TC_Remote_Service_GetProviderById@741a8937]" name="afterClass" is-config="true" duration-ms="1" started-at="2020-06-19T12:46:18Z" finished-at="2020-06-19T12:46:18Z">
          <reporter-output>
          </reporter-output>
        </test-method> <!-- afterClass -->
        <test-method status="PASS" signature="setup()[pri:0, instance:remoteService.order.TC_Remote_Service_GetProviderById@741a8937]" name="setup" is-config="true" duration-ms="3" started-at="2020-06-19T12:46:18Z" finished-at="2020-06-19T12:46:18Z">
          <reporter-output>
          </reporter-output>
        </test-method> <!-- setup -->
        <test-method status="PASS" signature="beforeClass()[pri:0, instance:remoteService.order.TC_Remote_Service_GetProviderById@741a8937]" name="beforeClass" is-config="true" duration-ms="3" started-at="2020-06-19T12:46:18Z" finished-at="2020-06-19T12:46:18Z">
          <reporter-output>
          </reporter-output>
        </test-method> <!-- beforeClass -->
        <test-method status="PASS" signature="testGetProviderById()[pri:0, instance:remoteService.order.TC_Remote_Service_GetProviderById@58d75e99]" name="testGetProviderById" duration-ms="1533" started-at="2020-06-19T12:46:18Z" finished-at="2020-06-19T12:46:19Z">
          <reporter-output>
          </reporter-output>
        </test-method> <!-- testGetProviderById -->
        <test-method status="PASS" signature="checkData()[pri:0, instance:remoteService.order.TC_Remote_Service_GetProviderById@58d75e99]" name="checkData" duration-ms="23" started-at="2020-06-19T12:46:19Z" depends-on-methods="remoteService.order.TC_Remote_Service_GetProviderById.testGetProviderById" finished-at="2020-06-19T12:46:19Z">
          <reporter-output>
          </reporter-output>
        </test-method> <!-- checkData -->
        <test-method status="PASS" signature="checkDB()[pri:0, instance:remoteService.order.TC_Remote_Service_GetProviderById@58d75e99]" name="checkDB" duration-ms="5206" started-at="2020-06-19T12:46:19Z" depends-on-methods="remoteService.order.TC_Remote_Service_GetProviderById.checkData" finished-at="2020-06-19T12:46:25Z">
          <reporter-output>
          </reporter-output>
        </test-method> <!-- checkDB -->
        <test-method status="PASS" signature="afterClass()[pri:0, instance:remoteService.order.TC_Remote_Service_GetProviderById@741a8937]" name="afterClass" is-config="true" duration-ms="0" started-at="2020-06-19T12:46:25Z" finished-at="2020-06-19T12:46:25Z">
          <reporter-output>
          </reporter-output>
        </test-method> <!-- afterClass -->
        <test-method status="PASS" signature="setup()[pri:0, instance:remoteService.order.TC_Remote_Service_GetProviderById@741a8937]" name="setup" is-config="true" duration-ms="1" started-at="2020-06-19T12:46:25Z" finished-at="2020-06-19T12:46:25Z">
          <reporter-output>
          </reporter-output>
        </test-method> <!-- setup -->
        <test-method status="PASS" signature="beforeClass()[pri:0, instance:remoteService.order.TC_Remote_Service_GetProviderById@741a8937]" name="beforeClass" is-config="true" duration-ms="1" started-at="2020-06-19T12:46:25Z" finished-at="2020-06-19T12:46:25Z">
          <reporter-output>
          </reporter-output>
        </test-method> <!-- beforeClass -->
        <test-method status="PASS" signature="testGetProviderById()[pri:0, instance:remoteService.order.TC_Remote_Service_GetProviderById@5ba3f27a]" name="testGetProviderById" duration-ms="2214" started-at="2020-06-19T12:46:25Z" finished-at="2020-06-19T12:46:27Z">
          <reporter-output>
          </reporter-output>
        </test-method> <!-- testGetProviderById -->
        <test-method status="PASS" signature="checkData()[pri:0, instance:remoteService.order.TC_Remote_Service_GetProviderById@5ba3f27a]" name="checkData" duration-ms="38" started-at="2020-06-19T12:46:27Z" depends-on-methods="remoteService.order.TC_Remote_Service_GetProviderById.testGetProviderById" finished-at="2020-06-19T12:46:27Z">
          <reporter-output>
          </reporter-output>
        </test-method> <!-- checkData -->
        <test-method status="PASS" signature="checkDB()[pri:0, instance:remoteService.order.TC_Remote_Service_GetProviderById@5ba3f27a]" name="checkDB" duration-ms="5532" started-at="2020-06-19T12:46:27Z" depends-on-methods="remoteService.order.TC_Remote_Service_GetProviderById.checkData" finished-at="2020-06-19T12:46:32Z">
          <reporter-output>
          </reporter-output>
        </test-method> <!-- checkDB -->
        <test-method status="PASS" signature="afterClass()[pri:0, instance:remoteService.order.TC_Remote_Service_GetProviderById@741a8937]" name="afterClass" is-config="true" duration-ms="0" started-at="2020-06-19T12:46:32Z" finished-at="2020-06-19T12:46:32Z">
          <reporter-output>
          </reporter-output>
        </test-method> <!-- afterClass -->
        <test-method status="PASS" signature="setup()[pri:0, instance:remoteService.order.TC_Remote_Service_GetProviderById@741a8937]" name="setup" is-config="true" duration-ms="2" started-at="2020-06-19T12:46:32Z" finished-at="2020-06-19T12:46:32Z">
          <reporter-output>
          </reporter-output>
        </test-method> <!-- setup -->
        <test-method status="PASS" signature="beforeClass()[pri:0, instance:remoteService.order.TC_Remote_Service_GetProviderById@741a8937]" name="beforeClass" is-config="true" duration-ms="1" started-at="2020-06-19T12:46:32Z" finished-at="2020-06-19T12:46:32Z">
          <reporter-output>
          </reporter-output>
        </test-method> <!-- beforeClass -->
        <test-method status="PASS" signature="testGetProviderById()[pri:0, instance:remoteService.order.TC_Remote_Service_GetProviderById@741a8937]" name="testGetProviderById" duration-ms="1893" started-at="2020-06-19T12:46:32Z" finished-at="2020-06-19T12:46:34Z">
          <reporter-output>
          </reporter-output>
        </test-method> <!-- testGetProviderById -->
        <test-method status="PASS" signature="checkData()[pri:0, instance:remoteService.order.TC_Remote_Service_GetProviderById@741a8937]" name="checkData" duration-ms="1" started-at="2020-06-19T12:46:34Z" depends-on-methods="remoteService.order.TC_Remote_Service_GetProviderById.testGetProviderById" finished-at="2020-06-19T12:46:34Z">
          <reporter-output>
          </reporter-output>
        </test-method> <!-- checkData -->
        <test-method status="PASS" signature="checkDB()[pri:0, instance:remoteService.order.TC_Remote_Service_GetProviderById@741a8937]" name="checkDB" duration-ms="2" started-at="2020-06-19T12:46:34Z" depends-on-methods="remoteService.order.TC_Remote_Service_GetProviderById.checkData" finished-at="2020-06-19T12:46:34Z">
          <reporter-output>
          </reporter-output>
        </test-method> <!-- checkDB -->
        <test-method status="PASS" signature="afterClass()[pri:0, instance:remoteService.order.TC_Remote_Service_GetProviderById@741a8937]" name="afterClass" is-config="true" duration-ms="1" started-at="2020-06-19T12:46:34Z" finished-at="2020-06-19T12:46:34Z">
          <reporter-output>
          </reporter-output>
        </test-method> <!-- afterClass -->
        <test-method status="PASS" signature="setup()[pri:0, instance:remoteService.order.TC_Remote_Service_GetProviderById@741a8937]" name="setup" is-config="true" duration-ms="2" started-at="2020-06-19T12:46:34Z" finished-at="2020-06-19T12:46:34Z">
          <reporter-output>
          </reporter-output>
        </test-method> <!-- setup -->
        <test-method status="PASS" signature="beforeClass()[pri:0, instance:remoteService.order.TC_Remote_Service_GetProviderById@741a8937]" name="beforeClass" is-config="true" duration-ms="1" started-at="2020-06-19T12:46:34Z" finished-at="2020-06-19T12:46:34Z">
          <reporter-output>
          </reporter-output>
        </test-method> <!-- beforeClass -->
        <test-method status="PASS" signature="testGetProviderById()[pri:0, instance:remoteService.order.TC_Remote_Service_GetProviderById@74751b3]" name="testGetProviderById" duration-ms="1985" started-at="2020-06-19T12:46:34Z" finished-at="2020-06-19T12:46:36Z">
          <reporter-output>
          </reporter-output>
        </test-method> <!-- testGetProviderById -->
        <test-method status="PASS" signature="checkData()[pri:0, instance:remoteService.order.TC_Remote_Service_GetProviderById@74751b3]" name="checkData" duration-ms="2" started-at="2020-06-19T12:46:36Z" depends-on-methods="remoteService.order.TC_Remote_Service_GetProviderById.testGetProviderById" finished-at="2020-06-19T12:46:36Z">
          <reporter-output>
          </reporter-output>
        </test-method> <!-- checkData -->
        <test-method status="PASS" signature="checkDB()[pri:0, instance:remoteService.order.TC_Remote_Service_GetProviderById@74751b3]" name="checkDB" duration-ms="5466" started-at="2020-06-19T12:46:36Z" depends-on-methods="remoteService.order.TC_Remote_Service_GetProviderById.checkData" finished-at="2020-06-19T12:46:42Z">
          <reporter-output>
          </reporter-output>
        </test-method> <!-- checkDB -->
        <test-method status="PASS" signature="afterClass()[pri:0, instance:remoteService.order.TC_Remote_Service_GetProviderById@741a8937]" name="afterClass" is-config="true" duration-ms="1" started-at="2020-06-19T12:46:42Z" finished-at="2020-06-19T12:46:42Z">
          <reporter-output>
          </reporter-output>
        </test-method> <!-- afterClass -->
        <test-method status="PASS" signature="setup()[pri:0, instance:remoteService.order.TC_Remote_Service_GetProviderById@741a8937]" name="setup" is-config="true" duration-ms="1" started-at="2020-06-19T12:46:42Z" finished-at="2020-06-19T12:46:42Z">
          <reporter-output>
          </reporter-output>
        </test-method> <!-- setup -->
        <test-method status="PASS" signature="beforeClass()[pri:0, instance:remoteService.order.TC_Remote_Service_GetProviderById@741a8937]" name="beforeClass" is-config="true" duration-ms="1" started-at="2020-06-19T12:46:42Z" finished-at="2020-06-19T12:46:42Z">
          <reporter-output>
          </reporter-output>
        </test-method> <!-- beforeClass -->
        <test-method status="PASS" signature="testGetProviderById()[pri:0, instance:remoteService.order.TC_Remote_Service_GetProviderById@7bd4937b]" name="testGetProviderById" duration-ms="1646" started-at="2020-06-19T12:46:42Z" finished-at="2020-06-19T12:46:43Z">
          <reporter-output>
          </reporter-output>
        </test-method> <!-- testGetProviderById -->
        <test-method status="PASS" signature="checkData()[pri:0, instance:remoteService.order.TC_Remote_Service_GetProviderById@7bd4937b]" name="checkData" duration-ms="19" started-at="2020-06-19T12:46:43Z" depends-on-methods="remoteService.order.TC_Remote_Service_GetProviderById.testGetProviderById" finished-at="2020-06-19T12:46:43Z">
          <reporter-output>
          </reporter-output>
        </test-method> <!-- checkData -->
        <test-method status="PASS" signature="checkDB()[pri:0, instance:remoteService.order.TC_Remote_Service_GetProviderById@7bd4937b]" name="checkDB" duration-ms="5115" started-at="2020-06-19T12:46:43Z" depends-on-methods="remoteService.order.TC_Remote_Service_GetProviderById.checkData" finished-at="2020-06-19T12:46:49Z">
          <reporter-output>
          </reporter-output>
        </test-method> <!-- checkDB -->
        <test-method status="PASS" signature="afterClass()[pri:0, instance:remoteService.order.TC_Remote_Service_GetProviderById@741a8937]" name="afterClass" is-config="true" duration-ms="0" started-at="2020-06-19T12:46:49Z" finished-at="2020-06-19T12:46:49Z">
          <reporter-output>
          </reporter-output>
        </test-method> <!-- afterClass -->
        <test-method status="PASS" signature="setup()[pri:0, instance:remoteService.order.TC_Remote_Service_GetProviderById@741a8937]" name="setup" is-config="true" duration-ms="2" started-at="2020-06-19T12:46:49Z" finished-at="2020-06-19T12:46:49Z">
          <reporter-output>
          </reporter-output>
        </test-method> <!-- setup -->
        <test-method status="PASS" signature="beforeClass()[pri:0, instance:remoteService.order.TC_Remote_Service_GetProviderById@741a8937]" name="beforeClass" is-config="true" duration-ms="0" started-at="2020-06-19T12:46:49Z" finished-at="2020-06-19T12:46:49Z">
          <reporter-output>
          </reporter-output>
        </test-method> <!-- beforeClass -->
        <test-method status="PASS" signature="testGetProviderById()[pri:0, instance:remoteService.order.TC_Remote_Service_GetProviderById@7c24b813]" name="testGetProviderById" duration-ms="2029" started-at="2020-06-19T12:46:49Z" finished-at="2020-06-19T12:46:51Z">
          <reporter-output>
          </reporter-output>
        </test-method> <!-- testGetProviderById -->
        <test-method status="PASS" signature="checkData()[pri:0, instance:remoteService.order.TC_Remote_Service_GetProviderById@7c24b813]" name="checkData" duration-ms="19" started-at="2020-06-19T12:46:51Z" depends-on-methods="remoteService.order.TC_Remote_Service_GetProviderById.testGetProviderById" finished-at="2020-06-19T12:46:51Z">
          <reporter-output>
          </reporter-output>
        </test-method> <!-- checkData -->
        <test-method status="PASS" signature="checkDB()[pri:0, instance:remoteService.order.TC_Remote_Service_GetProviderById@7c24b813]" name="checkDB" duration-ms="5112" started-at="2020-06-19T12:46:51Z" depends-on-methods="remoteService.order.TC_Remote_Service_GetProviderById.checkData" finished-at="2020-06-19T12:46:56Z">
          <reporter-output>
          </reporter-output>
        </test-method> <!-- checkDB -->
        <test-method status="PASS" signature="afterClass()[pri:0, instance:remoteService.order.TC_Remote_Service_GetProviderById@741a8937]" name="afterClass" is-config="true" duration-ms="0" started-at="2020-06-19T12:46:56Z" finished-at="2020-06-19T12:46:56Z">
          <reporter-output>
          </reporter-output>
        </test-method> <!-- afterClass -->
      </class> <!-- remoteService.order.TC_Remote_Service_GetProviderById -->
    </test> <!-- DanaPulsaServiceTestOrder -->
  </suite> <!-- DANA Pulsa Suite -->
</testng-results>
