<?xml version="1.0" encoding="UTF-8"?>
<testng-results skipped="0" failed="0" ignored="0" total="6" passed="6">
  <reporter-output>
  </reporter-output>
  <suite name="DANA Pulsa Suite" duration-ms="81461" started-at="2020-06-17T16:04:56Z" finished-at="2020-06-17T16:06:18Z">
    <groups>
    </groups>
    <test name="DanaPulsaTestIntegrationVoucher" duration-ms="81461" started-at="2020-06-17T16:04:56Z" finished-at="2020-06-17T16:06:18Z">
      <class name="integrationtest.voucher.TC_Integration_VoucherPromotion">
        <test-method status="PASS" signature="setup()[pri:0, instance:integrationtest.voucher.TC_Integration_VoucherPromotion@36b4fe2a]" name="setup" is-config="true" duration-ms="53" started-at="2020-06-17T16:04:56Z" finished-at="2020-06-17T16:04:56Z">
          <reporter-output>
          </reporter-output>
        </test-method> <!-- setup -->
        <test-method status="PASS" signature="beforeClass()[pri:0, instance:integrationtest.voucher.TC_Integration_VoucherPromotion@36b4fe2a]" name="beforeClass" is-config="true" duration-ms="24084" started-at="2020-06-17T16:04:56Z" finished-at="2020-06-17T16:05:20Z">
          <reporter-output>
          </reporter-output>
        </test-method> <!-- beforeClass -->
        <test-method status="PASS" signature="testPromotionVouchers()[pri:0, instance:integrationtest.voucher.TC_Integration_VoucherPromotion@36b4fe2a]" name="testPromotionVouchers" duration-ms="4844" started-at="2020-06-17T16:05:20Z" finished-at="2020-06-17T16:05:25Z">
          <reporter-output>
          </reporter-output>
        </test-method> <!-- testPromotionVouchers -->
        <test-method status="PASS" signature="checkData()[pri:0, instance:integrationtest.voucher.TC_Integration_VoucherPromotion@36b4fe2a]" name="checkData" duration-ms="43" started-at="2020-06-17T16:05:25Z" depends-on-methods="integrationtest.voucher.TC_Integration_VoucherPromotion.testPromotionVouchers" finished-at="2020-06-17T16:05:25Z">
          <reporter-output>
          </reporter-output>
        </test-method> <!-- checkData -->
        <test-method status="PASS" signature="checkDB()[pri:0, instance:integrationtest.voucher.TC_Integration_VoucherPromotion@36b4fe2a]" name="checkDB" duration-ms="4161" started-at="2020-06-17T16:05:25Z" depends-on-methods="integrationtest.voucher.TC_Integration_VoucherPromotion.checkData" finished-at="2020-06-17T16:05:30Z">
          <reporter-output>
          </reporter-output>
        </test-method> <!-- checkDB -->
        <test-method status="PASS" signature="afterClass()[pri:0, instance:integrationtest.voucher.TC_Integration_VoucherPromotion@36b4fe2a]" name="afterClass" is-config="true" duration-ms="8825" started-at="2020-06-17T16:05:30Z" finished-at="2020-06-17T16:05:38Z">
          <reporter-output>
          </reporter-output>
        </test-method> <!-- afterClass -->
        <test-method status="PASS" signature="setup()[pri:0, instance:integrationtest.voucher.TC_Integration_VoucherPromotion@36b4fe2a]" name="setup" is-config="true" duration-ms="3" started-at="2020-06-17T16:05:38Z" finished-at="2020-06-17T16:05:38Z">
          <reporter-output>
          </reporter-output>
        </test-method> <!-- setup -->
        <test-method status="PASS" signature="beforeClass()[pri:0, instance:integrationtest.voucher.TC_Integration_VoucherPromotion@36b4fe2a]" name="beforeClass" is-config="true" duration-ms="20621" started-at="2020-06-17T16:05:38Z" finished-at="2020-06-17T16:05:59Z">
          <reporter-output>
          </reporter-output>
        </test-method> <!-- beforeClass -->
        <test-method status="PASS" signature="testPromotionVouchers()[pri:0, instance:integrationtest.voucher.TC_Integration_VoucherPromotion@757acd7b]" name="testPromotionVouchers" duration-ms="4288" started-at="2020-06-17T16:05:59Z" finished-at="2020-06-17T16:06:03Z">
          <reporter-output>
          </reporter-output>
        </test-method> <!-- testPromotionVouchers -->
        <test-method status="PASS" signature="checkData()[pri:0, instance:integrationtest.voucher.TC_Integration_VoucherPromotion@757acd7b]" name="checkData" duration-ms="25" started-at="2020-06-17T16:06:03Z" depends-on-methods="integrationtest.voucher.TC_Integration_VoucherPromotion.testPromotionVouchers" finished-at="2020-06-17T16:06:03Z">
          <reporter-output>
          </reporter-output>
        </test-method> <!-- checkData -->
        <test-method status="PASS" signature="checkDB()[pri:0, instance:integrationtest.voucher.TC_Integration_VoucherPromotion@757acd7b]" name="checkDB" duration-ms="4884" started-at="2020-06-17T16:06:03Z" depends-on-methods="integrationtest.voucher.TC_Integration_VoucherPromotion.checkData" finished-at="2020-06-17T16:06:08Z">
          <reporter-output>
          </reporter-output>
        </test-method> <!-- checkDB -->
        <test-method status="PASS" signature="afterClass()[pri:0, instance:integrationtest.voucher.TC_Integration_VoucherPromotion@36b4fe2a]" name="afterClass" is-config="true" duration-ms="9585" started-at="2020-06-17T16:06:08Z" finished-at="2020-06-17T16:06:18Z">
          <reporter-output>
          </reporter-output>
        </test-method> <!-- afterClass -->
      </class> <!-- integrationtest.voucher.TC_Integration_VoucherPromotion -->
    </test> <!-- DanaPulsaTestIntegrationVoucher -->
  </suite> <!-- DANA Pulsa Suite -->
</testng-results>
