<?xml version="1.0" encoding="UTF-8"?>
<testng-results skipped="0" failed="0" ignored="0" total="20" passed="20">
  <reporter-output>
  </reporter-output>
  <suite name="DANA Pulsa Suite" duration-ms="60397" started-at="2020-06-19T15:03:03Z" finished-at="2020-06-19T15:04:03Z">
    <groups>
    </groups>
    <test name="DanaPulsaAPITestHistory" duration-ms="60397" started-at="2020-06-19T15:03:03Z" finished-at="2020-06-19T15:04:03Z">
      <class name="testCases.history.TC_History_Details">
        <test-method status="PASS" signature="setup()[pri:0, instance:testCases.history.TC_History_Details@1d8bd0de]" name="setup" is-config="true" duration-ms="21" started-at="2020-06-19T15:03:03Z" finished-at="2020-06-19T15:03:03Z">
          <reporter-output>
          </reporter-output>
        </test-method> <!-- setup -->
        <test-method status="PASS" signature="setSession()[pri:0, instance:testCases.history.TC_History_Details@1d8bd0de]" name="setSession" is-config="true" duration-ms="5353" started-at="2020-06-19T15:03:03Z" finished-at="2020-06-19T15:03:08Z">
          <reporter-output>
          </reporter-output>
        </test-method> <!-- setSession -->
        <test-method status="PASS" signature="historyDetailsUser()[pri:0, instance:testCases.history.TC_History_Details@186f8716]" name="historyDetailsUser" duration-ms="8826" started-at="2020-06-19T15:03:08Z" finished-at="2020-06-19T15:03:17Z">
          <reporter-output>
          </reporter-output>
        </test-method> <!-- historyDetailsUser -->
        <test-method status="PASS" signature="assertResponseTime(java.lang.String)[pri:0, instance:testCases.history.TC_History_Details@186f8716]" name="assertResponseTime" duration-ms="4" started-at="2020-06-19T15:03:17Z" depends-on-methods="testCases.history.TC_History_Details.historyDetailsUser" finished-at="2020-06-19T15:03:17Z">
          <params>
            <param index="0">
              <value>
                <![CDATA[10000]]>
              </value>
            </param>
          </params>
          <reporter-output>
          </reporter-output>
        </test-method> <!-- assertResponseTime -->
        <test-method status="PASS" signature="assertStatusCode()[pri:0, instance:testCases.history.TC_History_Details@186f8716]" name="assertStatusCode" duration-ms="249" started-at="2020-06-19T15:03:17Z" depends-on-methods="testCases.history.TC_History_Details.historyDetailsUser" finished-at="2020-06-19T15:03:17Z">
          <reporter-output>
          </reporter-output>
        </test-method> <!-- assertStatusCode -->
        <test-method status="PASS" signature="checkResult()[pri:0, instance:testCases.history.TC_History_Details@186f8716]" name="checkResult" duration-ms="6" started-at="2020-06-19T15:03:17Z" depends-on-methods="testCases.history.TC_History_Details.historyDetailsUser" finished-at="2020-06-19T15:03:17Z">
          <reporter-output>
          </reporter-output>
        </test-method> <!-- checkResult -->
        <test-method status="PASS" signature="setup()[pri:0, instance:testCases.history.TC_History_Details@1d8bd0de]" name="setup" is-config="true" duration-ms="1" started-at="2020-06-19T15:03:17Z" finished-at="2020-06-19T15:03:17Z">
          <reporter-output>
          </reporter-output>
        </test-method> <!-- setup -->
        <test-method status="PASS" signature="setSession()[pri:0, instance:testCases.history.TC_History_Details@1d8bd0de]" name="setSession" is-config="true" duration-ms="3935" started-at="2020-06-19T15:03:17Z" finished-at="2020-06-19T15:03:21Z">
          <reporter-output>
          </reporter-output>
        </test-method> <!-- setSession -->
        <test-method status="PASS" signature="historyDetailsUser()[pri:0, instance:testCases.history.TC_History_Details@1d8bd0de]" name="historyDetailsUser" duration-ms="7475" started-at="2020-06-19T15:03:21Z" finished-at="2020-06-19T15:03:29Z">
          <reporter-output>
          </reporter-output>
        </test-method> <!-- historyDetailsUser -->
        <test-method status="PASS" signature="assertResponseTime(java.lang.String)[pri:0, instance:testCases.history.TC_History_Details@1d8bd0de]" name="assertResponseTime" duration-ms="2" started-at="2020-06-19T15:03:29Z" depends-on-methods="testCases.history.TC_History_Details.historyDetailsUser" finished-at="2020-06-19T15:03:29Z">
          <params>
            <param index="0">
              <value>
                <![CDATA[10000]]>
              </value>
            </param>
          </params>
          <reporter-output>
          </reporter-output>
        </test-method> <!-- assertResponseTime -->
        <test-method status="PASS" signature="assertStatusCode()[pri:0, instance:testCases.history.TC_History_Details@1d8bd0de]" name="assertStatusCode" duration-ms="6" started-at="2020-06-19T15:03:29Z" depends-on-methods="testCases.history.TC_History_Details.historyDetailsUser" finished-at="2020-06-19T15:03:29Z">
          <reporter-output>
          </reporter-output>
        </test-method> <!-- assertStatusCode -->
        <test-method status="PASS" signature="checkResult()[pri:0, instance:testCases.history.TC_History_Details@1d8bd0de]" name="checkResult" duration-ms="6" started-at="2020-06-19T15:03:29Z" depends-on-methods="testCases.history.TC_History_Details.historyDetailsUser" finished-at="2020-06-19T15:03:29Z">
          <reporter-output>
          </reporter-output>
        </test-method> <!-- checkResult -->
        <test-method status="PASS" signature="setup()[pri:0, instance:testCases.history.TC_History_Details@1d8bd0de]" name="setup" is-config="true" duration-ms="1" started-at="2020-06-19T15:03:29Z" finished-at="2020-06-19T15:03:29Z">
          <reporter-output>
          </reporter-output>
        </test-method> <!-- setup -->
        <test-method status="PASS" signature="setSession()[pri:0, instance:testCases.history.TC_History_Details@1d8bd0de]" name="setSession" is-config="true" duration-ms="3867" started-at="2020-06-19T15:03:29Z" finished-at="2020-06-19T15:03:33Z">
          <reporter-output>
          </reporter-output>
        </test-method> <!-- setSession -->
        <test-method status="PASS" signature="historyDetailsUser()[pri:0, instance:testCases.history.TC_History_Details@2a266d09]" name="historyDetailsUser" duration-ms="7347" started-at="2020-06-19T15:03:33Z" finished-at="2020-06-19T15:03:40Z">
          <reporter-output>
          </reporter-output>
        </test-method> <!-- historyDetailsUser -->
        <test-method status="PASS" signature="assertResponseTime(java.lang.String)[pri:0, instance:testCases.history.TC_History_Details@2a266d09]" name="assertResponseTime" duration-ms="1" started-at="2020-06-19T15:03:40Z" depends-on-methods="testCases.history.TC_History_Details.historyDetailsUser" finished-at="2020-06-19T15:03:40Z">
          <params>
            <param index="0">
              <value>
                <![CDATA[10000]]>
              </value>
            </param>
          </params>
          <reporter-output>
          </reporter-output>
        </test-method> <!-- assertResponseTime -->
        <test-method status="PASS" signature="assertStatusCode()[pri:0, instance:testCases.history.TC_History_Details@2a266d09]" name="assertStatusCode" duration-ms="8" started-at="2020-06-19T15:03:40Z" depends-on-methods="testCases.history.TC_History_Details.historyDetailsUser" finished-at="2020-06-19T15:03:40Z">
          <reporter-output>
          </reporter-output>
        </test-method> <!-- assertStatusCode -->
        <test-method status="PASS" signature="checkResult()[pri:0, instance:testCases.history.TC_History_Details@2a266d09]" name="checkResult" duration-ms="6" started-at="2020-06-19T15:03:40Z" depends-on-methods="testCases.history.TC_History_Details.historyDetailsUser" finished-at="2020-06-19T15:03:40Z">
          <reporter-output>
          </reporter-output>
        </test-method> <!-- checkResult -->
        <test-method status="PASS" signature="setup()[pri:0, instance:testCases.history.TC_History_Details@1d8bd0de]" name="setup" is-config="true" duration-ms="2" started-at="2020-06-19T15:03:40Z" finished-at="2020-06-19T15:03:40Z">
          <reporter-output>
          </reporter-output>
        </test-method> <!-- setup -->
        <test-method status="PASS" signature="setSession()[pri:0, instance:testCases.history.TC_History_Details@1d8bd0de]" name="setSession" is-config="true" duration-ms="3886" started-at="2020-06-19T15:03:40Z" finished-at="2020-06-19T15:03:44Z">
          <reporter-output>
          </reporter-output>
        </test-method> <!-- setSession -->
        <test-method status="PASS" signature="historyDetailsUser()[pri:0, instance:testCases.history.TC_History_Details@50caa560]" name="historyDetailsUser" duration-ms="7576" started-at="2020-06-19T15:03:44Z" finished-at="2020-06-19T15:03:51Z">
          <reporter-output>
          </reporter-output>
        </test-method> <!-- historyDetailsUser -->
        <test-method status="PASS" signature="assertResponseTime(java.lang.String)[pri:0, instance:testCases.history.TC_History_Details@50caa560]" name="assertResponseTime" duration-ms="0" started-at="2020-06-19T15:03:51Z" depends-on-methods="testCases.history.TC_History_Details.historyDetailsUser" finished-at="2020-06-19T15:03:51Z">
          <params>
            <param index="0">
              <value>
                <![CDATA[10000]]>
              </value>
            </param>
          </params>
          <reporter-output>
          </reporter-output>
        </test-method> <!-- assertResponseTime -->
        <test-method status="PASS" signature="assertStatusCode()[pri:0, instance:testCases.history.TC_History_Details@50caa560]" name="assertStatusCode" duration-ms="9" started-at="2020-06-19T15:03:51Z" depends-on-methods="testCases.history.TC_History_Details.historyDetailsUser" finished-at="2020-06-19T15:03:51Z">
          <reporter-output>
          </reporter-output>
        </test-method> <!-- assertStatusCode -->
        <test-method status="PASS" signature="checkResult()[pri:0, instance:testCases.history.TC_History_Details@50caa560]" name="checkResult" duration-ms="2502" started-at="2020-06-19T15:03:51Z" depends-on-methods="testCases.history.TC_History_Details.historyDetailsUser" finished-at="2020-06-19T15:03:54Z">
          <reporter-output>
          </reporter-output>
        </test-method> <!-- checkResult -->
        <test-method status="PASS" signature="setup()[pri:0, instance:testCases.history.TC_History_Details@1d8bd0de]" name="setup" is-config="true" duration-ms="1" started-at="2020-06-19T15:03:54Z" finished-at="2020-06-19T15:03:54Z">
          <reporter-output>
          </reporter-output>
        </test-method> <!-- setup -->
        <test-method status="PASS" signature="setSession()[pri:0, instance:testCases.history.TC_History_Details@1d8bd0de]" name="setSession" is-config="true" duration-ms="4333" started-at="2020-06-19T15:03:54Z" finished-at="2020-06-19T15:03:58Z">
          <reporter-output>
          </reporter-output>
        </test-method> <!-- setSession -->
        <test-method status="PASS" signature="historyDetailsUser()[pri:0, instance:testCases.history.TC_History_Details@5ab9e72c]" name="historyDetailsUser" duration-ms="4808" started-at="2020-06-19T15:03:58Z" finished-at="2020-06-19T15:04:03Z">
          <reporter-output>
          </reporter-output>
        </test-method> <!-- historyDetailsUser -->
        <test-method status="PASS" signature="assertResponseTime(java.lang.String)[pri:0, instance:testCases.history.TC_History_Details@5ab9e72c]" name="assertResponseTime" duration-ms="1" started-at="2020-06-19T15:04:03Z" depends-on-methods="testCases.history.TC_History_Details.historyDetailsUser" finished-at="2020-06-19T15:04:03Z">
          <params>
            <param index="0">
              <value>
                <![CDATA[10000]]>
              </value>
            </param>
          </params>
          <reporter-output>
          </reporter-output>
        </test-method> <!-- assertResponseTime -->
        <test-method status="PASS" signature="assertStatusCode()[pri:0, instance:testCases.history.TC_History_Details@5ab9e72c]" name="assertStatusCode" duration-ms="7" started-at="2020-06-19T15:04:03Z" depends-on-methods="testCases.history.TC_History_Details.historyDetailsUser" finished-at="2020-06-19T15:04:03Z">
          <reporter-output>
          </reporter-output>
        </test-method> <!-- assertStatusCode -->
        <test-method status="PASS" signature="checkResult()[pri:0, instance:testCases.history.TC_History_Details@5ab9e72c]" name="checkResult" duration-ms="5" started-at="2020-06-19T15:04:03Z" depends-on-methods="testCases.history.TC_History_Details.historyDetailsUser" finished-at="2020-06-19T15:04:03Z">
          <reporter-output>
          </reporter-output>
        </test-method> <!-- checkResult -->
      </class> <!-- testCases.history.TC_History_Details -->
    </test> <!-- DanaPulsaAPITestHistory -->
  </suite> <!-- DANA Pulsa Suite -->
</testng-results>
