<?xml version="1.0" encoding="UTF-8"?>
<testng-results skipped="0" failed="0" ignored="0" total="1" passed="1">
  <reporter-output>
  </reporter-output>
  <suite name="Default suite" duration-ms="5495" started-at="2020-06-19T12:05:04Z" finished-at="2020-06-19T12:05:09Z">
    <groups>
    </groups>
    <test name="Default test" duration-ms="5495" started-at="2020-06-19T12:05:04Z" finished-at="2020-06-19T12:05:09Z">
      <class name="remoteService.promotion.TC_Remote_Service_GetMyVoucher">
        <test-method status="PASS" signature="setup()[pri:0, instance:remoteService.promotion.TC_Remote_Service_GetMyVoucher@5ad851c9]" name="setup" is-config="true" duration-ms="65" started-at="2020-06-19T12:05:04Z" finished-at="2020-06-19T12:05:04Z">
          <reporter-output>
          </reporter-output>
        </test-method> <!-- setup -->
        <test-method status="PASS" signature="test()[pri:0, instance:remoteService.promotion.TC_Remote_Service_GetMyVoucher@5ad851c9]" name="test" duration-ms="5407" started-at="2020-06-19T12:05:04Z" finished-at="2020-06-19T12:05:09Z">
          <reporter-output>
          </reporter-output>
        </test-method> <!-- test -->
      </class> <!-- remoteService.promotion.TC_Remote_Service_GetMyVoucher -->
    </test> <!-- Default test -->
  </suite> <!-- Default suite -->
</testng-results>
