<?xml version="1.0" encoding="UTF-8"?>
<testng-results skipped="0" failed="1" ignored="0" total="15" passed="14">
  <reporter-output>
  </reporter-output>
  <suite name="Default suite" duration-ms="135918" started-at="2020-06-14T14:31:28Z" finished-at="2020-06-14T14:33:44Z">
    <groups>
    </groups>
    <test name="Default test" duration-ms="135918" started-at="2020-06-14T14:31:28Z" finished-at="2020-06-14T14:33:44Z">
      <class name="remoteService.promotion.TC_Remote_Service_GetVoucherPromotion">
        <test-method status="PASS" signature="setup()[pri:0, instance:remoteService.promotion.TC_Remote_Service_GetVoucherPromotion@f68f0dc]" name="setup" is-config="true" duration-ms="49" started-at="2020-06-14T14:31:28Z" finished-at="2020-06-14T14:31:28Z">
          <reporter-output>
          </reporter-output>
        </test-method> <!-- setup -->
        <test-method status="PASS" signature="beforeClass()[pri:0, instance:remoteService.promotion.TC_Remote_Service_GetVoucherPromotion@f68f0dc]" name="beforeClass" is-config="true" duration-ms="19048" started-at="2020-06-14T14:31:28Z" finished-at="2020-06-14T14:31:47Z">
          <reporter-output>
          </reporter-output>
        </test-method> <!-- beforeClass -->
        <test-method status="PASS" signature="testPromotionVouchers()[pri:0, instance:remoteService.promotion.TC_Remote_Service_GetVoucherPromotion@2254127a]" name="testPromotionVouchers" duration-ms="5663" started-at="2020-06-14T14:31:47Z" finished-at="2020-06-14T14:31:53Z">
          <reporter-output>
          </reporter-output>
        </test-method> <!-- testPromotionVouchers -->
        <test-method status="PASS" signature="setup()[pri:0, instance:remoteService.promotion.TC_Remote_Service_GetVoucherPromotion@f68f0dc]" name="setup" is-config="true" duration-ms="8" started-at="2020-06-14T14:31:53Z" finished-at="2020-06-14T14:31:53Z">
          <reporter-output>
          </reporter-output>
        </test-method> <!-- setup -->
        <test-method status="PASS" signature="beforeClass()[pri:0, instance:remoteService.promotion.TC_Remote_Service_GetVoucherPromotion@f68f0dc]" name="beforeClass" is-config="true" duration-ms="19456" started-at="2020-06-14T14:31:53Z" finished-at="2020-06-14T14:32:12Z">
          <reporter-output>
          </reporter-output>
        </test-method> <!-- beforeClass -->
        <test-method status="PASS" signature="testPromotionVouchers()[pri:0, instance:remoteService.promotion.TC_Remote_Service_GetVoucherPromotion@2f953efd]" name="testPromotionVouchers" duration-ms="3937" started-at="2020-06-14T14:32:12Z" finished-at="2020-06-14T14:32:16Z">
          <reporter-output>
          </reporter-output>
        </test-method> <!-- testPromotionVouchers -->
        <test-method status="PASS" signature="setup()[pri:0, instance:remoteService.promotion.TC_Remote_Service_GetVoucherPromotion@f68f0dc]" name="setup" is-config="true" duration-ms="5" started-at="2020-06-14T14:32:16Z" finished-at="2020-06-14T14:32:16Z">
          <reporter-output>
          </reporter-output>
        </test-method> <!-- setup -->
        <test-method status="PASS" signature="beforeClass()[pri:0, instance:remoteService.promotion.TC_Remote_Service_GetVoucherPromotion@f68f0dc]" name="beforeClass" is-config="true" duration-ms="18833" started-at="2020-06-14T14:32:16Z" finished-at="2020-06-14T14:32:35Z">
          <reporter-output>
          </reporter-output>
        </test-method> <!-- beforeClass -->
        <test-method status="PASS" signature="testPromotionVouchers()[pri:0, instance:remoteService.promotion.TC_Remote_Service_GetVoucherPromotion@51891008]" name="testPromotionVouchers" duration-ms="4203" started-at="2020-06-14T14:32:35Z" finished-at="2020-06-14T14:32:39Z">
          <reporter-output>
          </reporter-output>
        </test-method> <!-- testPromotionVouchers -->
        <test-method status="PASS" signature="setup()[pri:0, instance:remoteService.promotion.TC_Remote_Service_GetVoucherPromotion@f68f0dc]" name="setup" is-config="true" duration-ms="3" started-at="2020-06-14T14:32:39Z" finished-at="2020-06-14T14:32:39Z">
          <reporter-output>
          </reporter-output>
        </test-method> <!-- setup -->
        <test-method status="PASS" signature="beforeClass()[pri:0, instance:remoteService.promotion.TC_Remote_Service_GetVoucherPromotion@f68f0dc]" name="beforeClass" is-config="true" duration-ms="21114" started-at="2020-06-14T14:32:39Z" finished-at="2020-06-14T14:33:00Z">
          <reporter-output>
          </reporter-output>
        </test-method> <!-- beforeClass -->
        <test-method status="PASS" signature="testPromotionVouchers()[pri:0, instance:remoteService.promotion.TC_Remote_Service_GetVoucherPromotion@5dafbe45]" name="testPromotionVouchers" duration-ms="4069" started-at="2020-06-14T14:33:00Z" finished-at="2020-06-14T14:33:04Z">
          <reporter-output>
          </reporter-output>
        </test-method> <!-- testPromotionVouchers -->
        <test-method status="PASS" signature="setup()[pri:0, instance:remoteService.promotion.TC_Remote_Service_GetVoucherPromotion@f68f0dc]" name="setup" is-config="true" duration-ms="2" started-at="2020-06-14T14:33:04Z" finished-at="2020-06-14T14:33:04Z">
          <reporter-output>
          </reporter-output>
        </test-method> <!-- setup -->
        <test-method status="PASS" signature="beforeClass()[pri:0, instance:remoteService.promotion.TC_Remote_Service_GetVoucherPromotion@f68f0dc]" name="beforeClass" is-config="true" duration-ms="20386" started-at="2020-06-14T14:33:04Z" finished-at="2020-06-14T14:33:25Z">
          <reporter-output>
          </reporter-output>
        </test-method> <!-- beforeClass -->
        <test-method status="PASS" signature="testPromotionVouchers()[pri:0, instance:remoteService.promotion.TC_Remote_Service_GetVoucherPromotion@f68f0dc]" name="testPromotionVouchers" duration-ms="4296" started-at="2020-06-14T14:33:25Z" finished-at="2020-06-14T14:33:29Z">
          <reporter-output>
          </reporter-output>
        </test-method> <!-- testPromotionVouchers -->
        <test-method status="PASS" signature="checkData()[pri:0, instance:remoteService.promotion.TC_Remote_Service_GetVoucherPromotion@2254127a]" name="checkData" duration-ms="140" started-at="2020-06-14T14:33:29Z" depends-on-methods="remoteService.promotion.TC_Remote_Service_GetVoucherPromotion.testPromotionVouchers" finished-at="2020-06-14T14:33:29Z">
          <reporter-output>
          </reporter-output>
        </test-method> <!-- checkData -->
        <test-method status="PASS" signature="checkData()[pri:0, instance:remoteService.promotion.TC_Remote_Service_GetVoucherPromotion@2f953efd]" name="checkData" duration-ms="1" started-at="2020-06-14T14:33:29Z" depends-on-methods="remoteService.promotion.TC_Remote_Service_GetVoucherPromotion.testPromotionVouchers" finished-at="2020-06-14T14:33:29Z">
          <reporter-output>
          </reporter-output>
        </test-method> <!-- checkData -->
        <test-method status="PASS" signature="checkData()[pri:0, instance:remoteService.promotion.TC_Remote_Service_GetVoucherPromotion@51891008]" name="checkData" duration-ms="1" started-at="2020-06-14T14:33:29Z" depends-on-methods="remoteService.promotion.TC_Remote_Service_GetVoucherPromotion.testPromotionVouchers" finished-at="2020-06-14T14:33:29Z">
          <reporter-output>
          </reporter-output>
        </test-method> <!-- checkData -->
        <test-method status="PASS" signature="checkData()[pri:0, instance:remoteService.promotion.TC_Remote_Service_GetVoucherPromotion@5dafbe45]" name="checkData" duration-ms="9" started-at="2020-06-14T14:33:29Z" depends-on-methods="remoteService.promotion.TC_Remote_Service_GetVoucherPromotion.testPromotionVouchers" finished-at="2020-06-14T14:33:29Z">
          <reporter-output>
          </reporter-output>
        </test-method> <!-- checkData -->
        <test-method status="PASS" signature="checkData()[pri:0, instance:remoteService.promotion.TC_Remote_Service_GetVoucherPromotion@f68f0dc]" name="checkData" duration-ms="1" started-at="2020-06-14T14:33:29Z" depends-on-methods="remoteService.promotion.TC_Remote_Service_GetVoucherPromotion.testPromotionVouchers" finished-at="2020-06-14T14:33:29Z">
          <reporter-output>
          </reporter-output>
        </test-method> <!-- checkData -->
        <test-method status="PASS" signature="checkDB()[pri:0, instance:remoteService.promotion.TC_Remote_Service_GetVoucherPromotion@2254127a]" name="checkDB" duration-ms="5420" started-at="2020-06-14T14:33:29Z" depends-on-methods="remoteService.promotion.TC_Remote_Service_GetVoucherPromotion.checkData" finished-at="2020-06-14T14:33:35Z">
          <reporter-output>
          </reporter-output>
        </test-method> <!-- checkDB -->
        <test-method status="PASS" signature="afterClass()[pri:0, instance:remoteService.promotion.TC_Remote_Service_GetVoucherPromotion@f68f0dc]" name="afterClass" is-config="true" duration-ms="1" started-at="2020-06-14T14:33:35Z" finished-at="2020-06-14T14:33:35Z">
          <reporter-output>
          </reporter-output>
        </test-method> <!-- afterClass -->
        <test-method status="PASS" signature="checkDB()[pri:0, instance:remoteService.promotion.TC_Remote_Service_GetVoucherPromotion@2f953efd]" name="checkDB" duration-ms="4019" started-at="2020-06-14T14:33:35Z" depends-on-methods="remoteService.promotion.TC_Remote_Service_GetVoucherPromotion.checkData" finished-at="2020-06-14T14:33:39Z">
          <reporter-output>
          </reporter-output>
        </test-method> <!-- checkDB -->
        <test-method status="PASS" signature="afterClass()[pri:0, instance:remoteService.promotion.TC_Remote_Service_GetVoucherPromotion@f68f0dc]" name="afterClass" is-config="true" duration-ms="1" started-at="2020-06-14T14:33:39Z" finished-at="2020-06-14T14:33:39Z">
          <reporter-output>
          </reporter-output>
        </test-method> <!-- afterClass -->
        <test-method status="PASS" signature="checkDB()[pri:0, instance:remoteService.promotion.TC_Remote_Service_GetVoucherPromotion@51891008]" name="checkDB" duration-ms="2" started-at="2020-06-14T14:33:39Z" depends-on-methods="remoteService.promotion.TC_Remote_Service_GetVoucherPromotion.checkData" finished-at="2020-06-14T14:33:39Z">
          <reporter-output>
          </reporter-output>
        </test-method> <!-- checkDB -->
        <test-method status="PASS" signature="afterClass()[pri:0, instance:remoteService.promotion.TC_Remote_Service_GetVoucherPromotion@f68f0dc]" name="afterClass" is-config="true" duration-ms="2" started-at="2020-06-14T14:33:39Z" finished-at="2020-06-14T14:33:39Z">
          <reporter-output>
          </reporter-output>
        </test-method> <!-- afterClass -->
        <test-method status="FAIL" signature="checkDB()[pri:0, instance:remoteService.promotion.TC_Remote_Service_GetVoucherPromotion@5dafbe45]" name="checkDB" duration-ms="5149" started-at="2020-06-14T14:33:39Z" depends-on-methods="remoteService.promotion.TC_Remote_Service_GetVoucherPromotion.checkData" finished-at="2020-06-14T14:33:44Z">
          <exception class="java.lang.AssertionError">
            <message>
              <![CDATA[expected [1] but found [7]]]>
            </message>
            <full-stacktrace>
              <![CDATA[java.lang.AssertionError: expected [1] but found [7]
at org.testng.Assert.fail(Assert.java:96)
at org.testng.Assert.failNotEquals(Assert.java:776)
at org.testng.Assert.assertEqualsImpl(Assert.java:137)
at org.testng.Assert.assertEquals(Assert.java:118)
at org.testng.Assert.assertEquals(Assert.java:453)
at org.testng.Assert.assertEquals(Assert.java:463)
at remoteService.promotion.TC_Remote_Service_GetVoucherPromotion.checkDB(TC_Remote_Service_GetVoucherPromotion.java:171)
at sun.reflect.NativeMethodAccessorImpl.invoke0(Native Method)
at sun.reflect.NativeMethodAccessorImpl.invoke(NativeMethodAccessorImpl.java:62)
at sun.reflect.DelegatingMethodAccessorImpl.invoke(DelegatingMethodAccessorImpl.java:43)
at java.lang.reflect.Method.invoke(Method.java:498)
at org.testng.internal.MethodInvocationHelper.invokeMethod(MethodInvocationHelper.java:124)
at org.testng.internal.Invoker.invokeMethod(Invoker.java:583)
at org.testng.internal.Invoker.invokeTestMethod(Invoker.java:719)
at org.testng.internal.Invoker.invokeTestMethods(Invoker.java:989)
at org.testng.internal.TestMethodWorker.invokeTestMethods(TestMethodWorker.java:125)
at org.testng.internal.TestMethodWorker.run(TestMethodWorker.java:109)
at org.testng.TestRunner.privateRun(TestRunner.java:648)
at org.testng.TestRunner.run(TestRunner.java:505)
at org.testng.SuiteRunner.runTest(SuiteRunner.java:455)
at org.testng.SuiteRunner.runSequentially(SuiteRunner.java:450)
at org.testng.SuiteRunner.privateRun(SuiteRunner.java:415)
at org.testng.SuiteRunner.run(SuiteRunner.java:364)
at org.testng.SuiteRunnerWorker.runSuite(SuiteRunnerWorker.java:52)
at org.testng.SuiteRunnerWorker.run(SuiteRunnerWorker.java:84)
at org.testng.TestNG.runSuitesSequentially(TestNG.java:1208)
at org.testng.TestNG.runSuitesLocally(TestNG.java:1137)
at org.testng.TestNG.runSuites(TestNG.java:1049)
at org.testng.TestNG.run(TestNG.java:1017)
at org.testng.remote.AbstractRemoteTestNG.run(AbstractRemoteTestNG.java:115)
at org.testng.remote.RemoteTestNG.initAndRun(RemoteTestNG.java:251)
at org.testng.remote.RemoteTestNG.main(RemoteTestNG.java:77)
]]>
            </full-stacktrace>
          </exception> <!-- java.lang.AssertionError -->
          <reporter-output>
          </reporter-output>
        </test-method> <!-- checkDB -->
        <test-method status="PASS" signature="afterClass()[pri:0, instance:remoteService.promotion.TC_Remote_Service_GetVoucherPromotion@f68f0dc]" name="afterClass" is-config="true" duration-ms="0" started-at="2020-06-14T14:33:44Z" finished-at="2020-06-14T14:33:44Z">
          <reporter-output>
          </reporter-output>
        </test-method> <!-- afterClass -->
        <test-method status="PASS" signature="checkDB()[pri:0, instance:remoteService.promotion.TC_Remote_Service_GetVoucherPromotion@f68f0dc]" name="checkDB" duration-ms="1" started-at="2020-06-14T14:33:44Z" depends-on-methods="remoteService.promotion.TC_Remote_Service_GetVoucherPromotion.checkData" finished-at="2020-06-14T14:33:44Z">
          <reporter-output>
          </reporter-output>
        </test-method> <!-- checkDB -->
        <test-method status="PASS" signature="afterClass()[pri:0, instance:remoteService.promotion.TC_Remote_Service_GetVoucherPromotion@f68f0dc]" name="afterClass" is-config="true" duration-ms="0" started-at="2020-06-14T14:33:44Z" finished-at="2020-06-14T14:33:44Z">
          <reporter-output>
          </reporter-output>
        </test-method> <!-- afterClass -->
      </class> <!-- remoteService.promotion.TC_Remote_Service_GetVoucherPromotion -->
    </test> <!-- Default test -->
  </suite> <!-- Default suite -->
</testng-results>
