<?xml version="1.0" encoding="UTF-8"?>
<testng-results skipped="0" failed="0" ignored="0" total="42" passed="42">
  <reporter-output>
  </reporter-output>
  <suite name="DANA Pulsa Suite" duration-ms="46084" started-at="2020-06-21T10:47:10Z" finished-at="2020-06-21T10:47:56Z">
    <groups>
    </groups>
    <test name="DANA Pulsa Remote Service Order - Get All Catalog" duration-ms="46084" started-at="2020-06-21T10:47:10Z" finished-at="2020-06-21T10:47:56Z">
      <class name="remoteService.order.TC_Remote_Service_GetAllCatalog">
        <test-method status="PASS" signature="setup()[pri:0, instance:remoteService.order.TC_Remote_Service_GetAllCatalog@70cf32e3]" name="setup" is-config="true" duration-ms="39" started-at="2020-06-21T10:47:10Z" finished-at="2020-06-21T10:47:10Z">
          <reporter-output>
          </reporter-output>
        </test-method> <!-- setup -->
        <test-method status="PASS" signature="beforeClass()[pri:0, instance:remoteService.order.TC_Remote_Service_GetAllCatalog@70cf32e3]" name="beforeClass" is-config="true" duration-ms="3" started-at="2020-06-21T10:47:10Z" finished-at="2020-06-21T10:47:10Z">
          <reporter-output>
          </reporter-output>
        </test-method> <!-- beforeClass -->
        <test-method status="PASS" signature="testGetAllCatalog()[pri:0, instance:remoteService.order.TC_Remote_Service_GetAllCatalog@25be7b63]" name="testGetAllCatalog" duration-ms="867" started-at="2020-06-21T10:47:10Z" finished-at="2020-06-21T10:47:11Z">
          <reporter-output>
          </reporter-output>
        </test-method> <!-- testGetAllCatalog -->
        <test-method status="PASS" signature="checkData()[pri:0, instance:remoteService.order.TC_Remote_Service_GetAllCatalog@25be7b63]" name="checkData" duration-ms="627" started-at="2020-06-21T10:47:11Z" depends-on-methods="remoteService.order.TC_Remote_Service_GetAllCatalog.testGetAllCatalog" finished-at="2020-06-21T10:47:12Z">
          <reporter-output>
          </reporter-output>
        </test-method> <!-- checkData -->
        <test-method status="PASS" signature="checkDB()[pri:0, instance:remoteService.order.TC_Remote_Service_GetAllCatalog@25be7b63]" name="checkDB" duration-ms="5755" started-at="2020-06-21T10:47:12Z" depends-on-methods="remoteService.order.TC_Remote_Service_GetAllCatalog.checkData" finished-at="2020-06-21T10:47:18Z">
          <reporter-output>
          </reporter-output>
        </test-method> <!-- checkDB -->
        <test-method status="PASS" signature="afterClass()[pri:0, instance:remoteService.order.TC_Remote_Service_GetAllCatalog@70cf32e3]" name="afterClass" is-config="true" duration-ms="1" started-at="2020-06-21T10:47:18Z" finished-at="2020-06-21T10:47:18Z">
          <reporter-output>
          </reporter-output>
        </test-method> <!-- afterClass -->
        <test-method status="PASS" signature="setup()[pri:0, instance:remoteService.order.TC_Remote_Service_GetAllCatalog@70cf32e3]" name="setup" is-config="true" duration-ms="1" started-at="2020-06-21T10:47:18Z" finished-at="2020-06-21T10:47:18Z">
          <reporter-output>
          </reporter-output>
        </test-method> <!-- setup -->
        <test-method status="PASS" signature="beforeClass()[pri:0, instance:remoteService.order.TC_Remote_Service_GetAllCatalog@70cf32e3]" name="beforeClass" is-config="true" duration-ms="1" started-at="2020-06-21T10:47:18Z" finished-at="2020-06-21T10:47:18Z">
          <reporter-output>
          </reporter-output>
        </test-method> <!-- beforeClass -->
        <test-method status="PASS" signature="testGetAllCatalog()[pri:0, instance:remoteService.order.TC_Remote_Service_GetAllCatalog@28dcca0c]" name="testGetAllCatalog" duration-ms="769" started-at="2020-06-21T10:47:18Z" finished-at="2020-06-21T10:47:18Z">
          <reporter-output>
          </reporter-output>
        </test-method> <!-- testGetAllCatalog -->
        <test-method status="PASS" signature="checkData()[pri:0, instance:remoteService.order.TC_Remote_Service_GetAllCatalog@28dcca0c]" name="checkData" duration-ms="28" started-at="2020-06-21T10:47:18Z" depends-on-methods="remoteService.order.TC_Remote_Service_GetAllCatalog.testGetAllCatalog" finished-at="2020-06-21T10:47:18Z">
          <reporter-output>
          </reporter-output>
        </test-method> <!-- checkData -->
        <test-method status="PASS" signature="checkDB()[pri:0, instance:remoteService.order.TC_Remote_Service_GetAllCatalog@28dcca0c]" name="checkDB" duration-ms="4853" started-at="2020-06-21T10:47:18Z" depends-on-methods="remoteService.order.TC_Remote_Service_GetAllCatalog.checkData" finished-at="2020-06-21T10:47:23Z">
          <reporter-output>
          </reporter-output>
        </test-method> <!-- checkDB -->
        <test-method status="PASS" signature="afterClass()[pri:0, instance:remoteService.order.TC_Remote_Service_GetAllCatalog@70cf32e3]" name="afterClass" is-config="true" duration-ms="6" started-at="2020-06-21T10:47:23Z" finished-at="2020-06-21T10:47:23Z">
          <reporter-output>
          </reporter-output>
        </test-method> <!-- afterClass -->
        <test-method status="PASS" signature="setup()[pri:0, instance:remoteService.order.TC_Remote_Service_GetAllCatalog@70cf32e3]" name="setup" is-config="true" duration-ms="1" started-at="2020-06-21T10:47:23Z" finished-at="2020-06-21T10:47:23Z">
          <reporter-output>
          </reporter-output>
        </test-method> <!-- setup -->
        <test-method status="PASS" signature="beforeClass()[pri:0, instance:remoteService.order.TC_Remote_Service_GetAllCatalog@70cf32e3]" name="beforeClass" is-config="true" duration-ms="0" started-at="2020-06-21T10:47:23Z" finished-at="2020-06-21T10:47:23Z">
          <reporter-output>
          </reporter-output>
        </test-method> <!-- beforeClass -->
        <test-method status="PASS" signature="testGetAllCatalog()[pri:0, instance:remoteService.order.TC_Remote_Service_GetAllCatalog@312aa7c]" name="testGetAllCatalog" duration-ms="739" started-at="2020-06-21T10:47:23Z" finished-at="2020-06-21T10:47:24Z">
          <reporter-output>
          </reporter-output>
        </test-method> <!-- testGetAllCatalog -->
        <test-method status="PASS" signature="checkData()[pri:0, instance:remoteService.order.TC_Remote_Service_GetAllCatalog@312aa7c]" name="checkData" duration-ms="0" started-at="2020-06-21T10:47:24Z" depends-on-methods="remoteService.order.TC_Remote_Service_GetAllCatalog.testGetAllCatalog" finished-at="2020-06-21T10:47:24Z">
          <reporter-output>
          </reporter-output>
        </test-method> <!-- checkData -->
        <test-method status="PASS" signature="checkDB()[pri:0, instance:remoteService.order.TC_Remote_Service_GetAllCatalog@312aa7c]" name="checkDB" duration-ms="1" started-at="2020-06-21T10:47:24Z" depends-on-methods="remoteService.order.TC_Remote_Service_GetAllCatalog.checkData" finished-at="2020-06-21T10:47:24Z">
          <reporter-output>
          </reporter-output>
        </test-method> <!-- checkDB -->
        <test-method status="PASS" signature="afterClass()[pri:0, instance:remoteService.order.TC_Remote_Service_GetAllCatalog@70cf32e3]" name="afterClass" is-config="true" duration-ms="0" started-at="2020-06-21T10:47:24Z" finished-at="2020-06-21T10:47:24Z">
          <reporter-output>
          </reporter-output>
        </test-method> <!-- afterClass -->
        <test-method status="PASS" signature="setup()[pri:0, instance:remoteService.order.TC_Remote_Service_GetAllCatalog@70cf32e3]" name="setup" is-config="true" duration-ms="2" started-at="2020-06-21T10:47:24Z" finished-at="2020-06-21T10:47:24Z">
          <reporter-output>
          </reporter-output>
        </test-method> <!-- setup -->
        <test-method status="PASS" signature="beforeClass()[pri:0, instance:remoteService.order.TC_Remote_Service_GetAllCatalog@70cf32e3]" name="beforeClass" is-config="true" duration-ms="1" started-at="2020-06-21T10:47:24Z" finished-at="2020-06-21T10:47:24Z">
          <reporter-output>
          </reporter-output>
        </test-method> <!-- beforeClass -->
        <test-method status="PASS" signature="testGetAllCatalog()[pri:0, instance:remoteService.order.TC_Remote_Service_GetAllCatalog@45d84a20]" name="testGetAllCatalog" duration-ms="702" started-at="2020-06-21T10:47:24Z" finished-at="2020-06-21T10:47:25Z">
          <reporter-output>
          </reporter-output>
        </test-method> <!-- testGetAllCatalog -->
        <test-method status="PASS" signature="checkData()[pri:0, instance:remoteService.order.TC_Remote_Service_GetAllCatalog@45d84a20]" name="checkData" duration-ms="23" started-at="2020-06-21T10:47:25Z" depends-on-methods="remoteService.order.TC_Remote_Service_GetAllCatalog.testGetAllCatalog" finished-at="2020-06-21T10:47:25Z">
          <reporter-output>
          </reporter-output>
        </test-method> <!-- checkData -->
        <test-method status="PASS" signature="checkDB()[pri:0, instance:remoteService.order.TC_Remote_Service_GetAllCatalog@45d84a20]" name="checkDB" duration-ms="5020" started-at="2020-06-21T10:47:25Z" depends-on-methods="remoteService.order.TC_Remote_Service_GetAllCatalog.checkData" finished-at="2020-06-21T10:47:30Z">
          <reporter-output>
          </reporter-output>
        </test-method> <!-- checkDB -->
        <test-method status="PASS" signature="afterClass()[pri:0, instance:remoteService.order.TC_Remote_Service_GetAllCatalog@70cf32e3]" name="afterClass" is-config="true" duration-ms="6" started-at="2020-06-21T10:47:30Z" finished-at="2020-06-21T10:47:30Z">
          <reporter-output>
          </reporter-output>
        </test-method> <!-- afterClass -->
        <test-method status="PASS" signature="setup()[pri:0, instance:remoteService.order.TC_Remote_Service_GetAllCatalog@70cf32e3]" name="setup" is-config="true" duration-ms="2" started-at="2020-06-21T10:47:30Z" finished-at="2020-06-21T10:47:30Z">
          <reporter-output>
          </reporter-output>
        </test-method> <!-- setup -->
        <test-method status="PASS" signature="beforeClass()[pri:0, instance:remoteService.order.TC_Remote_Service_GetAllCatalog@70cf32e3]" name="beforeClass" is-config="true" duration-ms="1" started-at="2020-06-21T10:47:30Z" finished-at="2020-06-21T10:47:30Z">
          <reporter-output>
          </reporter-output>
        </test-method> <!-- beforeClass -->
        <test-method status="PASS" signature="testGetAllCatalog()[pri:0, instance:remoteService.order.TC_Remote_Service_GetAllCatalog@4a8355dd]" name="testGetAllCatalog" duration-ms="640" started-at="2020-06-21T10:47:30Z" finished-at="2020-06-21T10:47:30Z">
          <reporter-output>
          </reporter-output>
        </test-method> <!-- testGetAllCatalog -->
        <test-method status="PASS" signature="checkData()[pri:0, instance:remoteService.order.TC_Remote_Service_GetAllCatalog@4a8355dd]" name="checkData" duration-ms="1" started-at="2020-06-21T10:47:30Z" depends-on-methods="remoteService.order.TC_Remote_Service_GetAllCatalog.testGetAllCatalog" finished-at="2020-06-21T10:47:30Z">
          <reporter-output>
          </reporter-output>
        </test-method> <!-- checkData -->
        <test-method status="PASS" signature="checkDB()[pri:0, instance:remoteService.order.TC_Remote_Service_GetAllCatalog@4a8355dd]" name="checkDB" duration-ms="1" started-at="2020-06-21T10:47:30Z" depends-on-methods="remoteService.order.TC_Remote_Service_GetAllCatalog.checkData" finished-at="2020-06-21T10:47:30Z">
          <reporter-output>
          </reporter-output>
        </test-method> <!-- checkDB -->
        <test-method status="PASS" signature="afterClass()[pri:0, instance:remoteService.order.TC_Remote_Service_GetAllCatalog@70cf32e3]" name="afterClass" is-config="true" duration-ms="0" started-at="2020-06-21T10:47:30Z" finished-at="2020-06-21T10:47:30Z">
          <reporter-output>
          </reporter-output>
        </test-method> <!-- afterClass -->
        <test-method status="PASS" signature="setup()[pri:0, instance:remoteService.order.TC_Remote_Service_GetAllCatalog@70cf32e3]" name="setup" is-config="true" duration-ms="1" started-at="2020-06-21T10:47:30Z" finished-at="2020-06-21T10:47:30Z">
          <reporter-output>
          </reporter-output>
        </test-method> <!-- setup -->
        <test-method status="PASS" signature="beforeClass()[pri:0, instance:remoteService.order.TC_Remote_Service_GetAllCatalog@70cf32e3]" name="beforeClass" is-config="true" duration-ms="2" started-at="2020-06-21T10:47:30Z" finished-at="2020-06-21T10:47:30Z">
          <reporter-output>
          </reporter-output>
        </test-method> <!-- beforeClass -->
        <test-method status="PASS" signature="testGetAllCatalog()[pri:0, instance:remoteService.order.TC_Remote_Service_GetAllCatalog@4c163e3]" name="testGetAllCatalog" duration-ms="743" started-at="2020-06-21T10:47:30Z" finished-at="2020-06-21T10:47:31Z">
          <reporter-output>
          </reporter-output>
        </test-method> <!-- testGetAllCatalog -->
        <test-method status="PASS" signature="checkData()[pri:0, instance:remoteService.order.TC_Remote_Service_GetAllCatalog@4c163e3]" name="checkData" duration-ms="20" started-at="2020-06-21T10:47:31Z" depends-on-methods="remoteService.order.TC_Remote_Service_GetAllCatalog.testGetAllCatalog" finished-at="2020-06-21T10:47:31Z">
          <reporter-output>
          </reporter-output>
        </test-method> <!-- checkData -->
        <test-method status="PASS" signature="checkDB()[pri:0, instance:remoteService.order.TC_Remote_Service_GetAllCatalog@4c163e3]" name="checkDB" duration-ms="4343" started-at="2020-06-21T10:47:31Z" depends-on-methods="remoteService.order.TC_Remote_Service_GetAllCatalog.checkData" finished-at="2020-06-21T10:47:36Z">
          <reporter-output>
          </reporter-output>
        </test-method> <!-- checkDB -->
        <test-method status="PASS" signature="afterClass()[pri:0, instance:remoteService.order.TC_Remote_Service_GetAllCatalog@70cf32e3]" name="afterClass" is-config="true" duration-ms="1" started-at="2020-06-21T10:47:36Z" finished-at="2020-06-21T10:47:36Z">
          <reporter-output>
          </reporter-output>
        </test-method> <!-- afterClass -->
        <test-method status="PASS" signature="setup()[pri:0, instance:remoteService.order.TC_Remote_Service_GetAllCatalog@70cf32e3]" name="setup" is-config="true" duration-ms="1" started-at="2020-06-21T10:47:36Z" finished-at="2020-06-21T10:47:36Z">
          <reporter-output>
          </reporter-output>
        </test-method> <!-- setup -->
        <test-method status="PASS" signature="beforeClass()[pri:0, instance:remoteService.order.TC_Remote_Service_GetAllCatalog@70cf32e3]" name="beforeClass" is-config="true" duration-ms="1" started-at="2020-06-21T10:47:36Z" finished-at="2020-06-21T10:47:36Z">
          <reporter-output>
          </reporter-output>
        </test-method> <!-- beforeClass -->
        <test-method status="PASS" signature="testGetAllCatalog()[pri:0, instance:remoteService.order.TC_Remote_Service_GetAllCatalog@4d0d9fe7]" name="testGetAllCatalog" duration-ms="750" started-at="2020-06-21T10:47:36Z" finished-at="2020-06-21T10:47:36Z">
          <reporter-output>
          </reporter-output>
        </test-method> <!-- testGetAllCatalog -->
        <test-method status="PASS" signature="checkData()[pri:0, instance:remoteService.order.TC_Remote_Service_GetAllCatalog@4d0d9fe7]" name="checkData" duration-ms="2" started-at="2020-06-21T10:47:36Z" depends-on-methods="remoteService.order.TC_Remote_Service_GetAllCatalog.testGetAllCatalog" finished-at="2020-06-21T10:47:36Z">
          <reporter-output>
          </reporter-output>
        </test-method> <!-- checkData -->
        <test-method status="PASS" signature="checkDB()[pri:0, instance:remoteService.order.TC_Remote_Service_GetAllCatalog@4d0d9fe7]" name="checkDB" duration-ms="0" started-at="2020-06-21T10:47:36Z" depends-on-methods="remoteService.order.TC_Remote_Service_GetAllCatalog.checkData" finished-at="2020-06-21T10:47:36Z">
          <reporter-output>
          </reporter-output>
        </test-method> <!-- checkDB -->
        <test-method status="PASS" signature="afterClass()[pri:0, instance:remoteService.order.TC_Remote_Service_GetAllCatalog@70cf32e3]" name="afterClass" is-config="true" duration-ms="1" started-at="2020-06-21T10:47:36Z" finished-at="2020-06-21T10:47:36Z">
          <reporter-output>
          </reporter-output>
        </test-method> <!-- afterClass -->
        <test-method status="PASS" signature="setup()[pri:0, instance:remoteService.order.TC_Remote_Service_GetAllCatalog@70cf32e3]" name="setup" is-config="true" duration-ms="2" started-at="2020-06-21T10:47:36Z" finished-at="2020-06-21T10:47:36Z">
          <reporter-output>
          </reporter-output>
        </test-method> <!-- setup -->
        <test-method status="PASS" signature="beforeClass()[pri:0, instance:remoteService.order.TC_Remote_Service_GetAllCatalog@70cf32e3]" name="beforeClass" is-config="true" duration-ms="1" started-at="2020-06-21T10:47:36Z" finished-at="2020-06-21T10:47:36Z">
          <reporter-output>
          </reporter-output>
        </test-method> <!-- beforeClass -->
        <test-method status="PASS" signature="testGetAllCatalog()[pri:0, instance:remoteService.order.TC_Remote_Service_GetAllCatalog@52f27fbd]" name="testGetAllCatalog" duration-ms="705" started-at="2020-06-21T10:47:36Z" finished-at="2020-06-21T10:47:37Z">
          <reporter-output>
          </reporter-output>
        </test-method> <!-- testGetAllCatalog -->
        <test-method status="PASS" signature="checkData()[pri:0, instance:remoteService.order.TC_Remote_Service_GetAllCatalog@52f27fbd]" name="checkData" duration-ms="21" started-at="2020-06-21T10:47:37Z" depends-on-methods="remoteService.order.TC_Remote_Service_GetAllCatalog.testGetAllCatalog" finished-at="2020-06-21T10:47:37Z">
          <reporter-output>
          </reporter-output>
        </test-method> <!-- checkData -->
        <test-method status="PASS" signature="checkDB()[pri:0, instance:remoteService.order.TC_Remote_Service_GetAllCatalog@52f27fbd]" name="checkDB" duration-ms="5129" started-at="2020-06-21T10:47:37Z" depends-on-methods="remoteService.order.TC_Remote_Service_GetAllCatalog.checkData" finished-at="2020-06-21T10:47:42Z">
          <reporter-output>
          </reporter-output>
        </test-method> <!-- checkDB -->
        <test-method status="PASS" signature="afterClass()[pri:0, instance:remoteService.order.TC_Remote_Service_GetAllCatalog@70cf32e3]" name="afterClass" is-config="true" duration-ms="1" started-at="2020-06-21T10:47:42Z" finished-at="2020-06-21T10:47:42Z">
          <reporter-output>
          </reporter-output>
        </test-method> <!-- afterClass -->
        <test-method status="PASS" signature="setup()[pri:0, instance:remoteService.order.TC_Remote_Service_GetAllCatalog@70cf32e3]" name="setup" is-config="true" duration-ms="2" started-at="2020-06-21T10:47:42Z" finished-at="2020-06-21T10:47:42Z">
          <reporter-output>
          </reporter-output>
        </test-method> <!-- setup -->
        <test-method status="PASS" signature="beforeClass()[pri:0, instance:remoteService.order.TC_Remote_Service_GetAllCatalog@70cf32e3]" name="beforeClass" is-config="true" duration-ms="0" started-at="2020-06-21T10:47:42Z" finished-at="2020-06-21T10:47:42Z">
          <reporter-output>
          </reporter-output>
        </test-method> <!-- beforeClass -->
        <test-method status="PASS" signature="testGetAllCatalog()[pri:0, instance:remoteService.order.TC_Remote_Service_GetAllCatalog@536f2a7e]" name="testGetAllCatalog" duration-ms="737" started-at="2020-06-21T10:47:42Z" finished-at="2020-06-21T10:47:43Z">
          <reporter-output>
          </reporter-output>
        </test-method> <!-- testGetAllCatalog -->
        <test-method status="PASS" signature="checkData()[pri:0, instance:remoteService.order.TC_Remote_Service_GetAllCatalog@536f2a7e]" name="checkData" duration-ms="1" started-at="2020-06-21T10:47:43Z" depends-on-methods="remoteService.order.TC_Remote_Service_GetAllCatalog.testGetAllCatalog" finished-at="2020-06-21T10:47:43Z">
          <reporter-output>
          </reporter-output>
        </test-method> <!-- checkData -->
        <test-method status="PASS" signature="checkDB()[pri:0, instance:remoteService.order.TC_Remote_Service_GetAllCatalog@536f2a7e]" name="checkDB" duration-ms="4543" started-at="2020-06-21T10:47:43Z" depends-on-methods="remoteService.order.TC_Remote_Service_GetAllCatalog.checkData" finished-at="2020-06-21T10:47:47Z">
          <reporter-output>
          </reporter-output>
        </test-method> <!-- checkDB -->
        <test-method status="PASS" signature="afterClass()[pri:0, instance:remoteService.order.TC_Remote_Service_GetAllCatalog@70cf32e3]" name="afterClass" is-config="true" duration-ms="4" started-at="2020-06-21T10:47:47Z" finished-at="2020-06-21T10:47:47Z">
          <reporter-output>
          </reporter-output>
        </test-method> <!-- afterClass -->
        <test-method status="PASS" signature="setup()[pri:0, instance:remoteService.order.TC_Remote_Service_GetAllCatalog@70cf32e3]" name="setup" is-config="true" duration-ms="5" started-at="2020-06-21T10:47:47Z" finished-at="2020-06-21T10:47:47Z">
          <reporter-output>
          </reporter-output>
        </test-method> <!-- setup -->
        <test-method status="PASS" signature="beforeClass()[pri:0, instance:remoteService.order.TC_Remote_Service_GetAllCatalog@70cf32e3]" name="beforeClass" is-config="true" duration-ms="1" started-at="2020-06-21T10:47:47Z" finished-at="2020-06-21T10:47:47Z">
          <reporter-output>
          </reporter-output>
        </test-method> <!-- beforeClass -->
        <test-method status="PASS" signature="testGetAllCatalog()[pri:0, instance:remoteService.order.TC_Remote_Service_GetAllCatalog@66982506]" name="testGetAllCatalog" duration-ms="602" started-at="2020-06-21T10:47:47Z" finished-at="2020-06-21T10:47:48Z">
          <reporter-output>
          </reporter-output>
        </test-method> <!-- testGetAllCatalog -->
        <test-method status="PASS" signature="checkData()[pri:0, instance:remoteService.order.TC_Remote_Service_GetAllCatalog@66982506]" name="checkData" duration-ms="0" started-at="2020-06-21T10:47:48Z" depends-on-methods="remoteService.order.TC_Remote_Service_GetAllCatalog.testGetAllCatalog" finished-at="2020-06-21T10:47:48Z">
          <reporter-output>
          </reporter-output>
        </test-method> <!-- checkData -->
        <test-method status="PASS" signature="checkDB()[pri:0, instance:remoteService.order.TC_Remote_Service_GetAllCatalog@66982506]" name="checkDB" duration-ms="1" started-at="2020-06-21T10:47:48Z" depends-on-methods="remoteService.order.TC_Remote_Service_GetAllCatalog.checkData" finished-at="2020-06-21T10:47:48Z">
          <reporter-output>
          </reporter-output>
        </test-method> <!-- checkDB -->
        <test-method status="PASS" signature="afterClass()[pri:0, instance:remoteService.order.TC_Remote_Service_GetAllCatalog@70cf32e3]" name="afterClass" is-config="true" duration-ms="0" started-at="2020-06-21T10:47:48Z" finished-at="2020-06-21T10:47:48Z">
          <reporter-output>
          </reporter-output>
        </test-method> <!-- afterClass -->
        <test-method status="PASS" signature="setup()[pri:0, instance:remoteService.order.TC_Remote_Service_GetAllCatalog@70cf32e3]" name="setup" is-config="true" duration-ms="1" started-at="2020-06-21T10:47:48Z" finished-at="2020-06-21T10:47:48Z">
          <reporter-output>
          </reporter-output>
        </test-method> <!-- setup -->
        <test-method status="PASS" signature="beforeClass()[pri:0, instance:remoteService.order.TC_Remote_Service_GetAllCatalog@70cf32e3]" name="beforeClass" is-config="true" duration-ms="1" started-at="2020-06-21T10:47:48Z" finished-at="2020-06-21T10:47:48Z">
          <reporter-output>
          </reporter-output>
        </test-method> <!-- beforeClass -->
        <test-method status="PASS" signature="testGetAllCatalog()[pri:0, instance:remoteService.order.TC_Remote_Service_GetAllCatalog@70cf32e3]" name="testGetAllCatalog" duration-ms="873" started-at="2020-06-21T10:47:48Z" finished-at="2020-06-21T10:47:49Z">
          <reporter-output>
          </reporter-output>
        </test-method> <!-- testGetAllCatalog -->
        <test-method status="PASS" signature="checkData()[pri:0, instance:remoteService.order.TC_Remote_Service_GetAllCatalog@70cf32e3]" name="checkData" duration-ms="1" started-at="2020-06-21T10:47:49Z" depends-on-methods="remoteService.order.TC_Remote_Service_GetAllCatalog.testGetAllCatalog" finished-at="2020-06-21T10:47:49Z">
          <reporter-output>
          </reporter-output>
        </test-method> <!-- checkData -->
        <test-method status="PASS" signature="checkDB()[pri:0, instance:remoteService.order.TC_Remote_Service_GetAllCatalog@70cf32e3]" name="checkDB" duration-ms="0" started-at="2020-06-21T10:47:49Z" depends-on-methods="remoteService.order.TC_Remote_Service_GetAllCatalog.checkData" finished-at="2020-06-21T10:47:49Z">
          <reporter-output>
          </reporter-output>
        </test-method> <!-- checkDB -->
        <test-method status="PASS" signature="afterClass()[pri:0, instance:remoteService.order.TC_Remote_Service_GetAllCatalog@70cf32e3]" name="afterClass" is-config="true" duration-ms="1" started-at="2020-06-21T10:47:49Z" finished-at="2020-06-21T10:47:49Z">
          <reporter-output>
          </reporter-output>
        </test-method> <!-- afterClass -->
        <test-method status="PASS" signature="setup()[pri:0, instance:remoteService.order.TC_Remote_Service_GetAllCatalog@70cf32e3]" name="setup" is-config="true" duration-ms="1" started-at="2020-06-21T10:47:49Z" finished-at="2020-06-21T10:47:49Z">
          <reporter-output>
          </reporter-output>
        </test-method> <!-- setup -->
        <test-method status="PASS" signature="beforeClass()[pri:0, instance:remoteService.order.TC_Remote_Service_GetAllCatalog@70cf32e3]" name="beforeClass" is-config="true" duration-ms="1" started-at="2020-06-21T10:47:49Z" finished-at="2020-06-21T10:47:49Z">
          <reporter-output>
          </reporter-output>
        </test-method> <!-- beforeClass -->
        <test-method status="PASS" signature="testGetAllCatalog()[pri:0, instance:remoteService.order.TC_Remote_Service_GetAllCatalog@723ca036]" name="testGetAllCatalog" duration-ms="644" started-at="2020-06-21T10:47:49Z" finished-at="2020-06-21T10:47:50Z">
          <reporter-output>
          </reporter-output>
        </test-method> <!-- testGetAllCatalog -->
        <test-method status="PASS" signature="checkData()[pri:0, instance:remoteService.order.TC_Remote_Service_GetAllCatalog@723ca036]" name="checkData" duration-ms="19" started-at="2020-06-21T10:47:50Z" depends-on-methods="remoteService.order.TC_Remote_Service_GetAllCatalog.testGetAllCatalog" finished-at="2020-06-21T10:47:50Z">
          <reporter-output>
          </reporter-output>
        </test-method> <!-- checkData -->
        <test-method status="PASS" signature="checkDB()[pri:0, instance:remoteService.order.TC_Remote_Service_GetAllCatalog@723ca036]" name="checkDB" duration-ms="5186" started-at="2020-06-21T10:47:50Z" depends-on-methods="remoteService.order.TC_Remote_Service_GetAllCatalog.checkData" finished-at="2020-06-21T10:47:55Z">
          <reporter-output>
          </reporter-output>
        </test-method> <!-- checkDB -->
        <test-method status="PASS" signature="afterClass()[pri:0, instance:remoteService.order.TC_Remote_Service_GetAllCatalog@70cf32e3]" name="afterClass" is-config="true" duration-ms="0" started-at="2020-06-21T10:47:55Z" finished-at="2020-06-21T10:47:55Z">
          <reporter-output>
          </reporter-output>
        </test-method> <!-- afterClass -->
        <test-method status="PASS" signature="setup()[pri:0, instance:remoteService.order.TC_Remote_Service_GetAllCatalog@70cf32e3]" name="setup" is-config="true" duration-ms="1" started-at="2020-06-21T10:47:55Z" finished-at="2020-06-21T10:47:55Z">
          <reporter-output>
          </reporter-output>
        </test-method> <!-- setup -->
        <test-method status="PASS" signature="beforeClass()[pri:0, instance:remoteService.order.TC_Remote_Service_GetAllCatalog@70cf32e3]" name="beforeClass" is-config="true" duration-ms="1" started-at="2020-06-21T10:47:55Z" finished-at="2020-06-21T10:47:55Z">
          <reporter-output>
          </reporter-output>
        </test-method> <!-- beforeClass -->
        <test-method status="PASS" signature="testGetAllCatalog()[pri:0, instance:remoteService.order.TC_Remote_Service_GetAllCatalog@72bc6553]" name="testGetAllCatalog" duration-ms="728" started-at="2020-06-21T10:47:55Z" finished-at="2020-06-21T10:47:56Z">
          <reporter-output>
          </reporter-output>
        </test-method> <!-- testGetAllCatalog -->
        <test-method status="PASS" signature="checkData()[pri:0, instance:remoteService.order.TC_Remote_Service_GetAllCatalog@72bc6553]" name="checkData" duration-ms="1" started-at="2020-06-21T10:47:56Z" depends-on-methods="remoteService.order.TC_Remote_Service_GetAllCatalog.testGetAllCatalog" finished-at="2020-06-21T10:47:56Z">
          <reporter-output>
          </reporter-output>
        </test-method> <!-- checkData -->
        <test-method status="PASS" signature="checkDB()[pri:0, instance:remoteService.order.TC_Remote_Service_GetAllCatalog@72bc6553]" name="checkDB" duration-ms="1" started-at="2020-06-21T10:47:56Z" depends-on-methods="remoteService.order.TC_Remote_Service_GetAllCatalog.checkData" finished-at="2020-06-21T10:47:56Z">
          <reporter-output>
          </reporter-output>
        </test-method> <!-- checkDB -->
        <test-method status="PASS" signature="afterClass()[pri:0, instance:remoteService.order.TC_Remote_Service_GetAllCatalog@70cf32e3]" name="afterClass" is-config="true" duration-ms="1" started-at="2020-06-21T10:47:56Z" finished-at="2020-06-21T10:47:56Z">
          <reporter-output>
          </reporter-output>
        </test-method> <!-- afterClass -->
        <test-method status="PASS" signature="setup()[pri:0, instance:remoteService.order.TC_Remote_Service_GetAllCatalog@70cf32e3]" name="setup" is-config="true" duration-ms="1" started-at="2020-06-21T10:47:56Z" finished-at="2020-06-21T10:47:56Z">
          <reporter-output>
          </reporter-output>
        </test-method> <!-- setup -->
        <test-method status="PASS" signature="beforeClass()[pri:0, instance:remoteService.order.TC_Remote_Service_GetAllCatalog@70cf32e3]" name="beforeClass" is-config="true" duration-ms="1" started-at="2020-06-21T10:47:56Z" finished-at="2020-06-21T10:47:56Z">
          <reporter-output>
          </reporter-output>
        </test-method> <!-- beforeClass -->
        <test-method status="PASS" signature="testGetAllCatalog()[pri:0, instance:remoteService.order.TC_Remote_Service_GetAllCatalog@c430e6c]" name="testGetAllCatalog" duration-ms="811" started-at="2020-06-21T10:47:56Z" finished-at="2020-06-21T10:47:56Z">
          <reporter-output>
          </reporter-output>
        </test-method> <!-- testGetAllCatalog -->
        <test-method status="PASS" signature="checkData()[pri:0, instance:remoteService.order.TC_Remote_Service_GetAllCatalog@c430e6c]" name="checkData" duration-ms="0" started-at="2020-06-21T10:47:56Z" depends-on-methods="remoteService.order.TC_Remote_Service_GetAllCatalog.testGetAllCatalog" finished-at="2020-06-21T10:47:56Z">
          <reporter-output>
          </reporter-output>
        </test-method> <!-- checkData -->
        <test-method status="PASS" signature="checkDB()[pri:0, instance:remoteService.order.TC_Remote_Service_GetAllCatalog@c430e6c]" name="checkDB" duration-ms="0" started-at="2020-06-21T10:47:56Z" depends-on-methods="remoteService.order.TC_Remote_Service_GetAllCatalog.checkData" finished-at="2020-06-21T10:47:56Z">
          <reporter-output>
          </reporter-output>
        </test-method> <!-- checkDB -->
        <test-method status="PASS" signature="afterClass()[pri:0, instance:remoteService.order.TC_Remote_Service_GetAllCatalog@70cf32e3]" name="afterClass" is-config="true" duration-ms="0" started-at="2020-06-21T10:47:56Z" finished-at="2020-06-21T10:47:56Z">
          <reporter-output>
          </reporter-output>
        </test-method> <!-- afterClass -->
      </class> <!-- remoteService.order.TC_Remote_Service_GetAllCatalog -->
    </test> <!-- DANA Pulsa Remote Service Order - Get All Catalog -->
  </suite> <!-- DANA Pulsa Suite -->
</testng-results>
