<?xml version="1.0" encoding="UTF-8"?>
<testng-results skipped="0" failed="0" ignored="0" total="42" passed="42">
  <reporter-output>
  </reporter-output>
  <suite name="DANA Pulsa Suite" duration-ms="675040" started-at="2020-06-18T15:05:41Z" finished-at="2020-06-18T15:16:56Z">
    <groups>
    </groups>
    <test name="DanaPulsaTestOrder" duration-ms="675040" started-at="2020-06-18T15:05:41Z" finished-at="2020-06-18T15:16:56Z">
      <class name="testCases.order.TC_Create_Order">
        <test-method status="PASS" signature="setup()[pri:0, instance:testCases.order.TC_Create_Order@1c5920df]" name="setup" is-config="true" duration-ms="44" started-at="2020-06-18T15:05:41Z" finished-at="2020-06-18T15:05:41Z">
          <reporter-output>
          </reporter-output>
        </test-method> <!-- setup -->
        <test-method status="PASS" signature="beforeClass()[pri:0, instance:testCases.order.TC_Create_Order@1c5920df]" name="beforeClass" is-config="true" duration-ms="32456" started-at="2020-06-18T15:05:41Z" finished-at="2020-06-18T15:06:13Z">
          <reporter-output>
          </reporter-output>
        </test-method> <!-- beforeClass -->
        <test-method status="PASS" signature="testCreateOrder()[pri:0, instance:testCases.order.TC_Create_Order@1c5920df]" name="testCreateOrder" duration-ms="5954" started-at="2020-06-18T15:06:13Z" finished-at="2020-06-18T15:06:19Z">
          <reporter-output>
          </reporter-output>
        </test-method> <!-- testCreateOrder -->
        <test-method status="PASS" signature="checkData()[pri:0, instance:testCases.order.TC_Create_Order@1c5920df]" name="checkData" duration-ms="1" started-at="2020-06-18T15:06:19Z" depends-on-methods="testCases.order.TC_Create_Order.testCreateOrder" finished-at="2020-06-18T15:06:19Z">
          <reporter-output>
          </reporter-output>
        </test-method> <!-- checkData -->
        <test-method status="PASS" signature="checkDB()[pri:0, instance:testCases.order.TC_Create_Order@1c5920df]" name="checkDB" duration-ms="14019" started-at="2020-06-18T15:06:19Z" depends-on-methods="testCases.order.TC_Create_Order.checkData" finished-at="2020-06-18T15:06:33Z">
          <reporter-output>
          </reporter-output>
        </test-method> <!-- checkDB -->
        <test-method status="PASS" signature="afterClass()[pri:0, instance:testCases.order.TC_Create_Order@1c5920df]" name="afterClass" is-config="true" duration-ms="20268" started-at="2020-06-18T15:06:33Z" finished-at="2020-06-18T15:06:54Z">
          <reporter-output>
          </reporter-output>
        </test-method> <!-- afterClass -->
        <test-method status="PASS" signature="setup()[pri:0, instance:testCases.order.TC_Create_Order@1c5920df]" name="setup" is-config="true" duration-ms="2" started-at="2020-06-18T15:06:54Z" finished-at="2020-06-18T15:06:54Z">
          <reporter-output>
          </reporter-output>
        </test-method> <!-- setup -->
        <test-method status="PASS" signature="beforeClass()[pri:0, instance:testCases.order.TC_Create_Order@1c5920df]" name="beforeClass" is-config="true" duration-ms="25154" started-at="2020-06-18T15:06:54Z" finished-at="2020-06-18T15:07:19Z">
          <reporter-output>
          </reporter-output>
        </test-method> <!-- beforeClass -->
        <test-method status="PASS" signature="testCreateOrder()[pri:0, instance:testCases.order.TC_Create_Order@33065d67]" name="testCreateOrder" duration-ms="5751" started-at="2020-06-18T15:07:19Z" finished-at="2020-06-18T15:07:25Z">
          <reporter-output>
          </reporter-output>
        </test-method> <!-- testCreateOrder -->
        <test-method status="PASS" signature="checkData()[pri:0, instance:testCases.order.TC_Create_Order@33065d67]" name="checkData" duration-ms="1" started-at="2020-06-18T15:07:25Z" depends-on-methods="testCases.order.TC_Create_Order.testCreateOrder" finished-at="2020-06-18T15:07:25Z">
          <reporter-output>
          </reporter-output>
        </test-method> <!-- checkData -->
        <test-method status="PASS" signature="checkDB()[pri:0, instance:testCases.order.TC_Create_Order@33065d67]" name="checkDB" duration-ms="9829" started-at="2020-06-18T15:07:25Z" depends-on-methods="testCases.order.TC_Create_Order.checkData" finished-at="2020-06-18T15:07:34Z">
          <reporter-output>
          </reporter-output>
        </test-method> <!-- checkDB -->
        <test-method status="PASS" signature="afterClass()[pri:0, instance:testCases.order.TC_Create_Order@1c5920df]" name="afterClass" is-config="true" duration-ms="19005" started-at="2020-06-18T15:07:34Z" finished-at="2020-06-18T15:07:53Z">
          <reporter-output>
          </reporter-output>
        </test-method> <!-- afterClass -->
        <test-method status="PASS" signature="setup()[pri:0, instance:testCases.order.TC_Create_Order@1c5920df]" name="setup" is-config="true" duration-ms="3" started-at="2020-06-18T15:07:53Z" finished-at="2020-06-18T15:07:53Z">
          <reporter-output>
          </reporter-output>
        </test-method> <!-- setup -->
        <test-method status="PASS" signature="beforeClass()[pri:0, instance:testCases.order.TC_Create_Order@1c5920df]" name="beforeClass" is-config="true" duration-ms="26927" started-at="2020-06-18T15:07:53Z" finished-at="2020-06-18T15:08:20Z">
          <reporter-output>
          </reporter-output>
        </test-method> <!-- beforeClass -->
        <test-method status="PASS" signature="testCreateOrder()[pri:0, instance:testCases.order.TC_Create_Order@350aac89]" name="testCreateOrder" duration-ms="1727" started-at="2020-06-18T15:08:20Z" finished-at="2020-06-18T15:08:22Z">
          <reporter-output>
          </reporter-output>
        </test-method> <!-- testCreateOrder -->
        <test-method status="PASS" signature="checkData()[pri:0, instance:testCases.order.TC_Create_Order@350aac89]" name="checkData" duration-ms="1" started-at="2020-06-18T15:08:22Z" depends-on-methods="testCases.order.TC_Create_Order.testCreateOrder" finished-at="2020-06-18T15:08:22Z">
          <reporter-output>
          </reporter-output>
        </test-method> <!-- checkData -->
        <test-method status="PASS" signature="checkDB()[pri:0, instance:testCases.order.TC_Create_Order@350aac89]" name="checkDB" duration-ms="2" started-at="2020-06-18T15:08:22Z" depends-on-methods="testCases.order.TC_Create_Order.checkData" finished-at="2020-06-18T15:08:22Z">
          <reporter-output>
          </reporter-output>
        </test-method> <!-- checkDB -->
        <test-method status="PASS" signature="afterClass()[pri:0, instance:testCases.order.TC_Create_Order@1c5920df]" name="afterClass" is-config="true" duration-ms="19052" started-at="2020-06-18T15:08:22Z" finished-at="2020-06-18T15:08:41Z">
          <reporter-output>
          </reporter-output>
        </test-method> <!-- afterClass -->
        <test-method status="PASS" signature="setup()[pri:0, instance:testCases.order.TC_Create_Order@1c5920df]" name="setup" is-config="true" duration-ms="3" started-at="2020-06-18T15:08:41Z" finished-at="2020-06-18T15:08:41Z">
          <reporter-output>
          </reporter-output>
        </test-method> <!-- setup -->
        <test-method status="PASS" signature="testCreateOrder()[pri:0, instance:testCases.order.TC_Create_Order@3a7442c7]" name="testCreateOrder" duration-ms="844" started-at="2020-06-18T15:08:41Z" finished-at="2020-06-18T15:08:42Z">
          <reporter-output>
          </reporter-output>
        </test-method> <!-- testCreateOrder -->
        <test-method status="PASS" signature="beforeClass()[pri:0, instance:testCases.order.TC_Create_Order@1c5920df]" name="beforeClass" is-config="true" duration-ms="0" started-at="2020-06-18T15:08:41Z" finished-at="2020-06-18T15:08:41Z">
          <reporter-output>
          </reporter-output>
        </test-method> <!-- beforeClass -->
        <test-method status="PASS" signature="checkData()[pri:0, instance:testCases.order.TC_Create_Order@3a7442c7]" name="checkData" duration-ms="1" started-at="2020-06-18T15:08:42Z" depends-on-methods="testCases.order.TC_Create_Order.testCreateOrder" finished-at="2020-06-18T15:08:42Z">
          <reporter-output>
          </reporter-output>
        </test-method> <!-- checkData -->
        <test-method status="PASS" signature="checkDB()[pri:0, instance:testCases.order.TC_Create_Order@3a7442c7]" name="checkDB" duration-ms="1" started-at="2020-06-18T15:08:42Z" depends-on-methods="testCases.order.TC_Create_Order.checkData" finished-at="2020-06-18T15:08:42Z">
          <reporter-output>
          </reporter-output>
        </test-method> <!-- checkDB -->
        <test-method status="PASS" signature="afterClass()[pri:0, instance:testCases.order.TC_Create_Order@1c5920df]" name="afterClass" is-config="true" duration-ms="4782" started-at="2020-06-18T15:08:42Z" finished-at="2020-06-18T15:08:47Z">
          <reporter-output>
          </reporter-output>
        </test-method> <!-- afterClass -->
        <test-method status="PASS" signature="setup()[pri:0, instance:testCases.order.TC_Create_Order@1c5920df]" name="setup" is-config="true" duration-ms="1" started-at="2020-06-18T15:08:47Z" finished-at="2020-06-18T15:08:47Z">
          <reporter-output>
          </reporter-output>
        </test-method> <!-- setup -->
        <test-method status="PASS" signature="beforeClass()[pri:0, instance:testCases.order.TC_Create_Order@1c5920df]" name="beforeClass" is-config="true" duration-ms="26102" started-at="2020-06-18T15:08:47Z" finished-at="2020-06-18T15:09:13Z">
          <reporter-output>
          </reporter-output>
        </test-method> <!-- beforeClass -->
        <test-method status="PASS" signature="testCreateOrder()[pri:0, instance:testCases.order.TC_Create_Order@4b013c76]" name="testCreateOrder" duration-ms="7598" started-at="2020-06-18T15:09:13Z" finished-at="2020-06-18T15:09:20Z">
          <reporter-output>
          </reporter-output>
        </test-method> <!-- testCreateOrder -->
        <test-method status="PASS" signature="checkData()[pri:0, instance:testCases.order.TC_Create_Order@4b013c76]" name="checkData" duration-ms="0" started-at="2020-06-18T15:09:20Z" depends-on-methods="testCases.order.TC_Create_Order.testCreateOrder" finished-at="2020-06-18T15:09:20Z">
          <reporter-output>
          </reporter-output>
        </test-method> <!-- checkData -->
        <test-method status="PASS" signature="checkDB()[pri:0, instance:testCases.order.TC_Create_Order@4b013c76]" name="checkDB" duration-ms="1" started-at="2020-06-18T15:09:20Z" depends-on-methods="testCases.order.TC_Create_Order.checkData" finished-at="2020-06-18T15:09:20Z">
          <reporter-output>
          </reporter-output>
        </test-method> <!-- checkDB -->
        <test-method status="PASS" signature="afterClass()[pri:0, instance:testCases.order.TC_Create_Order@1c5920df]" name="afterClass" is-config="true" duration-ms="19015" started-at="2020-06-18T15:09:20Z" finished-at="2020-06-18T15:09:39Z">
          <reporter-output>
          </reporter-output>
        </test-method> <!-- afterClass -->
        <test-method status="PASS" signature="setup()[pri:0, instance:testCases.order.TC_Create_Order@1c5920df]" name="setup" is-config="true" duration-ms="1" started-at="2020-06-18T15:09:39Z" finished-at="2020-06-18T15:09:39Z">
          <reporter-output>
          </reporter-output>
        </test-method> <!-- setup -->
        <test-method status="PASS" signature="beforeClass()[pri:0, instance:testCases.order.TC_Create_Order@1c5920df]" name="beforeClass" is-config="true" duration-ms="1" started-at="2020-06-18T15:09:39Z" finished-at="2020-06-18T15:09:39Z">
          <reporter-output>
          </reporter-output>
        </test-method> <!-- beforeClass -->
        <test-method status="PASS" signature="testCreateOrder()[pri:0, instance:testCases.order.TC_Create_Order@4be29ed9]" name="testCreateOrder" duration-ms="1250" started-at="2020-06-18T15:09:39Z" finished-at="2020-06-18T15:09:41Z">
          <reporter-output>
          </reporter-output>
        </test-method> <!-- testCreateOrder -->
        <test-method status="PASS" signature="checkData()[pri:0, instance:testCases.order.TC_Create_Order@4be29ed9]" name="checkData" duration-ms="0" started-at="2020-06-18T15:09:41Z" depends-on-methods="testCases.order.TC_Create_Order.testCreateOrder" finished-at="2020-06-18T15:09:41Z">
          <reporter-output>
          </reporter-output>
        </test-method> <!-- checkData -->
        <test-method status="PASS" signature="checkDB()[pri:0, instance:testCases.order.TC_Create_Order@4be29ed9]" name="checkDB" duration-ms="0" started-at="2020-06-18T15:09:41Z" depends-on-methods="testCases.order.TC_Create_Order.checkData" finished-at="2020-06-18T15:09:41Z">
          <reporter-output>
          </reporter-output>
        </test-method> <!-- checkDB -->
        <test-method status="PASS" signature="afterClass()[pri:0, instance:testCases.order.TC_Create_Order@1c5920df]" name="afterClass" is-config="true" duration-ms="4688" started-at="2020-06-18T15:09:41Z" finished-at="2020-06-18T15:09:45Z">
          <reporter-output>
          </reporter-output>
        </test-method> <!-- afterClass -->
        <test-method status="PASS" signature="setup()[pri:0, instance:testCases.order.TC_Create_Order@1c5920df]" name="setup" is-config="true" duration-ms="1" started-at="2020-06-18T15:09:45Z" finished-at="2020-06-18T15:09:45Z">
          <reporter-output>
          </reporter-output>
        </test-method> <!-- setup -->
        <test-method status="PASS" signature="beforeClass()[pri:0, instance:testCases.order.TC_Create_Order@1c5920df]" name="beforeClass" is-config="true" duration-ms="25978" started-at="2020-06-18T15:09:45Z" finished-at="2020-06-18T15:10:11Z">
          <reporter-output>
          </reporter-output>
        </test-method> <!-- beforeClass -->
        <test-method status="PASS" signature="testCreateOrder()[pri:0, instance:testCases.order.TC_Create_Order@53fb3dab]" name="testCreateOrder" duration-ms="5746" started-at="2020-06-18T15:10:11Z" finished-at="2020-06-18T15:10:17Z">
          <reporter-output>
          </reporter-output>
        </test-method> <!-- testCreateOrder -->
        <test-method status="PASS" signature="checkData()[pri:0, instance:testCases.order.TC_Create_Order@53fb3dab]" name="checkData" duration-ms="1" started-at="2020-06-18T15:10:17Z" depends-on-methods="testCases.order.TC_Create_Order.testCreateOrder" finished-at="2020-06-18T15:10:17Z">
          <reporter-output>
          </reporter-output>
        </test-method> <!-- checkData -->
        <test-method status="PASS" signature="checkDB()[pri:0, instance:testCases.order.TC_Create_Order@53fb3dab]" name="checkDB" duration-ms="0" started-at="2020-06-18T15:10:17Z" depends-on-methods="testCases.order.TC_Create_Order.checkData" finished-at="2020-06-18T15:10:17Z">
          <reporter-output>
          </reporter-output>
        </test-method> <!-- checkDB -->
        <test-method status="PASS" signature="afterClass()[pri:0, instance:testCases.order.TC_Create_Order@1c5920df]" name="afterClass" is-config="true" duration-ms="20286" started-at="2020-06-18T15:10:17Z" finished-at="2020-06-18T15:10:37Z">
          <reporter-output>
          </reporter-output>
        </test-method> <!-- afterClass -->
        <test-method status="PASS" signature="setup()[pri:0, instance:testCases.order.TC_Create_Order@1c5920df]" name="setup" is-config="true" duration-ms="3" started-at="2020-06-18T15:10:37Z" finished-at="2020-06-18T15:10:37Z">
          <reporter-output>
          </reporter-output>
        </test-method> <!-- setup -->
        <test-method status="PASS" signature="beforeClass()[pri:0, instance:testCases.order.TC_Create_Order@1c5920df]" name="beforeClass" is-config="true" duration-ms="26417" started-at="2020-06-18T15:10:37Z" finished-at="2020-06-18T15:11:04Z">
          <reporter-output>
          </reporter-output>
        </test-method> <!-- beforeClass -->
        <test-method status="PASS" signature="testCreateOrder()[pri:0, instance:testCases.order.TC_Create_Order@548d708a]" name="testCreateOrder" duration-ms="5623" started-at="2020-06-18T15:11:04Z" finished-at="2020-06-18T15:11:09Z">
          <reporter-output>
          </reporter-output>
        </test-method> <!-- testCreateOrder -->
        <test-method status="PASS" signature="checkData()[pri:0, instance:testCases.order.TC_Create_Order@548d708a]" name="checkData" duration-ms="1" started-at="2020-06-18T15:11:09Z" depends-on-methods="testCases.order.TC_Create_Order.testCreateOrder" finished-at="2020-06-18T15:11:09Z">
          <reporter-output>
          </reporter-output>
        </test-method> <!-- checkData -->
        <test-method status="PASS" signature="checkDB()[pri:0, instance:testCases.order.TC_Create_Order@548d708a]" name="checkDB" duration-ms="1" started-at="2020-06-18T15:11:09Z" depends-on-methods="testCases.order.TC_Create_Order.checkData" finished-at="2020-06-18T15:11:09Z">
          <reporter-output>
          </reporter-output>
        </test-method> <!-- checkDB -->
        <test-method status="PASS" signature="afterClass()[pri:0, instance:testCases.order.TC_Create_Order@1c5920df]" name="afterClass" is-config="true" duration-ms="19364" started-at="2020-06-18T15:11:09Z" finished-at="2020-06-18T15:11:29Z">
          <reporter-output>
          </reporter-output>
        </test-method> <!-- afterClass -->
        <test-method status="PASS" signature="setup()[pri:0, instance:testCases.order.TC_Create_Order@1c5920df]" name="setup" is-config="true" duration-ms="2" started-at="2020-06-18T15:11:29Z" finished-at="2020-06-18T15:11:29Z">
          <reporter-output>
          </reporter-output>
        </test-method> <!-- setup -->
        <test-method status="PASS" signature="beforeClass()[pri:0, instance:testCases.order.TC_Create_Order@1c5920df]" name="beforeClass" is-config="true" duration-ms="25794" started-at="2020-06-18T15:11:29Z" finished-at="2020-06-18T15:11:55Z">
          <reporter-output>
          </reporter-output>
        </test-method> <!-- beforeClass -->
        <test-method status="PASS" signature="testCreateOrder()[pri:0, instance:testCases.order.TC_Create_Order@6bbe85a8]" name="testCreateOrder" duration-ms="6409" started-at="2020-06-18T15:11:55Z" finished-at="2020-06-18T15:12:01Z">
          <reporter-output>
          </reporter-output>
        </test-method> <!-- testCreateOrder -->
        <test-method status="PASS" signature="checkData()[pri:0, instance:testCases.order.TC_Create_Order@6bbe85a8]" name="checkData" duration-ms="79" started-at="2020-06-18T15:12:01Z" depends-on-methods="testCases.order.TC_Create_Order.testCreateOrder" finished-at="2020-06-18T15:12:01Z">
          <reporter-output>
          </reporter-output>
        </test-method> <!-- checkData -->
        <test-method status="PASS" signature="checkDB()[pri:0, instance:testCases.order.TC_Create_Order@6bbe85a8]" name="checkDB" duration-ms="4187" started-at="2020-06-18T15:12:01Z" depends-on-methods="testCases.order.TC_Create_Order.checkData" finished-at="2020-06-18T15:12:05Z">
          <reporter-output>
          </reporter-output>
        </test-method> <!-- checkDB -->
        <test-method status="PASS" signature="afterClass()[pri:0, instance:testCases.order.TC_Create_Order@1c5920df]" name="afterClass" is-config="true" duration-ms="19356" started-at="2020-06-18T15:12:05Z" finished-at="2020-06-18T15:12:25Z">
          <reporter-output>
          </reporter-output>
        </test-method> <!-- afterClass -->
        <test-method status="PASS" signature="setup()[pri:0, instance:testCases.order.TC_Create_Order@1c5920df]" name="setup" is-config="true" duration-ms="2" started-at="2020-06-18T15:12:25Z" finished-at="2020-06-18T15:12:25Z">
          <reporter-output>
          </reporter-output>
        </test-method> <!-- setup -->
        <test-method status="PASS" signature="beforeClass()[pri:0, instance:testCases.order.TC_Create_Order@1c5920df]" name="beforeClass" is-config="true" duration-ms="23805" started-at="2020-06-18T15:12:25Z" finished-at="2020-06-18T15:12:48Z">
          <reporter-output>
          </reporter-output>
        </test-method> <!-- beforeClass -->
        <test-method status="PASS" signature="testCreateOrder()[pri:0, instance:testCases.order.TC_Create_Order@712625fd]" name="testCreateOrder" duration-ms="5770" started-at="2020-06-18T15:12:48Z" finished-at="2020-06-18T15:12:54Z">
          <reporter-output>
          </reporter-output>
        </test-method> <!-- testCreateOrder -->
        <test-method status="PASS" signature="checkData()[pri:0, instance:testCases.order.TC_Create_Order@712625fd]" name="checkData" duration-ms="1" started-at="2020-06-18T15:12:54Z" depends-on-methods="testCases.order.TC_Create_Order.testCreateOrder" finished-at="2020-06-18T15:12:54Z">
          <reporter-output>
          </reporter-output>
        </test-method> <!-- checkData -->
        <test-method status="PASS" signature="checkDB()[pri:0, instance:testCases.order.TC_Create_Order@712625fd]" name="checkDB" duration-ms="0" started-at="2020-06-18T15:12:54Z" depends-on-methods="testCases.order.TC_Create_Order.checkData" finished-at="2020-06-18T15:12:54Z">
          <reporter-output>
          </reporter-output>
        </test-method> <!-- checkDB -->
        <test-method status="PASS" signature="afterClass()[pri:0, instance:testCases.order.TC_Create_Order@1c5920df]" name="afterClass" is-config="true" duration-ms="20084" started-at="2020-06-18T15:12:54Z" finished-at="2020-06-18T15:13:14Z">
          <reporter-output>
          </reporter-output>
        </test-method> <!-- afterClass -->
        <test-method status="PASS" signature="setup()[pri:0, instance:testCases.order.TC_Create_Order@1c5920df]" name="setup" is-config="true" duration-ms="2" started-at="2020-06-18T15:13:14Z" finished-at="2020-06-18T15:13:14Z">
          <reporter-output>
          </reporter-output>
        </test-method> <!-- setup -->
        <test-method status="PASS" signature="beforeClass()[pri:0, instance:testCases.order.TC_Create_Order@1c5920df]" name="beforeClass" is-config="true" duration-ms="26386" started-at="2020-06-18T15:13:14Z" finished-at="2020-06-18T15:13:41Z">
          <reporter-output>
          </reporter-output>
        </test-method> <!-- beforeClass -->
        <test-method status="PASS" signature="testCreateOrder()[pri:0, instance:testCases.order.TC_Create_Order@742ff096]" name="testCreateOrder" duration-ms="1870" started-at="2020-06-18T15:13:41Z" finished-at="2020-06-18T15:13:43Z">
          <reporter-output>
          </reporter-output>
        </test-method> <!-- testCreateOrder -->
        <test-method status="PASS" signature="checkData()[pri:0, instance:testCases.order.TC_Create_Order@742ff096]" name="checkData" duration-ms="1" started-at="2020-06-18T15:13:43Z" depends-on-methods="testCases.order.TC_Create_Order.testCreateOrder" finished-at="2020-06-18T15:13:43Z">
          <reporter-output>
          </reporter-output>
        </test-method> <!-- checkData -->
        <test-method status="PASS" signature="checkDB()[pri:0, instance:testCases.order.TC_Create_Order@742ff096]" name="checkDB" duration-ms="1" started-at="2020-06-18T15:13:43Z" depends-on-methods="testCases.order.TC_Create_Order.checkData" finished-at="2020-06-18T15:13:43Z">
          <reporter-output>
          </reporter-output>
        </test-method> <!-- checkDB -->
        <test-method status="PASS" signature="afterClass()[pri:0, instance:testCases.order.TC_Create_Order@1c5920df]" name="afterClass" is-config="true" duration-ms="19629" started-at="2020-06-18T15:13:43Z" finished-at="2020-06-18T15:14:02Z">
          <reporter-output>
          </reporter-output>
        </test-method> <!-- afterClass -->
        <test-method status="PASS" signature="setup()[pri:0, instance:testCases.order.TC_Create_Order@1c5920df]" name="setup" is-config="true" duration-ms="2" started-at="2020-06-18T15:14:02Z" finished-at="2020-06-18T15:14:02Z">
          <reporter-output>
          </reporter-output>
        </test-method> <!-- setup -->
        <test-method status="PASS" signature="beforeClass()[pri:0, instance:testCases.order.TC_Create_Order@1c5920df]" name="beforeClass" is-config="true" duration-ms="27438" started-at="2020-06-18T15:14:02Z" finished-at="2020-06-18T15:14:30Z">
          <reporter-output>
          </reporter-output>
        </test-method> <!-- beforeClass -->
        <test-method status="PASS" signature="testCreateOrder()[pri:0, instance:testCases.order.TC_Create_Order@75437611]" name="testCreateOrder" duration-ms="6384" started-at="2020-06-18T15:14:30Z" finished-at="2020-06-18T15:14:36Z">
          <reporter-output>
          </reporter-output>
        </test-method> <!-- testCreateOrder -->
        <test-method status="PASS" signature="checkData()[pri:0, instance:testCases.order.TC_Create_Order@75437611]" name="checkData" duration-ms="1" started-at="2020-06-18T15:14:36Z" depends-on-methods="testCases.order.TC_Create_Order.testCreateOrder" finished-at="2020-06-18T15:14:36Z">
          <reporter-output>
          </reporter-output>
        </test-method> <!-- checkData -->
        <test-method status="PASS" signature="checkDB()[pri:0, instance:testCases.order.TC_Create_Order@75437611]" name="checkDB" duration-ms="10306" started-at="2020-06-18T15:14:36Z" depends-on-methods="testCases.order.TC_Create_Order.checkData" finished-at="2020-06-18T15:14:46Z">
          <reporter-output>
          </reporter-output>
        </test-method> <!-- checkDB -->
        <test-method status="PASS" signature="afterClass()[pri:0, instance:testCases.order.TC_Create_Order@1c5920df]" name="afterClass" is-config="true" duration-ms="20538" started-at="2020-06-18T15:14:46Z" finished-at="2020-06-18T15:15:07Z">
          <reporter-output>
          </reporter-output>
        </test-method> <!-- afterClass -->
        <test-method status="PASS" signature="setup()[pri:0, instance:testCases.order.TC_Create_Order@1c5920df]" name="setup" is-config="true" duration-ms="3" started-at="2020-06-18T15:15:07Z" finished-at="2020-06-18T15:15:07Z">
          <reporter-output>
          </reporter-output>
        </test-method> <!-- setup -->
        <test-method status="PASS" signature="beforeClass()[pri:0, instance:testCases.order.TC_Create_Order@1c5920df]" name="beforeClass" is-config="true" duration-ms="26001" started-at="2020-06-18T15:15:07Z" finished-at="2020-06-18T15:15:33Z">
          <reporter-output>
          </reporter-output>
        </test-method> <!-- beforeClass -->
        <test-method status="PASS" signature="testCreateOrder()[pri:0, instance:testCases.order.TC_Create_Order@7bba5817]" name="testCreateOrder" duration-ms="5615" started-at="2020-06-18T15:15:33Z" finished-at="2020-06-18T15:15:39Z">
          <reporter-output>
          </reporter-output>
        </test-method> <!-- testCreateOrder -->
        <test-method status="PASS" signature="checkData()[pri:0, instance:testCases.order.TC_Create_Order@7bba5817]" name="checkData" duration-ms="2" started-at="2020-06-18T15:15:39Z" depends-on-methods="testCases.order.TC_Create_Order.testCreateOrder" finished-at="2020-06-18T15:15:39Z">
          <reporter-output>
          </reporter-output>
        </test-method> <!-- checkData -->
        <test-method status="PASS" signature="checkDB()[pri:0, instance:testCases.order.TC_Create_Order@7bba5817]" name="checkDB" duration-ms="0" started-at="2020-06-18T15:15:39Z" depends-on-methods="testCases.order.TC_Create_Order.checkData" finished-at="2020-06-18T15:15:39Z">
          <reporter-output>
          </reporter-output>
        </test-method> <!-- checkDB -->
        <test-method status="PASS" signature="afterClass()[pri:0, instance:testCases.order.TC_Create_Order@1c5920df]" name="afterClass" is-config="true" duration-ms="24326" started-at="2020-06-18T15:15:39Z" finished-at="2020-06-18T15:16:03Z">
          <reporter-output>
          </reporter-output>
        </test-method> <!-- afterClass -->
        <test-method status="PASS" signature="setup()[pri:0, instance:testCases.order.TC_Create_Order@1c5920df]" name="setup" is-config="true" duration-ms="1" started-at="2020-06-18T15:16:03Z" finished-at="2020-06-18T15:16:03Z">
          <reporter-output>
          </reporter-output>
        </test-method> <!-- setup -->
        <test-method status="PASS" signature="beforeClass()[pri:0, instance:testCases.order.TC_Create_Order@1c5920df]" name="beforeClass" is-config="true" duration-ms="28829" started-at="2020-06-18T15:16:03Z" finished-at="2020-06-18T15:16:32Z">
          <reporter-output>
          </reporter-output>
        </test-method> <!-- beforeClass -->
        <test-method status="PASS" signature="testCreateOrder()[pri:0, instance:testCases.order.TC_Create_Order@cb0755b]" name="testCreateOrder" duration-ms="5797" started-at="2020-06-18T15:16:32Z" finished-at="2020-06-18T15:16:37Z">
          <reporter-output>
          </reporter-output>
        </test-method> <!-- testCreateOrder -->
        <test-method status="PASS" signature="checkData()[pri:0, instance:testCases.order.TC_Create_Order@cb0755b]" name="checkData" duration-ms="1" started-at="2020-06-18T15:16:37Z" depends-on-methods="testCases.order.TC_Create_Order.testCreateOrder" finished-at="2020-06-18T15:16:37Z">
          <reporter-output>
          </reporter-output>
        </test-method> <!-- checkData -->
        <test-method status="PASS" signature="checkDB()[pri:0, instance:testCases.order.TC_Create_Order@cb0755b]" name="checkDB" duration-ms="0" started-at="2020-06-18T15:16:37Z" depends-on-methods="testCases.order.TC_Create_Order.checkData" finished-at="2020-06-18T15:16:37Z">
          <reporter-output>
          </reporter-output>
        </test-method> <!-- checkDB -->
        <test-method status="PASS" signature="afterClass()[pri:0, instance:testCases.order.TC_Create_Order@1c5920df]" name="afterClass" is-config="true" duration-ms="18412" started-at="2020-06-18T15:16:37Z" finished-at="2020-06-18T15:16:56Z">
          <reporter-output>
          </reporter-output>
        </test-method> <!-- afterClass -->
      </class> <!-- testCases.order.TC_Create_Order -->
    </test> <!-- DanaPulsaTestOrder -->
  </suite> <!-- DANA Pulsa Suite -->
</testng-results>
