<?xml version="1.0" encoding="UTF-8"?>
<testng-results skipped="0" failed="1" ignored="0" total="15" passed="14">
  <reporter-output>
  </reporter-output>
  <suite name="DANA Pulsa Suite" duration-ms="186320" started-at="2020-06-20T16:14:49Z" finished-at="2020-06-20T16:17:56Z">
    <groups>
    </groups>
    <test name="DANA Pulsa Remote Service Promotion - Unredeem" duration-ms="186320" started-at="2020-06-20T16:14:49Z" finished-at="2020-06-20T16:17:56Z">
      <class name="remoteService.promotion.TC_Remote_Service_Unredeem">
        <test-method status="PASS" signature="setup()[pri:0, instance:remoteService.promotion.TC_Remote_Service_Unredeem@44821a96]" name="setup" is-config="true" duration-ms="42" started-at="2020-06-20T16:14:49Z" finished-at="2020-06-20T16:14:50Z">
          <reporter-output>
          </reporter-output>
        </test-method> <!-- setup -->
        <test-method status="PASS" signature="beforeClass()[pri:0, instance:remoteService.promotion.TC_Remote_Service_Unredeem@44821a96]" name="beforeClass" is-config="true" duration-ms="33796" started-at="2020-06-20T16:14:50Z" finished-at="2020-06-20T16:15:23Z">
          <reporter-output>
          </reporter-output>
        </test-method> <!-- beforeClass -->
        <test-method status="PASS" signature="testUnredeem()[pri:0, instance:remoteService.promotion.TC_Remote_Service_Unredeem@29e495ff]" name="testUnredeem" duration-ms="6580" started-at="2020-06-20T16:15:23Z" finished-at="2020-06-20T16:15:30Z">
          <reporter-output>
          </reporter-output>
        </test-method> <!-- testUnredeem -->
        <test-method status="PASS" signature="checkData()[pri:0, instance:remoteService.promotion.TC_Remote_Service_Unredeem@29e495ff]" name="checkData" duration-ms="3" started-at="2020-06-20T16:15:30Z" depends-on-methods="remoteService.promotion.TC_Remote_Service_Unredeem.testUnredeem" finished-at="2020-06-20T16:15:30Z">
          <reporter-output>
          </reporter-output>
        </test-method> <!-- checkData -->
        <test-method status="PASS" signature="checkDB()[pri:0, instance:remoteService.promotion.TC_Remote_Service_Unredeem@29e495ff]" name="checkDB" duration-ms="5662" started-at="2020-06-20T16:15:30Z" depends-on-methods="remoteService.promotion.TC_Remote_Service_Unredeem.checkData" finished-at="2020-06-20T16:15:36Z">
          <reporter-output>
          </reporter-output>
        </test-method> <!-- checkDB -->
        <test-method status="PASS" signature="afterClass()[pri:0, instance:remoteService.promotion.TC_Remote_Service_Unredeem@44821a96]" name="afterClass" is-config="true" duration-ms="16613" started-at="2020-06-20T16:15:36Z" finished-at="2020-06-20T16:15:52Z">
          <reporter-output>
          </reporter-output>
        </test-method> <!-- afterClass -->
        <test-method status="PASS" signature="setup()[pri:0, instance:remoteService.promotion.TC_Remote_Service_Unredeem@44821a96]" name="setup" is-config="true" duration-ms="3" started-at="2020-06-20T16:15:52Z" finished-at="2020-06-20T16:15:52Z">
          <reporter-output>
          </reporter-output>
        </test-method> <!-- setup -->
        <test-method status="PASS" signature="beforeClass()[pri:0, instance:remoteService.promotion.TC_Remote_Service_Unredeem@44821a96]" name="beforeClass" is-config="true" duration-ms="1" started-at="2020-06-20T16:15:52Z" finished-at="2020-06-20T16:15:52Z">
          <reporter-output>
          </reporter-output>
        </test-method> <!-- beforeClass -->
        <test-method status="PASS" signature="testUnredeem()[pri:0, instance:remoteService.promotion.TC_Remote_Service_Unredeem@41e1e210]" name="testUnredeem" duration-ms="3884" started-at="2020-06-20T16:15:52Z" finished-at="2020-06-20T16:15:56Z">
          <reporter-output>
          </reporter-output>
        </test-method> <!-- testUnredeem -->
        <test-method status="PASS" signature="checkData()[pri:0, instance:remoteService.promotion.TC_Remote_Service_Unredeem@41e1e210]" name="checkData" duration-ms="3" started-at="2020-06-20T16:15:56Z" depends-on-methods="remoteService.promotion.TC_Remote_Service_Unredeem.testUnredeem" finished-at="2020-06-20T16:15:56Z">
          <reporter-output>
          </reporter-output>
        </test-method> <!-- checkData -->
        <test-method status="FAIL" signature="checkDB()[pri:0, instance:remoteService.promotion.TC_Remote_Service_Unredeem@41e1e210]" name="checkDB" duration-ms="5320" started-at="2020-06-20T16:15:56Z" depends-on-methods="remoteService.promotion.TC_Remote_Service_Unredeem.checkData" finished-at="2020-06-20T16:16:01Z">
          <exception class="java.lang.AssertionError">
            <message>
              <![CDATA[no voucher found in database expected [true] but found [false]]]>
            </message>
            <full-stacktrace>
              <![CDATA[java.lang.AssertionError: no voucher found in database expected [true] but found [false]
at org.testng.Assert.fail(Assert.java:96)
at org.testng.Assert.failNotEquals(Assert.java:776)
at org.testng.Assert.assertTrue(Assert.java:44)
at remoteService.promotion.TC_Remote_Service_Unredeem.checkDB(TC_Remote_Service_Unredeem.java:150)
at sun.reflect.NativeMethodAccessorImpl.invoke0(Native Method)
at sun.reflect.NativeMethodAccessorImpl.invoke(NativeMethodAccessorImpl.java:62)
at sun.reflect.DelegatingMethodAccessorImpl.invoke(DelegatingMethodAccessorImpl.java:43)
at java.lang.reflect.Method.invoke(Method.java:498)
at org.testng.internal.MethodInvocationHelper.invokeMethod(MethodInvocationHelper.java:124)
at org.testng.internal.Invoker.invokeMethod(Invoker.java:583)
at org.testng.internal.Invoker.invokeTestMethod(Invoker.java:719)
at org.testng.internal.Invoker.invokeTestMethods(Invoker.java:989)
at org.testng.internal.TestMethodWorker.invokeTestMethods(TestMethodWorker.java:125)
at org.testng.internal.TestMethodWorker.run(TestMethodWorker.java:109)
at org.testng.TestRunner.privateRun(TestRunner.java:648)
at org.testng.TestRunner.run(TestRunner.java:505)
at org.testng.SuiteRunner.runTest(SuiteRunner.java:455)
at org.testng.SuiteRunner.runSequentially(SuiteRunner.java:450)
at org.testng.SuiteRunner.privateRun(SuiteRunner.java:415)
at org.testng.SuiteRunner.run(SuiteRunner.java:364)
at org.testng.SuiteRunnerWorker.runSuite(SuiteRunnerWorker.java:52)
at org.testng.SuiteRunnerWorker.run(SuiteRunnerWorker.java:84)
at org.testng.TestNG.runSuitesSequentially(TestNG.java:1208)
at org.testng.TestNG.runSuitesLocally(TestNG.java:1137)
at org.testng.TestNG.runSuites(TestNG.java:1049)
at org.testng.TestNG.run(TestNG.java:1017)
at org.testng.remote.AbstractRemoteTestNG.run(AbstractRemoteTestNG.java:115)
at org.testng.remote.RemoteTestNG.initAndRun(RemoteTestNG.java:251)
at org.testng.remote.RemoteTestNG.main(RemoteTestNG.java:77)
]]>
            </full-stacktrace>
          </exception> <!-- java.lang.AssertionError -->
          <reporter-output>
          </reporter-output>
        </test-method> <!-- checkDB -->
        <test-method status="PASS" signature="afterClass()[pri:0, instance:remoteService.promotion.TC_Remote_Service_Unredeem@44821a96]" name="afterClass" is-config="true" duration-ms="2" started-at="2020-06-20T16:16:01Z" finished-at="2020-06-20T16:16:01Z">
          <reporter-output>
          </reporter-output>
        </test-method> <!-- afterClass -->
        <test-method status="PASS" signature="setup()[pri:0, instance:remoteService.promotion.TC_Remote_Service_Unredeem@44821a96]" name="setup" is-config="true" duration-ms="2" started-at="2020-06-20T16:16:01Z" finished-at="2020-06-20T16:16:01Z">
          <reporter-output>
          </reporter-output>
        </test-method> <!-- setup -->
        <test-method status="PASS" signature="beforeClass()[pri:0, instance:remoteService.promotion.TC_Remote_Service_Unredeem@44821a96]" name="beforeClass" is-config="true" duration-ms="34171" started-at="2020-06-20T16:16:01Z" finished-at="2020-06-20T16:16:36Z">
          <reporter-output>
          </reporter-output>
        </test-method> <!-- beforeClass -->
        <test-method status="PASS" signature="testUnredeem()[pri:0, instance:remoteService.promotion.TC_Remote_Service_Unredeem@44821a96]" name="testUnredeem" duration-ms="1629" started-at="2020-06-20T16:16:36Z" finished-at="2020-06-20T16:16:37Z">
          <reporter-output>
          </reporter-output>
        </test-method> <!-- testUnredeem -->
        <test-method status="PASS" signature="checkData()[pri:0, instance:remoteService.promotion.TC_Remote_Service_Unredeem@44821a96]" name="checkData" duration-ms="0" started-at="2020-06-20T16:16:37Z" depends-on-methods="remoteService.promotion.TC_Remote_Service_Unredeem.testUnredeem" finished-at="2020-06-20T16:16:37Z">
          <reporter-output>
          </reporter-output>
        </test-method> <!-- checkData -->
        <test-method status="PASS" signature="checkDB()[pri:0, instance:remoteService.promotion.TC_Remote_Service_Unredeem@44821a96]" name="checkDB" duration-ms="1" started-at="2020-06-20T16:16:37Z" depends-on-methods="remoteService.promotion.TC_Remote_Service_Unredeem.checkData" finished-at="2020-06-20T16:16:37Z">
          <reporter-output>
          </reporter-output>
        </test-method> <!-- checkDB -->
        <test-method status="PASS" signature="afterClass()[pri:0, instance:remoteService.promotion.TC_Remote_Service_Unredeem@44821a96]" name="afterClass" is-config="true" duration-ms="19063" started-at="2020-06-20T16:16:37Z" finished-at="2020-06-20T16:16:56Z">
          <reporter-output>
          </reporter-output>
        </test-method> <!-- afterClass -->
        <test-method status="PASS" signature="setup()[pri:0, instance:remoteService.promotion.TC_Remote_Service_Unredeem@44821a96]" name="setup" is-config="true" duration-ms="2" started-at="2020-06-20T16:16:56Z" finished-at="2020-06-20T16:16:56Z">
          <reporter-output>
          </reporter-output>
        </test-method> <!-- setup -->
        <test-method status="PASS" signature="beforeClass()[pri:0, instance:remoteService.promotion.TC_Remote_Service_Unredeem@44821a96]" name="beforeClass" is-config="true" duration-ms="31058" started-at="2020-06-20T16:16:56Z" finished-at="2020-06-20T16:17:27Z">
          <reporter-output>
          </reporter-output>
        </test-method> <!-- beforeClass -->
        <test-method status="PASS" signature="testUnredeem()[pri:0, instance:remoteService.promotion.TC_Remote_Service_Unredeem@4944252c]" name="testUnredeem" duration-ms="4778" started-at="2020-06-20T16:17:27Z" finished-at="2020-06-20T16:17:32Z">
          <reporter-output>
          </reporter-output>
        </test-method> <!-- testUnredeem -->
        <test-method status="PASS" signature="checkData()[pri:0, instance:remoteService.promotion.TC_Remote_Service_Unredeem@4944252c]" name="checkData" duration-ms="1" started-at="2020-06-20T16:17:32Z" depends-on-methods="remoteService.promotion.TC_Remote_Service_Unredeem.testUnredeem" finished-at="2020-06-20T16:17:32Z">
          <reporter-output>
          </reporter-output>
        </test-method> <!-- checkData -->
        <test-method status="PASS" signature="checkDB()[pri:0, instance:remoteService.promotion.TC_Remote_Service_Unredeem@4944252c]" name="checkDB" duration-ms="5604" started-at="2020-06-20T16:17:32Z" depends-on-methods="remoteService.promotion.TC_Remote_Service_Unredeem.checkData" finished-at="2020-06-20T16:17:38Z">
          <reporter-output>
          </reporter-output>
        </test-method> <!-- checkDB -->
        <test-method status="PASS" signature="afterClass()[pri:0, instance:remoteService.promotion.TC_Remote_Service_Unredeem@44821a96]" name="afterClass" is-config="true" duration-ms="16280" started-at="2020-06-20T16:17:38Z" finished-at="2020-06-20T16:17:54Z">
          <reporter-output>
          </reporter-output>
        </test-method> <!-- afterClass -->
        <test-method status="PASS" signature="setup()[pri:0, instance:remoteService.promotion.TC_Remote_Service_Unredeem@44821a96]" name="setup" is-config="true" duration-ms="2" started-at="2020-06-20T16:17:54Z" finished-at="2020-06-20T16:17:54Z">
          <reporter-output>
          </reporter-output>
        </test-method> <!-- setup -->
        <test-method status="PASS" signature="beforeClass()[pri:0, instance:remoteService.promotion.TC_Remote_Service_Unredeem@44821a96]" name="beforeClass" is-config="true" duration-ms="1" started-at="2020-06-20T16:17:54Z" finished-at="2020-06-20T16:17:54Z">
          <reporter-output>
          </reporter-output>
        </test-method> <!-- beforeClass -->
        <test-method status="PASS" signature="testUnredeem()[pri:0, instance:remoteService.promotion.TC_Remote_Service_Unredeem@be35cd9]" name="testUnredeem" duration-ms="1742" started-at="2020-06-20T16:17:54Z" finished-at="2020-06-20T16:17:56Z">
          <reporter-output>
          </reporter-output>
        </test-method> <!-- testUnredeem -->
        <test-method status="PASS" signature="checkData()[pri:0, instance:remoteService.promotion.TC_Remote_Service_Unredeem@be35cd9]" name="checkData" duration-ms="1" started-at="2020-06-20T16:17:56Z" depends-on-methods="remoteService.promotion.TC_Remote_Service_Unredeem.testUnredeem" finished-at="2020-06-20T16:17:56Z">
          <reporter-output>
          </reporter-output>
        </test-method> <!-- checkData -->
        <test-method status="PASS" signature="checkDB()[pri:0, instance:remoteService.promotion.TC_Remote_Service_Unredeem@be35cd9]" name="checkDB" duration-ms="1" started-at="2020-06-20T16:17:56Z" depends-on-methods="remoteService.promotion.TC_Remote_Service_Unredeem.checkData" finished-at="2020-06-20T16:17:56Z">
          <reporter-output>
          </reporter-output>
        </test-method> <!-- checkDB -->
        <test-method status="PASS" signature="afterClass()[pri:0, instance:remoteService.promotion.TC_Remote_Service_Unredeem@44821a96]" name="afterClass" is-config="true" duration-ms="0" started-at="2020-06-20T16:17:56Z" finished-at="2020-06-20T16:17:56Z">
          <reporter-output>
          </reporter-output>
        </test-method> <!-- afterClass -->
      </class> <!-- remoteService.promotion.TC_Remote_Service_Unredeem -->
    </test> <!-- DANA Pulsa Remote Service Promotion - Unredeem -->
  </suite> <!-- DANA Pulsa Suite -->
</testng-results>
