<?xml version="1.0" encoding="UTF-8"?>
<testng-results skipped="0" failed="3" ignored="0" total="15" passed="12">
  <reporter-output>
  </reporter-output>
  <suite name="Default suite" duration-ms="126116" started-at="2020-06-13T13:06:38Z" finished-at="2020-06-13T13:08:44Z">
    <groups>
    </groups>
    <test name="Default test" duration-ms="126116" started-at="2020-06-13T13:06:38Z" finished-at="2020-06-13T13:08:44Z">
      <class name="remoteService.promotion.TC_Remote_Service_GetVoucherPromotion">
        <test-method status="PASS" signature="setup()[pri:0, instance:remoteService.promotion.TC_Remote_Service_GetVoucherPromotion@7a6d7e92]" name="setup" is-config="true" duration-ms="108" started-at="2020-06-13T13:06:38Z" finished-at="2020-06-13T13:06:38Z">
          <reporter-output>
          </reporter-output>
        </test-method> <!-- setup -->
        <test-method status="PASS" signature="beforeClass()[pri:0, instance:remoteService.promotion.TC_Remote_Service_GetVoucherPromotion@7a6d7e92]" name="beforeClass" is-config="true" duration-ms="20783" started-at="2020-06-13T13:06:38Z" finished-at="2020-06-13T13:06:59Z">
          <reporter-output>
          </reporter-output>
        </test-method> <!-- beforeClass -->
        <test-method status="PASS" signature="testPromotionVouchers()[pri:0, instance:remoteService.promotion.TC_Remote_Service_GetVoucherPromotion@1a4927d6]" name="testPromotionVouchers" duration-ms="4125" started-at="2020-06-13T13:06:59Z" finished-at="2020-06-13T13:07:03Z">
          <reporter-output>
          </reporter-output>
        </test-method> <!-- testPromotionVouchers -->
        <test-method status="PASS" signature="setup()[pri:0, instance:remoteService.promotion.TC_Remote_Service_GetVoucherPromotion@7a6d7e92]" name="setup" is-config="true" duration-ms="5" started-at="2020-06-13T13:07:03Z" finished-at="2020-06-13T13:07:03Z">
          <reporter-output>
          </reporter-output>
        </test-method> <!-- setup -->
        <test-method status="PASS" signature="beforeClass()[pri:0, instance:remoteService.promotion.TC_Remote_Service_GetVoucherPromotion@7a6d7e92]" name="beforeClass" is-config="true" duration-ms="17670" started-at="2020-06-13T13:07:03Z" finished-at="2020-06-13T13:07:20Z">
          <reporter-output>
          </reporter-output>
        </test-method> <!-- beforeClass -->
        <test-method status="PASS" signature="testPromotionVouchers()[pri:0, instance:remoteService.promotion.TC_Remote_Service_GetVoucherPromotion@491b9b8]" name="testPromotionVouchers" duration-ms="1571" started-at="2020-06-13T13:07:20Z" finished-at="2020-06-13T13:07:22Z">
          <reporter-output>
          </reporter-output>
        </test-method> <!-- testPromotionVouchers -->
        <test-method status="PASS" signature="setup()[pri:0, instance:remoteService.promotion.TC_Remote_Service_GetVoucherPromotion@7a6d7e92]" name="setup" is-config="true" duration-ms="7" started-at="2020-06-13T13:07:22Z" finished-at="2020-06-13T13:07:22Z">
          <reporter-output>
          </reporter-output>
        </test-method> <!-- setup -->
        <test-method status="PASS" signature="beforeClass()[pri:0, instance:remoteService.promotion.TC_Remote_Service_GetVoucherPromotion@7a6d7e92]" name="beforeClass" is-config="true" duration-ms="19502" started-at="2020-06-13T13:07:22Z" finished-at="2020-06-13T13:07:42Z">
          <reporter-output>
          </reporter-output>
        </test-method> <!-- beforeClass -->
        <test-method status="PASS" signature="testPromotionVouchers()[pri:0, instance:remoteService.promotion.TC_Remote_Service_GetVoucherPromotion@60f00693]" name="testPromotionVouchers" duration-ms="1715" started-at="2020-06-13T13:07:42Z" finished-at="2020-06-13T13:07:43Z">
          <reporter-output>
          </reporter-output>
        </test-method> <!-- testPromotionVouchers -->
        <test-method status="PASS" signature="setup()[pri:0, instance:remoteService.promotion.TC_Remote_Service_GetVoucherPromotion@7a6d7e92]" name="setup" is-config="true" duration-ms="19" started-at="2020-06-13T13:07:43Z" finished-at="2020-06-13T13:07:43Z">
          <reporter-output>
          </reporter-output>
        </test-method> <!-- setup -->
        <test-method status="PASS" signature="beforeClass()[pri:0, instance:remoteService.promotion.TC_Remote_Service_GetVoucherPromotion@7a6d7e92]" name="beforeClass" is-config="true" duration-ms="20616" started-at="2020-06-13T13:07:43Z" finished-at="2020-06-13T13:08:04Z">
          <reporter-output>
          </reporter-output>
        </test-method> <!-- beforeClass -->
        <test-method status="PASS" signature="testPromotionVouchers()[pri:0, instance:remoteService.promotion.TC_Remote_Service_GetVoucherPromotion@79207381]" name="testPromotionVouchers" duration-ms="2365" started-at="2020-06-13T13:08:04Z" finished-at="2020-06-13T13:08:06Z">
          <reporter-output>
          </reporter-output>
        </test-method> <!-- testPromotionVouchers -->
        <test-method status="PASS" signature="setup()[pri:0, instance:remoteService.promotion.TC_Remote_Service_GetVoucherPromotion@7a6d7e92]" name="setup" is-config="true" duration-ms="8" started-at="2020-06-13T13:08:06Z" finished-at="2020-06-13T13:08:06Z">
          <reporter-output>
          </reporter-output>
        </test-method> <!-- setup -->
        <test-method status="PASS" signature="beforeClass()[pri:0, instance:remoteService.promotion.TC_Remote_Service_GetVoucherPromotion@7a6d7e92]" name="beforeClass" is-config="true" duration-ms="19553" started-at="2020-06-13T13:08:06Z" finished-at="2020-06-13T13:08:26Z">
          <reporter-output>
          </reporter-output>
        </test-method> <!-- beforeClass -->
        <test-method status="PASS" signature="testPromotionVouchers()[pri:0, instance:remoteService.promotion.TC_Remote_Service_GetVoucherPromotion@7a6d7e92]" name="testPromotionVouchers" duration-ms="1721" started-at="2020-06-13T13:08:26Z" finished-at="2020-06-13T13:08:28Z">
          <reporter-output>
          </reporter-output>
        </test-method> <!-- testPromotionVouchers -->
        <test-method status="PASS" signature="checkData()[pri:0, instance:remoteService.promotion.TC_Remote_Service_GetVoucherPromotion@1a4927d6]" name="checkData" duration-ms="3" started-at="2020-06-13T13:08:28Z" depends-on-methods="remoteService.promotion.TC_Remote_Service_GetVoucherPromotion.testPromotionVouchers" finished-at="2020-06-13T13:08:28Z">
          <reporter-output>
          </reporter-output>
        </test-method> <!-- checkData -->
        <test-method status="PASS" signature="checkData()[pri:0, instance:remoteService.promotion.TC_Remote_Service_GetVoucherPromotion@491b9b8]" name="checkData" duration-ms="1" started-at="2020-06-13T13:08:28Z" depends-on-methods="remoteService.promotion.TC_Remote_Service_GetVoucherPromotion.testPromotionVouchers" finished-at="2020-06-13T13:08:28Z">
          <reporter-output>
          </reporter-output>
        </test-method> <!-- checkData -->
        <test-method status="PASS" signature="checkData()[pri:0, instance:remoteService.promotion.TC_Remote_Service_GetVoucherPromotion@60f00693]" name="checkData" duration-ms="0" started-at="2020-06-13T13:08:28Z" depends-on-methods="remoteService.promotion.TC_Remote_Service_GetVoucherPromotion.testPromotionVouchers" finished-at="2020-06-13T13:08:28Z">
          <reporter-output>
          </reporter-output>
        </test-method> <!-- checkData -->
        <test-method status="PASS" signature="checkData()[pri:0, instance:remoteService.promotion.TC_Remote_Service_GetVoucherPromotion@79207381]" name="checkData" duration-ms="1" started-at="2020-06-13T13:08:28Z" depends-on-methods="remoteService.promotion.TC_Remote_Service_GetVoucherPromotion.testPromotionVouchers" finished-at="2020-06-13T13:08:28Z">
          <reporter-output>
          </reporter-output>
        </test-method> <!-- checkData -->
        <test-method status="PASS" signature="checkData()[pri:0, instance:remoteService.promotion.TC_Remote_Service_GetVoucherPromotion@7a6d7e92]" name="checkData" duration-ms="1" started-at="2020-06-13T13:08:28Z" depends-on-methods="remoteService.promotion.TC_Remote_Service_GetVoucherPromotion.testPromotionVouchers" finished-at="2020-06-13T13:08:28Z">
          <reporter-output>
          </reporter-output>
        </test-method> <!-- checkData -->
        <test-method status="FAIL" signature="checkDB()[pri:0, instance:remoteService.promotion.TC_Remote_Service_GetVoucherPromotion@1a4927d6]" name="checkDB" duration-ms="5849" started-at="2020-06-13T13:08:28Z" depends-on-methods="remoteService.promotion.TC_Remote_Service_GetVoucherPromotion.checkData" finished-at="2020-06-13T13:08:33Z">
          <exception class="java.lang.IndexOutOfBoundsException">
            <message>
              <![CDATA[Index: 0, Size: 0]]>
            </message>
            <full-stacktrace>
              <![CDATA[java.lang.IndexOutOfBoundsException: Index: 0, Size: 0
at java.util.ArrayList.rangeCheck(ArrayList.java:657)
at java.util.ArrayList.get(ArrayList.java:433)
at remoteService.promotion.TC_Remote_Service_GetVoucherPromotion.checkDB(TC_Remote_Service_GetVoucherPromotion.java:105)
at sun.reflect.NativeMethodAccessorImpl.invoke0(Native Method)
at sun.reflect.NativeMethodAccessorImpl.invoke(NativeMethodAccessorImpl.java:62)
at sun.reflect.DelegatingMethodAccessorImpl.invoke(DelegatingMethodAccessorImpl.java:43)
at java.lang.reflect.Method.invoke(Method.java:498)
at org.testng.internal.MethodInvocationHelper.invokeMethod(MethodInvocationHelper.java:124)
at org.testng.internal.Invoker.invokeMethod(Invoker.java:583)
at org.testng.internal.Invoker.invokeTestMethod(Invoker.java:719)
at org.testng.internal.Invoker.invokeTestMethods(Invoker.java:989)
at org.testng.internal.TestMethodWorker.invokeTestMethods(TestMethodWorker.java:125)
at org.testng.internal.TestMethodWorker.run(TestMethodWorker.java:109)
at org.testng.TestRunner.privateRun(TestRunner.java:648)
at org.testng.TestRunner.run(TestRunner.java:505)
at org.testng.SuiteRunner.runTest(SuiteRunner.java:455)
at org.testng.SuiteRunner.runSequentially(SuiteRunner.java:450)
at org.testng.SuiteRunner.privateRun(SuiteRunner.java:415)
at org.testng.SuiteRunner.run(SuiteRunner.java:364)
at org.testng.SuiteRunnerWorker.runSuite(SuiteRunnerWorker.java:52)
at org.testng.SuiteRunnerWorker.run(SuiteRunnerWorker.java:84)
at org.testng.TestNG.runSuitesSequentially(TestNG.java:1208)
at org.testng.TestNG.runSuitesLocally(TestNG.java:1137)
at org.testng.TestNG.runSuites(TestNG.java:1049)
at org.testng.TestNG.run(TestNG.java:1017)
at org.testng.remote.AbstractRemoteTestNG.run(AbstractRemoteTestNG.java:115)
at org.testng.remote.RemoteTestNG.initAndRun(RemoteTestNG.java:251)
at org.testng.remote.RemoteTestNG.main(RemoteTestNG.java:77)
]]>
            </full-stacktrace>
          </exception> <!-- java.lang.IndexOutOfBoundsException -->
          <reporter-output>
          </reporter-output>
        </test-method> <!-- checkDB -->
        <test-method status="PASS" signature="afterClass()[pri:0, instance:remoteService.promotion.TC_Remote_Service_GetVoucherPromotion@7a6d7e92]" name="afterClass" is-config="true" duration-ms="4" started-at="2020-06-13T13:08:33Z" finished-at="2020-06-13T13:08:33Z">
          <reporter-output>
          </reporter-output>
        </test-method> <!-- afterClass -->
        <test-method status="FAIL" signature="checkDB()[pri:0, instance:remoteService.promotion.TC_Remote_Service_GetVoucherPromotion@491b9b8]" name="checkDB" duration-ms="2" started-at="2020-06-13T13:08:33Z" depends-on-methods="remoteService.promotion.TC_Remote_Service_GetVoucherPromotion.checkData" finished-at="2020-06-13T13:08:33Z">
          <exception class="io.restassured.path.json.exception.JsonPathException">
            <message>
              <![CDATA[Failed to parse the JSON document]]>
            </message>
            <full-stacktrace>
              <![CDATA[io.restassured.path.json.exception.JsonPathException: Failed to parse the JSON document
at io.restassured.path.json.JsonPath$ExceptionCatcher.invoke(JsonPath.java:986)
at io.restassured.path.json.JsonPath$4.doParseWith(JsonPath.java:951)
at io.restassured.path.json.JsonPath$JsonParser.parseWith(JsonPath.java:1031)
at io.restassured.path.json.JsonPath.get(JsonPath.java:202)
at io.restassured.path.json.JsonPath.get(JsonPath.java:190)
at remoteService.promotion.TC_Remote_Service_GetVoucherPromotion.checkDB(TC_Remote_Service_GetVoucherPromotion.java:86)
at sun.reflect.NativeMethodAccessorImpl.invoke0(Native Method)
at sun.reflect.NativeMethodAccessorImpl.invoke(NativeMethodAccessorImpl.java:62)
at sun.reflect.DelegatingMethodAccessorImpl.invoke(DelegatingMethodAccessorImpl.java:43)
at java.lang.reflect.Method.invoke(Method.java:498)
at org.testng.internal.MethodInvocationHelper.invokeMethod(MethodInvocationHelper.java:124)
at org.testng.internal.Invoker.invokeMethod(Invoker.java:583)
at org.testng.internal.Invoker.invokeTestMethod(Invoker.java:719)
at org.testng.internal.Invoker.invokeTestMethods(Invoker.java:989)
at org.testng.internal.TestMethodWorker.invokeTestMethods(TestMethodWorker.java:125)
at org.testng.internal.TestMethodWorker.run(TestMethodWorker.java:109)
at org.testng.TestRunner.privateRun(TestRunner.java:648)
at org.testng.TestRunner.run(TestRunner.java:505)
at org.testng.SuiteRunner.runTest(SuiteRunner.java:455)
at org.testng.SuiteRunner.runSequentially(SuiteRunner.java:450)
at org.testng.SuiteRunner.privateRun(SuiteRunner.java:415)
at org.testng.SuiteRunner.run(SuiteRunner.java:364)
at org.testng.SuiteRunnerWorker.runSuite(SuiteRunnerWorker.java:52)
at org.testng.SuiteRunnerWorker.run(SuiteRunnerWorker.java:84)
at org.testng.TestNG.runSuitesSequentially(TestNG.java:1208)
at org.testng.TestNG.runSuitesLocally(TestNG.java:1137)
at org.testng.TestNG.runSuites(TestNG.java:1049)
at org.testng.TestNG.run(TestNG.java:1017)
at org.testng.remote.AbstractRemoteTestNG.run(AbstractRemoteTestNG.java:115)
at org.testng.remote.RemoteTestNG.initAndRun(RemoteTestNG.java:251)
at org.testng.remote.RemoteTestNG.main(RemoteTestNG.java:77)
Caused by: groovy.json.JsonException: Lexing failed on line: 1, column: 1, while reading 'U', no possible valid JSON value or punctuation could be recognized.
at groovy.json.JsonLexer.nextToken(JsonLexer.java:87)
at groovy.json.JsonLexer$nextToken.call(Unknown Source)
at io.restassured.internal.path.json.ConfigurableJsonSlurper.parse(ConfigurableJsonSlurper.groovy:97)
at io.restassured.internal.path.json.ConfigurableJsonSlurper$parse.callCurrent(Unknown Source)
at io.restassured.internal.path.json.ConfigurableJsonSlurper.parseText(ConfigurableJsonSlurper.groovy:83)
at io.restassured.path.json.JsonPath$4$1.method(JsonPath.java:949)
at io.restassured.path.json.JsonPath$ExceptionCatcher.invoke(JsonPath.java:984)
... 30 more
]]>
            </full-stacktrace>
          </exception> <!-- io.restassured.path.json.exception.JsonPathException -->
          <reporter-output>
          </reporter-output>
        </test-method> <!-- checkDB -->
        <test-method status="PASS" signature="afterClass()[pri:0, instance:remoteService.promotion.TC_Remote_Service_GetVoucherPromotion@7a6d7e92]" name="afterClass" is-config="true" duration-ms="1" started-at="2020-06-13T13:08:33Z" finished-at="2020-06-13T13:08:33Z">
          <reporter-output>
          </reporter-output>
        </test-method> <!-- afterClass -->
        <test-method status="PASS" signature="checkDB()[pri:0, instance:remoteService.promotion.TC_Remote_Service_GetVoucherPromotion@60f00693]" name="checkDB" duration-ms="5432" started-at="2020-06-13T13:08:33Z" depends-on-methods="remoteService.promotion.TC_Remote_Service_GetVoucherPromotion.checkData" finished-at="2020-06-13T13:08:39Z">
          <reporter-output>
          </reporter-output>
        </test-method> <!-- checkDB -->
        <test-method status="PASS" signature="afterClass()[pri:0, instance:remoteService.promotion.TC_Remote_Service_GetVoucherPromotion@7a6d7e92]" name="afterClass" is-config="true" duration-ms="0" started-at="2020-06-13T13:08:39Z" finished-at="2020-06-13T13:08:39Z">
          <reporter-output>
          </reporter-output>
        </test-method> <!-- afterClass -->
        <test-method status="PASS" signature="checkDB()[pri:0, instance:remoteService.promotion.TC_Remote_Service_GetVoucherPromotion@79207381]" name="checkDB" duration-ms="4988" started-at="2020-06-13T13:08:39Z" depends-on-methods="remoteService.promotion.TC_Remote_Service_GetVoucherPromotion.checkData" finished-at="2020-06-13T13:08:44Z">
          <reporter-output>
          </reporter-output>
        </test-method> <!-- checkDB -->
        <test-method status="PASS" signature="afterClass()[pri:0, instance:remoteService.promotion.TC_Remote_Service_GetVoucherPromotion@7a6d7e92]" name="afterClass" is-config="true" duration-ms="0" started-at="2020-06-13T13:08:44Z" finished-at="2020-06-13T13:08:44Z">
          <reporter-output>
          </reporter-output>
        </test-method> <!-- afterClass -->
        <test-method status="FAIL" signature="checkDB()[pri:0, instance:remoteService.promotion.TC_Remote_Service_GetVoucherPromotion@7a6d7e92]" name="checkDB" duration-ms="1" started-at="2020-06-13T13:08:44Z" depends-on-methods="remoteService.promotion.TC_Remote_Service_GetVoucherPromotion.checkData" finished-at="2020-06-13T13:08:44Z">
          <exception class="io.restassured.path.json.exception.JsonPathException">
            <message>
              <![CDATA[Failed to parse the JSON document]]>
            </message>
            <full-stacktrace>
              <![CDATA[io.restassured.path.json.exception.JsonPathException: Failed to parse the JSON document
at io.restassured.path.json.JsonPath$ExceptionCatcher.invoke(JsonPath.java:986)
at io.restassured.path.json.JsonPath$4.doParseWith(JsonPath.java:951)
at io.restassured.path.json.JsonPath$JsonParser.parseWith(JsonPath.java:1031)
at io.restassured.path.json.JsonPath.get(JsonPath.java:202)
at io.restassured.path.json.JsonPath.get(JsonPath.java:190)
at remoteService.promotion.TC_Remote_Service_GetVoucherPromotion.checkDB(TC_Remote_Service_GetVoucherPromotion.java:86)
at sun.reflect.NativeMethodAccessorImpl.invoke0(Native Method)
at sun.reflect.NativeMethodAccessorImpl.invoke(NativeMethodAccessorImpl.java:62)
at sun.reflect.DelegatingMethodAccessorImpl.invoke(DelegatingMethodAccessorImpl.java:43)
at java.lang.reflect.Method.invoke(Method.java:498)
at org.testng.internal.MethodInvocationHelper.invokeMethod(MethodInvocationHelper.java:124)
at org.testng.internal.Invoker.invokeMethod(Invoker.java:583)
at org.testng.internal.Invoker.invokeTestMethod(Invoker.java:719)
at org.testng.internal.Invoker.invokeTestMethods(Invoker.java:989)
at org.testng.internal.TestMethodWorker.invokeTestMethods(TestMethodWorker.java:125)
at org.testng.internal.TestMethodWorker.run(TestMethodWorker.java:109)
at org.testng.TestRunner.privateRun(TestRunner.java:648)
at org.testng.TestRunner.run(TestRunner.java:505)
at org.testng.SuiteRunner.runTest(SuiteRunner.java:455)
at org.testng.SuiteRunner.runSequentially(SuiteRunner.java:450)
at org.testng.SuiteRunner.privateRun(SuiteRunner.java:415)
at org.testng.SuiteRunner.run(SuiteRunner.java:364)
at org.testng.SuiteRunnerWorker.runSuite(SuiteRunnerWorker.java:52)
at org.testng.SuiteRunnerWorker.run(SuiteRunnerWorker.java:84)
at org.testng.TestNG.runSuitesSequentially(TestNG.java:1208)
at org.testng.TestNG.runSuitesLocally(TestNG.java:1137)
at org.testng.TestNG.runSuites(TestNG.java:1049)
at org.testng.TestNG.run(TestNG.java:1017)
at org.testng.remote.AbstractRemoteTestNG.run(AbstractRemoteTestNG.java:115)
at org.testng.remote.RemoteTestNG.initAndRun(RemoteTestNG.java:251)
at org.testng.remote.RemoteTestNG.main(RemoteTestNG.java:77)
Caused by: groovy.json.JsonException: Lexing failed on line: 1, column: 1, while reading 'U', no possible valid JSON value or punctuation could be recognized.
at groovy.json.JsonLexer.nextToken(JsonLexer.java:87)
at groovy.json.JsonLexer$nextToken.call(Unknown Source)
at io.restassured.internal.path.json.ConfigurableJsonSlurper.parse(ConfigurableJsonSlurper.groovy:97)
at io.restassured.internal.path.json.ConfigurableJsonSlurper$parse.callCurrent(Unknown Source)
at io.restassured.internal.path.json.ConfigurableJsonSlurper.parseText(ConfigurableJsonSlurper.groovy:83)
at io.restassured.path.json.JsonPath$4$1.method(JsonPath.java:949)
at io.restassured.path.json.JsonPath$ExceptionCatcher.invoke(JsonPath.java:984)
... 30 more
]]>
            </full-stacktrace>
          </exception> <!-- io.restassured.path.json.exception.JsonPathException -->
          <reporter-output>
          </reporter-output>
        </test-method> <!-- checkDB -->
        <test-method status="PASS" signature="afterClass()[pri:0, instance:remoteService.promotion.TC_Remote_Service_GetVoucherPromotion@7a6d7e92]" name="afterClass" is-config="true" duration-ms="1" started-at="2020-06-13T13:08:44Z" finished-at="2020-06-13T13:08:44Z">
          <reporter-output>
          </reporter-output>
        </test-method> <!-- afterClass -->
      </class> <!-- remoteService.promotion.TC_Remote_Service_GetVoucherPromotion -->
    </test> <!-- Default test -->
  </suite> <!-- Default suite -->
</testng-results>
