<?xml version="1.0" encoding="UTF-8"?>
<testng-results skipped="0" failed="0" ignored="0" total="15" passed="15">
  <reporter-output>
  </reporter-output>
  <suite name="DANA Pulsa Suite" duration-ms="226647" started-at="2020-06-17T07:19:56Z" finished-at="2020-06-17T07:23:43Z">
    <groups>
    </groups>
    <test name="DanaPulsaTestOrder" duration-ms="226647" started-at="2020-06-17T07:19:56Z" finished-at="2020-06-17T07:23:43Z">
      <class name="testCases.order.TC_Recent_Phone_Number">
        <test-method status="PASS" signature="setup()[pri:0, instance:testCases.order.TC_Recent_Phone_Number@776b83cc]" name="setup" is-config="true" duration-ms="68" started-at="2020-06-17T07:19:56Z" finished-at="2020-06-17T07:19:56Z">
          <reporter-output>
          </reporter-output>
        </test-method> <!-- setup -->
        <test-method status="PASS" signature="beforeClass()[pri:0, instance:testCases.order.TC_Recent_Phone_Number@776b83cc]" name="beforeClass" is-config="true" duration-ms="34466" started-at="2020-06-17T07:19:56Z" finished-at="2020-06-17T07:20:31Z">
          <reporter-output>
          </reporter-output>
        </test-method> <!-- beforeClass -->
        <test-method status="PASS" signature="testRecentPhoneNumber()[pri:0, instance:testCases.order.TC_Recent_Phone_Number@152aa092]" name="testRecentPhoneNumber" duration-ms="4649" started-at="2020-06-17T07:20:31Z" finished-at="2020-06-17T07:20:36Z">
          <reporter-output>
          </reporter-output>
        </test-method> <!-- testRecentPhoneNumber -->
        <test-method status="PASS" signature="checkData()[pri:0, instance:testCases.order.TC_Recent_Phone_Number@152aa092]" name="checkData" duration-ms="19" started-at="2020-06-17T07:20:36Z" depends-on-methods="testCases.order.TC_Recent_Phone_Number.testRecentPhoneNumber" finished-at="2020-06-17T07:20:36Z">
          <reporter-output>
          </reporter-output>
        </test-method> <!-- checkData -->
        <test-method status="PASS" signature="checkDB()[pri:0, instance:testCases.order.TC_Recent_Phone_Number@152aa092]" name="checkDB" duration-ms="5146" started-at="2020-06-17T07:20:36Z" depends-on-methods="testCases.order.TC_Recent_Phone_Number.checkData" finished-at="2020-06-17T07:20:41Z">
          <reporter-output>
          </reporter-output>
        </test-method> <!-- checkDB -->
        <test-method status="PASS" signature="afterClass()[pri:0, instance:testCases.order.TC_Recent_Phone_Number@776b83cc]" name="afterClass" is-config="true" duration-ms="17407" started-at="2020-06-17T07:20:41Z" finished-at="2020-06-17T07:20:58Z">
          <reporter-output>
          </reporter-output>
        </test-method> <!-- afterClass -->
        <test-method status="PASS" signature="setup()[pri:0, instance:testCases.order.TC_Recent_Phone_Number@776b83cc]" name="setup" is-config="true" duration-ms="3" started-at="2020-06-17T07:20:58Z" finished-at="2020-06-17T07:20:58Z">
          <reporter-output>
          </reporter-output>
        </test-method> <!-- setup -->
        <test-method status="PASS" signature="beforeClass()[pri:0, instance:testCases.order.TC_Recent_Phone_Number@776b83cc]" name="beforeClass" is-config="true" duration-ms="84941" started-at="2020-06-17T07:20:58Z" finished-at="2020-06-17T07:22:23Z">
          <reporter-output>
          </reporter-output>
        </test-method> <!-- beforeClass -->
        <test-method status="PASS" signature="testRecentPhoneNumber()[pri:0, instance:testCases.order.TC_Recent_Phone_Number@44a7bfbc]" name="testRecentPhoneNumber" duration-ms="4177" started-at="2020-06-17T07:22:23Z" finished-at="2020-06-17T07:22:27Z">
          <reporter-output>
          </reporter-output>
        </test-method> <!-- testRecentPhoneNumber -->
        <test-method status="PASS" signature="checkData()[pri:0, instance:testCases.order.TC_Recent_Phone_Number@44a7bfbc]" name="checkData" duration-ms="272" started-at="2020-06-17T07:22:27Z" depends-on-methods="testCases.order.TC_Recent_Phone_Number.testRecentPhoneNumber" finished-at="2020-06-17T07:22:28Z">
          <reporter-output>
          </reporter-output>
        </test-method> <!-- checkData -->
        <test-method status="PASS" signature="checkDB()[pri:0, instance:testCases.order.TC_Recent_Phone_Number@44a7bfbc]" name="checkDB" duration-ms="5323" started-at="2020-06-17T07:22:28Z" depends-on-methods="testCases.order.TC_Recent_Phone_Number.checkData" finished-at="2020-06-17T07:22:33Z">
          <reporter-output>
          </reporter-output>
        </test-method> <!-- checkDB -->
        <test-method status="PASS" signature="afterClass()[pri:0, instance:testCases.order.TC_Recent_Phone_Number@776b83cc]" name="afterClass" is-config="true" duration-ms="15050" started-at="2020-06-17T07:22:33Z" finished-at="2020-06-17T07:22:48Z">
          <reporter-output>
          </reporter-output>
        </test-method> <!-- afterClass -->
        <test-method status="PASS" signature="setup()[pri:0, instance:testCases.order.TC_Recent_Phone_Number@776b83cc]" name="setup" is-config="true" duration-ms="3" started-at="2020-06-17T07:22:48Z" finished-at="2020-06-17T07:22:48Z">
          <reporter-output>
          </reporter-output>
        </test-method> <!-- setup -->
        <test-method status="PASS" signature="beforeClass()[pri:0, instance:testCases.order.TC_Recent_Phone_Number@776b83cc]" name="beforeClass" is-config="true" duration-ms="1" started-at="2020-06-17T07:22:48Z" finished-at="2020-06-17T07:22:48Z">
          <reporter-output>
          </reporter-output>
        </test-method> <!-- beforeClass -->
        <test-method status="PASS" signature="testRecentPhoneNumber()[pri:0, instance:testCases.order.TC_Recent_Phone_Number@4ef37659]" name="testRecentPhoneNumber" duration-ms="938" started-at="2020-06-17T07:22:48Z" finished-at="2020-06-17T07:22:49Z">
          <reporter-output>
          </reporter-output>
        </test-method> <!-- testRecentPhoneNumber -->
        <test-method status="PASS" signature="checkData()[pri:0, instance:testCases.order.TC_Recent_Phone_Number@4ef37659]" name="checkData" duration-ms="1" started-at="2020-06-17T07:22:49Z" depends-on-methods="testCases.order.TC_Recent_Phone_Number.testRecentPhoneNumber" finished-at="2020-06-17T07:22:49Z">
          <reporter-output>
          </reporter-output>
        </test-method> <!-- checkData -->
        <test-method status="PASS" signature="checkDB()[pri:0, instance:testCases.order.TC_Recent_Phone_Number@4ef37659]" name="checkDB" duration-ms="1" started-at="2020-06-17T07:22:49Z" depends-on-methods="testCases.order.TC_Recent_Phone_Number.checkData" finished-at="2020-06-17T07:22:49Z">
          <reporter-output>
          </reporter-output>
        </test-method> <!-- checkDB -->
        <test-method status="PASS" signature="afterClass()[pri:0, instance:testCases.order.TC_Recent_Phone_Number@776b83cc]" name="afterClass" is-config="true" duration-ms="1" started-at="2020-06-17T07:22:49Z" finished-at="2020-06-17T07:22:49Z">
          <reporter-output>
          </reporter-output>
        </test-method> <!-- afterClass -->
        <test-method status="PASS" signature="setup()[pri:0, instance:testCases.order.TC_Recent_Phone_Number@776b83cc]" name="setup" is-config="true" duration-ms="2" started-at="2020-06-17T07:22:49Z" finished-at="2020-06-17T07:22:49Z">
          <reporter-output>
          </reporter-output>
        </test-method> <!-- setup -->
        <test-method status="PASS" signature="beforeClass()[pri:0, instance:testCases.order.TC_Recent_Phone_Number@776b83cc]" name="beforeClass" is-config="true" duration-ms="28441" started-at="2020-06-17T07:22:49Z" finished-at="2020-06-17T07:23:17Z">
          <reporter-output>
          </reporter-output>
        </test-method> <!-- beforeClass -->
        <test-method status="PASS" signature="testRecentPhoneNumber()[pri:0, instance:testCases.order.TC_Recent_Phone_Number@524d6d96]" name="testRecentPhoneNumber" duration-ms="4218" started-at="2020-06-17T07:23:17Z" finished-at="2020-06-17T07:23:22Z">
          <reporter-output>
          </reporter-output>
        </test-method> <!-- testRecentPhoneNumber -->
        <test-method status="PASS" signature="checkData()[pri:0, instance:testCases.order.TC_Recent_Phone_Number@524d6d96]" name="checkData" duration-ms="7" started-at="2020-06-17T07:23:22Z" depends-on-methods="testCases.order.TC_Recent_Phone_Number.testRecentPhoneNumber" finished-at="2020-06-17T07:23:22Z">
          <reporter-output>
          </reporter-output>
        </test-method> <!-- checkData -->
        <test-method status="PASS" signature="checkDB()[pri:0, instance:testCases.order.TC_Recent_Phone_Number@524d6d96]" name="checkDB" duration-ms="4784" started-at="2020-06-17T07:23:22Z" depends-on-methods="testCases.order.TC_Recent_Phone_Number.checkData" finished-at="2020-06-17T07:23:26Z">
          <reporter-output>
          </reporter-output>
        </test-method> <!-- checkDB -->
        <test-method status="PASS" signature="afterClass()[pri:0, instance:testCases.order.TC_Recent_Phone_Number@776b83cc]" name="afterClass" is-config="true" duration-ms="15485" started-at="2020-06-17T07:23:26Z" finished-at="2020-06-17T07:23:42Z">
          <reporter-output>
          </reporter-output>
        </test-method> <!-- afterClass -->
        <test-method status="PASS" signature="setup()[pri:0, instance:testCases.order.TC_Recent_Phone_Number@776b83cc]" name="setup" is-config="true" duration-ms="2" started-at="2020-06-17T07:23:42Z" finished-at="2020-06-17T07:23:42Z">
          <reporter-output>
          </reporter-output>
        </test-method> <!-- setup -->
        <test-method status="PASS" signature="beforeClass()[pri:0, instance:testCases.order.TC_Recent_Phone_Number@776b83cc]" name="beforeClass" is-config="true" duration-ms="1" started-at="2020-06-17T07:23:42Z" finished-at="2020-06-17T07:23:42Z">
          <reporter-output>
          </reporter-output>
        </test-method> <!-- beforeClass -->
        <test-method status="PASS" signature="testRecentPhoneNumber()[pri:0, instance:testCases.order.TC_Recent_Phone_Number@776b83cc]" name="testRecentPhoneNumber" duration-ms="1186" started-at="2020-06-17T07:23:42Z" finished-at="2020-06-17T07:23:43Z">
          <reporter-output>
          </reporter-output>
        </test-method> <!-- testRecentPhoneNumber -->
        <test-method status="PASS" signature="checkData()[pri:0, instance:testCases.order.TC_Recent_Phone_Number@776b83cc]" name="checkData" duration-ms="4" started-at="2020-06-17T07:23:43Z" depends-on-methods="testCases.order.TC_Recent_Phone_Number.testRecentPhoneNumber" finished-at="2020-06-17T07:23:43Z">
          <reporter-output>
          </reporter-output>
        </test-method> <!-- checkData -->
        <test-method status="PASS" signature="checkDB()[pri:0, instance:testCases.order.TC_Recent_Phone_Number@776b83cc]" name="checkDB" duration-ms="1" started-at="2020-06-17T07:23:43Z" depends-on-methods="testCases.order.TC_Recent_Phone_Number.checkData" finished-at="2020-06-17T07:23:43Z">
          <reporter-output>
          </reporter-output>
        </test-method> <!-- checkDB -->
        <test-method status="PASS" signature="afterClass()[pri:0, instance:testCases.order.TC_Recent_Phone_Number@776b83cc]" name="afterClass" is-config="true" duration-ms="4" started-at="2020-06-17T07:23:43Z" finished-at="2020-06-17T07:23:43Z">
          <reporter-output>
          </reporter-output>
        </test-method> <!-- afterClass -->
      </class> <!-- testCases.order.TC_Recent_Phone_Number -->
    </test> <!-- DanaPulsaTestOrder -->
  </suite> <!-- DANA Pulsa Suite -->
</testng-results>
