<?xml version="1.0" encoding="UTF-8"?>
<testng-results skipped="1" failed="1" ignored="0" total="57" passed="55">
  <reporter-output>
  </reporter-output>
  <suite name="DANA Pulsa Suite" duration-ms="967232" started-at="2020-06-16T06:11:01Z" finished-at="2020-06-16T06:27:08Z">
    <groups>
    </groups>
    <test name="DanaPulsaServiceTestOrder" duration-ms="967232" started-at="2020-06-16T06:11:01Z" finished-at="2020-06-16T06:27:08Z">
      <class name="remoteService.order.TC_Remote_Service_CreateTransaction">
        <test-method status="PASS" signature="setup()[pri:0, instance:remoteService.order.TC_Remote_Service_CreateTransaction@74f6c5d8]" name="setup" is-config="true" duration-ms="49" started-at="2020-06-16T06:11:01Z" finished-at="2020-06-16T06:11:01Z">
          <reporter-output>
          </reporter-output>
        </test-method> <!-- setup -->
        <test-method status="PASS" signature="beforeClass()[pri:0, instance:remoteService.order.TC_Remote_Service_CreateTransaction@74f6c5d8]" name="beforeClass" is-config="true" duration-ms="27947" started-at="2020-06-16T06:11:01Z" finished-at="2020-06-16T06:11:29Z">
          <reporter-output>
          </reporter-output>
        </test-method> <!-- beforeClass -->
        <test-method status="PASS" signature="testCreateTransaction()[pri:0, instance:remoteService.order.TC_Remote_Service_CreateTransaction@102cec62]" name="testCreateTransaction" duration-ms="3254" started-at="2020-06-16T06:11:29Z" finished-at="2020-06-16T06:11:32Z">
          <reporter-output>
          </reporter-output>
        </test-method> <!-- testCreateTransaction -->
        <test-method status="PASS" signature="checkData()[pri:0, instance:remoteService.order.TC_Remote_Service_CreateTransaction@102cec62]" name="checkData" duration-ms="4" started-at="2020-06-16T06:11:32Z" depends-on-methods="remoteService.order.TC_Remote_Service_CreateTransaction.testCreateTransaction" finished-at="2020-06-16T06:11:32Z">
          <reporter-output>
          </reporter-output>
        </test-method> <!-- checkData -->
        <test-method status="PASS" signature="checkDB()[pri:0, instance:remoteService.order.TC_Remote_Service_CreateTransaction@102cec62]" name="checkDB" duration-ms="5140" started-at="2020-06-16T06:11:32Z" depends-on-methods="remoteService.order.TC_Remote_Service_CreateTransaction.checkData" finished-at="2020-06-16T06:11:37Z">
          <reporter-output>
          </reporter-output>
        </test-method> <!-- checkDB -->
        <test-method status="PASS" signature="afterClass()[pri:0, instance:remoteService.order.TC_Remote_Service_CreateTransaction@74f6c5d8]" name="afterClass" is-config="true" duration-ms="20778" started-at="2020-06-16T06:11:37Z" finished-at="2020-06-16T06:11:58Z">
          <reporter-output>
          </reporter-output>
        </test-method> <!-- afterClass -->
        <test-method status="PASS" signature="setup()[pri:0, instance:remoteService.order.TC_Remote_Service_CreateTransaction@74f6c5d8]" name="setup" is-config="true" duration-ms="2" started-at="2020-06-16T06:11:58Z" finished-at="2020-06-16T06:11:58Z">
          <reporter-output>
          </reporter-output>
        </test-method> <!-- setup -->
        <test-method status="PASS" signature="beforeClass()[pri:0, instance:remoteService.order.TC_Remote_Service_CreateTransaction@74f6c5d8]" name="beforeClass" is-config="true" duration-ms="24690" started-at="2020-06-16T06:11:58Z" finished-at="2020-06-16T06:12:23Z">
          <reporter-output>
          </reporter-output>
        </test-method> <!-- beforeClass -->
        <test-method status="PASS" signature="testCreateTransaction()[pri:0, instance:remoteService.order.TC_Remote_Service_CreateTransaction@15f47664]" name="testCreateTransaction" duration-ms="5217" started-at="2020-06-16T06:12:23Z" finished-at="2020-06-16T06:12:28Z">
          <reporter-output>
          </reporter-output>
        </test-method> <!-- testCreateTransaction -->
        <test-method status="PASS" signature="checkData()[pri:0, instance:remoteService.order.TC_Remote_Service_CreateTransaction@15f47664]" name="checkData" duration-ms="2" started-at="2020-06-16T06:12:28Z" depends-on-methods="remoteService.order.TC_Remote_Service_CreateTransaction.testCreateTransaction" finished-at="2020-06-16T06:12:28Z">
          <reporter-output>
          </reporter-output>
        </test-method> <!-- checkData -->
        <test-method status="PASS" signature="checkDB()[pri:0, instance:remoteService.order.TC_Remote_Service_CreateTransaction@15f47664]" name="checkDB" duration-ms="6048" started-at="2020-06-16T06:12:28Z" depends-on-methods="remoteService.order.TC_Remote_Service_CreateTransaction.checkData" finished-at="2020-06-16T06:12:34Z">
          <reporter-output>
          </reporter-output>
        </test-method> <!-- checkDB -->
        <test-method status="PASS" signature="afterClass()[pri:0, instance:remoteService.order.TC_Remote_Service_CreateTransaction@74f6c5d8]" name="afterClass" is-config="true" duration-ms="22607" started-at="2020-06-16T06:12:34Z" finished-at="2020-06-16T06:12:57Z">
          <reporter-output>
          </reporter-output>
        </test-method> <!-- afterClass -->
        <test-method status="PASS" signature="setup()[pri:0, instance:remoteService.order.TC_Remote_Service_CreateTransaction@74f6c5d8]" name="setup" is-config="true" duration-ms="2" started-at="2020-06-16T06:12:57Z" finished-at="2020-06-16T06:12:57Z">
          <reporter-output>
          </reporter-output>
        </test-method> <!-- setup -->
        <test-method status="PASS" signature="beforeClass()[pri:0, instance:remoteService.order.TC_Remote_Service_CreateTransaction@74f6c5d8]" name="beforeClass" is-config="true" duration-ms="25412" started-at="2020-06-16T06:12:57Z" finished-at="2020-06-16T06:13:22Z">
          <reporter-output>
          </reporter-output>
        </test-method> <!-- beforeClass -->
        <test-method status="PASS" signature="testCreateTransaction()[pri:0, instance:remoteService.order.TC_Remote_Service_CreateTransaction@19976a65]" name="testCreateTransaction" duration-ms="4721" started-at="2020-06-16T06:13:22Z" finished-at="2020-06-16T06:13:27Z">
          <reporter-output>
          </reporter-output>
        </test-method> <!-- testCreateTransaction -->
        <test-method status="PASS" signature="checkData()[pri:0, instance:remoteService.order.TC_Remote_Service_CreateTransaction@19976a65]" name="checkData" duration-ms="1" started-at="2020-06-16T06:13:27Z" depends-on-methods="remoteService.order.TC_Remote_Service_CreateTransaction.testCreateTransaction" finished-at="2020-06-16T06:13:27Z">
          <reporter-output>
          </reporter-output>
        </test-method> <!-- checkData -->
        <test-method status="PASS" signature="checkDB()[pri:0, instance:remoteService.order.TC_Remote_Service_CreateTransaction@19976a65]" name="checkDB" duration-ms="4237" started-at="2020-06-16T06:13:27Z" depends-on-methods="remoteService.order.TC_Remote_Service_CreateTransaction.checkData" finished-at="2020-06-16T06:13:31Z">
          <reporter-output>
          </reporter-output>
        </test-method> <!-- checkDB -->
        <test-method status="PASS" signature="afterClass()[pri:0, instance:remoteService.order.TC_Remote_Service_CreateTransaction@74f6c5d8]" name="afterClass" is-config="true" duration-ms="19606" started-at="2020-06-16T06:13:31Z" finished-at="2020-06-16T06:13:51Z">
          <reporter-output>
          </reporter-output>
        </test-method> <!-- afterClass -->
        <test-method status="PASS" signature="setup()[pri:0, instance:remoteService.order.TC_Remote_Service_CreateTransaction@74f6c5d8]" name="setup" is-config="true" duration-ms="2" started-at="2020-06-16T06:13:51Z" finished-at="2020-06-16T06:13:51Z">
          <reporter-output>
          </reporter-output>
        </test-method> <!-- setup -->
        <test-method status="PASS" signature="beforeClass()[pri:0, instance:remoteService.order.TC_Remote_Service_CreateTransaction@74f6c5d8]" name="beforeClass" is-config="true" duration-ms="24356" started-at="2020-06-16T06:13:51Z" finished-at="2020-06-16T06:14:15Z">
          <reporter-output>
          </reporter-output>
        </test-method> <!-- beforeClass -->
        <test-method status="PASS" signature="testCreateTransaction()[pri:0, instance:remoteService.order.TC_Remote_Service_CreateTransaction@2dc9b0f5]" name="testCreateTransaction" duration-ms="4192" started-at="2020-06-16T06:14:15Z" finished-at="2020-06-16T06:14:19Z">
          <reporter-output>
          </reporter-output>
        </test-method> <!-- testCreateTransaction -->
        <test-method status="PASS" signature="checkData()[pri:0, instance:remoteService.order.TC_Remote_Service_CreateTransaction@2dc9b0f5]" name="checkData" duration-ms="1" started-at="2020-06-16T06:14:19Z" depends-on-methods="remoteService.order.TC_Remote_Service_CreateTransaction.testCreateTransaction" finished-at="2020-06-16T06:14:19Z">
          <reporter-output>
          </reporter-output>
        </test-method> <!-- checkData -->
        <test-method status="PASS" signature="checkDB()[pri:0, instance:remoteService.order.TC_Remote_Service_CreateTransaction@2dc9b0f5]" name="checkDB" duration-ms="5724" started-at="2020-06-16T06:14:19Z" depends-on-methods="remoteService.order.TC_Remote_Service_CreateTransaction.checkData" finished-at="2020-06-16T06:14:25Z">
          <reporter-output>
          </reporter-output>
        </test-method> <!-- checkDB -->
        <test-method status="PASS" signature="afterClass()[pri:0, instance:remoteService.order.TC_Remote_Service_CreateTransaction@74f6c5d8]" name="afterClass" is-config="true" duration-ms="19840" started-at="2020-06-16T06:14:25Z" finished-at="2020-06-16T06:14:45Z">
          <reporter-output>
          </reporter-output>
        </test-method> <!-- afterClass -->
        <test-method status="PASS" signature="setup()[pri:0, instance:remoteService.order.TC_Remote_Service_CreateTransaction@74f6c5d8]" name="setup" is-config="true" duration-ms="2" started-at="2020-06-16T06:14:45Z" finished-at="2020-06-16T06:14:45Z">
          <reporter-output>
          </reporter-output>
        </test-method> <!-- setup -->
        <test-method status="PASS" signature="beforeClass()[pri:0, instance:remoteService.order.TC_Remote_Service_CreateTransaction@74f6c5d8]" name="beforeClass" is-config="true" duration-ms="24870" started-at="2020-06-16T06:14:45Z" finished-at="2020-06-16T06:15:10Z">
          <reporter-output>
          </reporter-output>
        </test-method> <!-- beforeClass -->
        <test-method status="PASS" signature="testCreateTransaction()[pri:0, instance:remoteService.order.TC_Remote_Service_CreateTransaction@2f666ebb]" name="testCreateTransaction" duration-ms="5259" started-at="2020-06-16T06:15:10Z" finished-at="2020-06-16T06:15:15Z">
          <reporter-output>
          </reporter-output>
        </test-method> <!-- testCreateTransaction -->
        <test-method status="PASS" signature="checkData()[pri:0, instance:remoteService.order.TC_Remote_Service_CreateTransaction@2f666ebb]" name="checkData" duration-ms="2" started-at="2020-06-16T06:15:15Z" depends-on-methods="remoteService.order.TC_Remote_Service_CreateTransaction.testCreateTransaction" finished-at="2020-06-16T06:15:15Z">
          <reporter-output>
          </reporter-output>
        </test-method> <!-- checkData -->
        <test-method status="PASS" signature="checkDB()[pri:0, instance:remoteService.order.TC_Remote_Service_CreateTransaction@2f666ebb]" name="checkDB" duration-ms="4817" started-at="2020-06-16T06:15:15Z" depends-on-methods="remoteService.order.TC_Remote_Service_CreateTransaction.checkData" finished-at="2020-06-16T06:15:20Z">
          <reporter-output>
          </reporter-output>
        </test-method> <!-- checkDB -->
        <test-method status="PASS" signature="afterClass()[pri:0, instance:remoteService.order.TC_Remote_Service_CreateTransaction@74f6c5d8]" name="afterClass" is-config="true" duration-ms="18026" started-at="2020-06-16T06:15:20Z" finished-at="2020-06-16T06:15:38Z">
          <reporter-output>
          </reporter-output>
        </test-method> <!-- afterClass -->
        <test-method status="PASS" signature="setup()[pri:0, instance:remoteService.order.TC_Remote_Service_CreateTransaction@74f6c5d8]" name="setup" is-config="true" duration-ms="2" started-at="2020-06-16T06:15:38Z" finished-at="2020-06-16T06:15:38Z">
          <reporter-output>
          </reporter-output>
        </test-method> <!-- setup -->
        <test-method status="PASS" signature="beforeClass()[pri:0, instance:remoteService.order.TC_Remote_Service_CreateTransaction@74f6c5d8]" name="beforeClass" is-config="true" duration-ms="23972" started-at="2020-06-16T06:15:38Z" finished-at="2020-06-16T06:16:02Z">
          <reporter-output>
          </reporter-output>
        </test-method> <!-- beforeClass -->
        <test-method status="PASS" signature="testCreateTransaction()[pri:0, instance:remoteService.order.TC_Remote_Service_CreateTransaction@3b5fad2d]" name="testCreateTransaction" duration-ms="4325" started-at="2020-06-16T06:16:02Z" finished-at="2020-06-16T06:16:06Z">
          <reporter-output>
          </reporter-output>
        </test-method> <!-- testCreateTransaction -->
        <test-method status="PASS" signature="checkData()[pri:0, instance:remoteService.order.TC_Remote_Service_CreateTransaction@3b5fad2d]" name="checkData" duration-ms="1" started-at="2020-06-16T06:16:06Z" depends-on-methods="remoteService.order.TC_Remote_Service_CreateTransaction.testCreateTransaction" finished-at="2020-06-16T06:16:06Z">
          <reporter-output>
          </reporter-output>
        </test-method> <!-- checkData -->
        <test-method status="PASS" signature="checkDB()[pri:0, instance:remoteService.order.TC_Remote_Service_CreateTransaction@3b5fad2d]" name="checkDB" duration-ms="7179" started-at="2020-06-16T06:16:06Z" depends-on-methods="remoteService.order.TC_Remote_Service_CreateTransaction.checkData" finished-at="2020-06-16T06:16:13Z">
          <reporter-output>
          </reporter-output>
        </test-method> <!-- checkDB -->
        <test-method status="PASS" signature="afterClass()[pri:0, instance:remoteService.order.TC_Remote_Service_CreateTransaction@74f6c5d8]" name="afterClass" is-config="true" duration-ms="18336" started-at="2020-06-16T06:16:13Z" finished-at="2020-06-16T06:16:31Z">
          <reporter-output>
          </reporter-output>
        </test-method> <!-- afterClass -->
        <test-method status="PASS" signature="setup()[pri:0, instance:remoteService.order.TC_Remote_Service_CreateTransaction@74f6c5d8]" name="setup" is-config="true" duration-ms="3" started-at="2020-06-16T06:16:31Z" finished-at="2020-06-16T06:16:31Z">
          <reporter-output>
          </reporter-output>
        </test-method> <!-- setup -->
        <test-method status="PASS" signature="beforeClass()[pri:0, instance:remoteService.order.TC_Remote_Service_CreateTransaction@74f6c5d8]" name="beforeClass" is-config="true" duration-ms="24064" started-at="2020-06-16T06:16:31Z" finished-at="2020-06-16T06:16:56Z">
          <reporter-output>
          </reporter-output>
        </test-method> <!-- beforeClass -->
        <test-method status="PASS" signature="testCreateTransaction()[pri:0, instance:remoteService.order.TC_Remote_Service_CreateTransaction@3eb91815]" name="testCreateTransaction" duration-ms="4349" started-at="2020-06-16T06:16:56Z" finished-at="2020-06-16T06:17:00Z">
          <reporter-output>
          </reporter-output>
        </test-method> <!-- testCreateTransaction -->
        <test-method status="PASS" signature="checkData()[pri:0, instance:remoteService.order.TC_Remote_Service_CreateTransaction@3eb91815]" name="checkData" duration-ms="1" started-at="2020-06-16T06:17:00Z" depends-on-methods="remoteService.order.TC_Remote_Service_CreateTransaction.testCreateTransaction" finished-at="2020-06-16T06:17:00Z">
          <reporter-output>
          </reporter-output>
        </test-method> <!-- checkData -->
        <test-method status="PASS" signature="checkDB()[pri:0, instance:remoteService.order.TC_Remote_Service_CreateTransaction@3eb91815]" name="checkDB" duration-ms="4849" started-at="2020-06-16T06:17:00Z" depends-on-methods="remoteService.order.TC_Remote_Service_CreateTransaction.checkData" finished-at="2020-06-16T06:17:05Z">
          <reporter-output>
          </reporter-output>
        </test-method> <!-- checkDB -->
        <test-method status="PASS" signature="afterClass()[pri:0, instance:remoteService.order.TC_Remote_Service_CreateTransaction@74f6c5d8]" name="afterClass" is-config="true" duration-ms="18985" started-at="2020-06-16T06:17:05Z" finished-at="2020-06-16T06:17:24Z">
          <reporter-output>
          </reporter-output>
        </test-method> <!-- afterClass -->
        <test-method status="PASS" signature="setup()[pri:0, instance:remoteService.order.TC_Remote_Service_CreateTransaction@74f6c5d8]" name="setup" is-config="true" duration-ms="3" started-at="2020-06-16T06:17:24Z" finished-at="2020-06-16T06:17:24Z">
          <reporter-output>
          </reporter-output>
        </test-method> <!-- setup -->
        <test-method status="PASS" signature="beforeClass()[pri:0, instance:remoteService.order.TC_Remote_Service_CreateTransaction@74f6c5d8]" name="beforeClass" is-config="true" duration-ms="26066" started-at="2020-06-16T06:17:24Z" finished-at="2020-06-16T06:17:50Z">
          <reporter-output>
          </reporter-output>
        </test-method> <!-- beforeClass -->
        <test-method status="PASS" signature="testCreateTransaction()[pri:0, instance:remoteService.order.TC_Remote_Service_CreateTransaction@471a9022]" name="testCreateTransaction" duration-ms="4634" started-at="2020-06-16T06:17:50Z" finished-at="2020-06-16T06:17:54Z">
          <reporter-output>
          </reporter-output>
        </test-method> <!-- testCreateTransaction -->
        <test-method status="PASS" signature="checkData()[pri:0, instance:remoteService.order.TC_Remote_Service_CreateTransaction@471a9022]" name="checkData" duration-ms="2" started-at="2020-06-16T06:17:54Z" depends-on-methods="remoteService.order.TC_Remote_Service_CreateTransaction.testCreateTransaction" finished-at="2020-06-16T06:17:54Z">
          <reporter-output>
          </reporter-output>
        </test-method> <!-- checkData -->
        <test-method status="PASS" signature="checkDB()[pri:0, instance:remoteService.order.TC_Remote_Service_CreateTransaction@471a9022]" name="checkDB" duration-ms="4960" started-at="2020-06-16T06:17:54Z" depends-on-methods="remoteService.order.TC_Remote_Service_CreateTransaction.checkData" finished-at="2020-06-16T06:17:59Z">
          <reporter-output>
          </reporter-output>
        </test-method> <!-- checkDB -->
        <test-method status="PASS" signature="afterClass()[pri:0, instance:remoteService.order.TC_Remote_Service_CreateTransaction@74f6c5d8]" name="afterClass" is-config="true" duration-ms="20505" started-at="2020-06-16T06:17:59Z" finished-at="2020-06-16T06:18:20Z">
          <reporter-output>
          </reporter-output>
        </test-method> <!-- afterClass -->
        <test-method status="PASS" signature="setup()[pri:0, instance:remoteService.order.TC_Remote_Service_CreateTransaction@74f6c5d8]" name="setup" is-config="true" duration-ms="2" started-at="2020-06-16T06:18:20Z" finished-at="2020-06-16T06:18:20Z">
          <reporter-output>
          </reporter-output>
        </test-method> <!-- setup -->
        <test-method status="PASS" signature="beforeClass()[pri:0, instance:remoteService.order.TC_Remote_Service_CreateTransaction@74f6c5d8]" name="beforeClass" is-config="true" duration-ms="1" started-at="2020-06-16T06:18:20Z" finished-at="2020-06-16T06:18:20Z">
          <reporter-output>
          </reporter-output>
        </test-method> <!-- beforeClass -->
        <test-method status="PASS" signature="testCreateTransaction()[pri:0, instance:remoteService.order.TC_Remote_Service_CreateTransaction@4b2c5e02]" name="testCreateTransaction" duration-ms="1851" started-at="2020-06-16T06:18:20Z" finished-at="2020-06-16T06:18:22Z">
          <reporter-output>
          </reporter-output>
        </test-method> <!-- testCreateTransaction -->
        <test-method status="PASS" signature="checkData()[pri:0, instance:remoteService.order.TC_Remote_Service_CreateTransaction@4b2c5e02]" name="checkData" duration-ms="3" started-at="2020-06-16T06:18:22Z" depends-on-methods="remoteService.order.TC_Remote_Service_CreateTransaction.testCreateTransaction" finished-at="2020-06-16T06:18:22Z">
          <reporter-output>
          </reporter-output>
        </test-method> <!-- checkData -->
        <test-method status="PASS" signature="checkDB()[pri:0, instance:remoteService.order.TC_Remote_Service_CreateTransaction@4b2c5e02]" name="checkDB" duration-ms="5303" started-at="2020-06-16T06:18:22Z" depends-on-methods="remoteService.order.TC_Remote_Service_CreateTransaction.checkData" finished-at="2020-06-16T06:18:27Z">
          <reporter-output>
          </reporter-output>
        </test-method> <!-- checkDB -->
        <test-method status="PASS" signature="afterClass()[pri:0, instance:remoteService.order.TC_Remote_Service_CreateTransaction@74f6c5d8]" name="afterClass" is-config="true" duration-ms="4506" started-at="2020-06-16T06:18:27Z" finished-at="2020-06-16T06:18:32Z">
          <reporter-output>
          </reporter-output>
        </test-method> <!-- afterClass -->
        <test-method status="PASS" signature="setup()[pri:0, instance:remoteService.order.TC_Remote_Service_CreateTransaction@74f6c5d8]" name="setup" is-config="true" duration-ms="2" started-at="2020-06-16T06:18:32Z" finished-at="2020-06-16T06:18:32Z">
          <reporter-output>
          </reporter-output>
        </test-method> <!-- setup -->
        <test-method status="PASS" signature="beforeClass()[pri:0, instance:remoteService.order.TC_Remote_Service_CreateTransaction@74f6c5d8]" name="beforeClass" is-config="true" duration-ms="28078" started-at="2020-06-16T06:18:32Z" finished-at="2020-06-16T06:19:00Z">
          <reporter-output>
          </reporter-output>
        </test-method> <!-- beforeClass -->
        <test-method status="PASS" signature="testCreateTransaction()[pri:0, instance:remoteService.order.TC_Remote_Service_CreateTransaction@4bc222e]" name="testCreateTransaction" duration-ms="4788" started-at="2020-06-16T06:19:00Z" finished-at="2020-06-16T06:19:04Z">
          <reporter-output>
          </reporter-output>
        </test-method> <!-- testCreateTransaction -->
        <test-method status="PASS" signature="checkData()[pri:0, instance:remoteService.order.TC_Remote_Service_CreateTransaction@4bc222e]" name="checkData" duration-ms="0" started-at="2020-06-16T06:19:04Z" depends-on-methods="remoteService.order.TC_Remote_Service_CreateTransaction.testCreateTransaction" finished-at="2020-06-16T06:19:04Z">
          <reporter-output>
          </reporter-output>
        </test-method> <!-- checkData -->
        <test-method status="PASS" signature="checkDB()[pri:0, instance:remoteService.order.TC_Remote_Service_CreateTransaction@4bc222e]" name="checkDB" duration-ms="5005" started-at="2020-06-16T06:19:04Z" depends-on-methods="remoteService.order.TC_Remote_Service_CreateTransaction.checkData" finished-at="2020-06-16T06:19:09Z">
          <reporter-output>
          </reporter-output>
        </test-method> <!-- checkDB -->
        <test-method status="PASS" signature="afterClass()[pri:0, instance:remoteService.order.TC_Remote_Service_CreateTransaction@74f6c5d8]" name="afterClass" is-config="true" duration-ms="20389" started-at="2020-06-16T06:19:09Z" finished-at="2020-06-16T06:19:30Z">
          <reporter-output>
          </reporter-output>
        </test-method> <!-- afterClass -->
        <test-method status="PASS" signature="setup()[pri:0, instance:remoteService.order.TC_Remote_Service_CreateTransaction@74f6c5d8]" name="setup" is-config="true" duration-ms="3" started-at="2020-06-16T06:19:30Z" finished-at="2020-06-16T06:19:30Z">
          <reporter-output>
          </reporter-output>
        </test-method> <!-- setup -->
        <test-method status="PASS" signature="beforeClass()[pri:0, instance:remoteService.order.TC_Remote_Service_CreateTransaction@74f6c5d8]" name="beforeClass" is-config="true" duration-ms="22591" started-at="2020-06-16T06:19:30Z" finished-at="2020-06-16T06:19:52Z">
          <reporter-output>
          </reporter-output>
        </test-method> <!-- beforeClass -->
        <test-method status="PASS" signature="testCreateTransaction()[pri:0, instance:remoteService.order.TC_Remote_Service_CreateTransaction@56dc1551]" name="testCreateTransaction" duration-ms="4354" started-at="2020-06-16T06:19:52Z" finished-at="2020-06-16T06:19:57Z">
          <reporter-output>
          </reporter-output>
        </test-method> <!-- testCreateTransaction -->
        <test-method status="PASS" signature="checkData()[pri:0, instance:remoteService.order.TC_Remote_Service_CreateTransaction@56dc1551]" name="checkData" duration-ms="0" started-at="2020-06-16T06:19:57Z" depends-on-methods="remoteService.order.TC_Remote_Service_CreateTransaction.testCreateTransaction" finished-at="2020-06-16T06:19:57Z">
          <reporter-output>
          </reporter-output>
        </test-method> <!-- checkData -->
        <test-method status="PASS" signature="checkDB()[pri:0, instance:remoteService.order.TC_Remote_Service_CreateTransaction@56dc1551]" name="checkDB" duration-ms="10016" started-at="2020-06-16T06:19:57Z" depends-on-methods="remoteService.order.TC_Remote_Service_CreateTransaction.checkData" finished-at="2020-06-16T06:20:07Z">
          <reporter-output>
          </reporter-output>
        </test-method> <!-- checkDB -->
        <test-method status="PASS" signature="afterClass()[pri:0, instance:remoteService.order.TC_Remote_Service_CreateTransaction@74f6c5d8]" name="afterClass" is-config="true" duration-ms="19655" started-at="2020-06-16T06:20:07Z" finished-at="2020-06-16T06:20:26Z">
          <reporter-output>
          </reporter-output>
        </test-method> <!-- afterClass -->
        <test-method status="PASS" signature="setup()[pri:0, instance:remoteService.order.TC_Remote_Service_CreateTransaction@74f6c5d8]" name="setup" is-config="true" duration-ms="4" started-at="2020-06-16T06:20:26Z" finished-at="2020-06-16T06:20:26Z">
          <reporter-output>
          </reporter-output>
        </test-method> <!-- setup -->
        <test-method status="PASS" signature="beforeClass()[pri:0, instance:remoteService.order.TC_Remote_Service_CreateTransaction@74f6c5d8]" name="beforeClass" is-config="true" duration-ms="24201" started-at="2020-06-16T06:20:26Z" finished-at="2020-06-16T06:20:51Z">
          <reporter-output>
          </reporter-output>
        </test-method> <!-- beforeClass -->
        <test-method status="PASS" signature="testCreateTransaction()[pri:0, instance:remoteService.order.TC_Remote_Service_CreateTransaction@57a3e26a]" name="testCreateTransaction" duration-ms="4596" started-at="2020-06-16T06:20:51Z" finished-at="2020-06-16T06:20:55Z">
          <reporter-output>
          </reporter-output>
        </test-method> <!-- testCreateTransaction -->
        <test-method status="PASS" signature="checkData()[pri:0, instance:remoteService.order.TC_Remote_Service_CreateTransaction@57a3e26a]" name="checkData" duration-ms="1" started-at="2020-06-16T06:20:55Z" depends-on-methods="remoteService.order.TC_Remote_Service_CreateTransaction.testCreateTransaction" finished-at="2020-06-16T06:20:55Z">
          <reporter-output>
          </reporter-output>
        </test-method> <!-- checkData -->
        <test-method status="PASS" signature="checkDB()[pri:0, instance:remoteService.order.TC_Remote_Service_CreateTransaction@57a3e26a]" name="checkDB" duration-ms="5698" started-at="2020-06-16T06:20:55Z" depends-on-methods="remoteService.order.TC_Remote_Service_CreateTransaction.checkData" finished-at="2020-06-16T06:21:01Z">
          <reporter-output>
          </reporter-output>
        </test-method> <!-- checkDB -->
        <test-method status="PASS" signature="afterClass()[pri:0, instance:remoteService.order.TC_Remote_Service_CreateTransaction@74f6c5d8]" name="afterClass" is-config="true" duration-ms="18946" started-at="2020-06-16T06:21:01Z" finished-at="2020-06-16T06:21:20Z">
          <reporter-output>
          </reporter-output>
        </test-method> <!-- afterClass -->
        <test-method status="PASS" signature="setup()[pri:0, instance:remoteService.order.TC_Remote_Service_CreateTransaction@74f6c5d8]" name="setup" is-config="true" duration-ms="2" started-at="2020-06-16T06:21:20Z" finished-at="2020-06-16T06:21:20Z">
          <reporter-output>
          </reporter-output>
        </test-method> <!-- setup -->
        <test-method status="PASS" signature="beforeClass()[pri:0, instance:remoteService.order.TC_Remote_Service_CreateTransaction@74f6c5d8]" name="beforeClass" is-config="true" duration-ms="24248" started-at="2020-06-16T06:21:20Z" finished-at="2020-06-16T06:21:44Z">
          <reporter-output>
          </reporter-output>
        </test-method> <!-- beforeClass -->
        <test-method status="PASS" signature="testCreateTransaction()[pri:0, instance:remoteService.order.TC_Remote_Service_CreateTransaction@5e17553a]" name="testCreateTransaction" duration-ms="4142" started-at="2020-06-16T06:21:44Z" finished-at="2020-06-16T06:21:48Z">
          <reporter-output>
          </reporter-output>
        </test-method> <!-- testCreateTransaction -->
        <test-method status="FAIL" signature="checkData()[pri:0, instance:remoteService.order.TC_Remote_Service_CreateTransaction@5e17553a]" name="checkData" duration-ms="42" started-at="2020-06-16T06:21:48Z" depends-on-methods="remoteService.order.TC_Remote_Service_CreateTransaction.testCreateTransaction" finished-at="2020-06-16T06:21:48Z">
          <exception class="java.lang.AssertionError">
            <message>
              <![CDATA[invalid phone number expected [true] but found [false]]]>
            </message>
            <full-stacktrace>
              <![CDATA[java.lang.AssertionError: invalid phone number expected [true] but found [false]
at org.testng.Assert.fail(Assert.java:96)
at org.testng.Assert.failNotEquals(Assert.java:776)
at org.testng.Assert.assertTrue(Assert.java:44)
at remoteService.order.TC_Remote_Service_CreateTransaction.checkData(TC_Remote_Service_CreateTransaction.java:104)
at sun.reflect.NativeMethodAccessorImpl.invoke0(Native Method)
at sun.reflect.NativeMethodAccessorImpl.invoke(NativeMethodAccessorImpl.java:62)
at sun.reflect.DelegatingMethodAccessorImpl.invoke(DelegatingMethodAccessorImpl.java:43)
at java.lang.reflect.Method.invoke(Method.java:498)
at org.testng.internal.MethodInvocationHelper.invokeMethod(MethodInvocationHelper.java:124)
at org.testng.internal.Invoker.invokeMethod(Invoker.java:583)
at org.testng.internal.Invoker.invokeTestMethod(Invoker.java:719)
at org.testng.internal.Invoker.invokeTestMethods(Invoker.java:989)
at org.testng.internal.TestMethodWorker.invokeTestMethods(TestMethodWorker.java:125)
at org.testng.internal.TestMethodWorker.run(TestMethodWorker.java:109)
at org.testng.TestRunner.privateRun(TestRunner.java:648)
at org.testng.TestRunner.run(TestRunner.java:505)
at org.testng.SuiteRunner.runTest(SuiteRunner.java:455)
at org.testng.SuiteRunner.runSequentially(SuiteRunner.java:450)
at org.testng.SuiteRunner.privateRun(SuiteRunner.java:415)
at org.testng.SuiteRunner.run(SuiteRunner.java:364)
at org.testng.SuiteRunnerWorker.runSuite(SuiteRunnerWorker.java:52)
at org.testng.SuiteRunnerWorker.run(SuiteRunnerWorker.java:84)
at org.testng.TestNG.runSuitesSequentially(TestNG.java:1208)
at org.testng.TestNG.runSuitesLocally(TestNG.java:1137)
at org.testng.TestNG.runSuites(TestNG.java:1049)
at org.testng.TestNG.run(TestNG.java:1017)
at org.testng.remote.AbstractRemoteTestNG.run(AbstractRemoteTestNG.java:115)
at org.testng.remote.RemoteTestNG.initAndRun(RemoteTestNG.java:251)
at org.testng.remote.RemoteTestNG.main(RemoteTestNG.java:77)
]]>
            </full-stacktrace>
          </exception> <!-- java.lang.AssertionError -->
          <reporter-output>
          </reporter-output>
        </test-method> <!-- checkData -->
        <test-method status="SKIP" signature="checkDB()[pri:0, instance:remoteService.order.TC_Remote_Service_CreateTransaction@5e17553a]" name="checkDB" duration-ms="0" started-at="2020-06-16T06:21:48Z" depends-on-methods="remoteService.order.TC_Remote_Service_CreateTransaction.checkData" finished-at="2020-06-16T06:21:48Z">
          <exception class="java.lang.Throwable">
            <message>
              <![CDATA[Method TC_Remote_Service_CreateTransaction.checkDB()[pri:0, instance:remoteService.order.TC_Remote_Service_CreateTransaction@5e17553a] depends on not successfully finished methods]]>
            </message>
            <full-stacktrace>
              <![CDATA[java.lang.Throwable: Method TC_Remote_Service_CreateTransaction.checkDB()[pri:0, instance:remoteService.order.TC_Remote_Service_CreateTransaction@5e17553a] depends on not successfully finished methods
at org.testng.internal.Invoker.invokeTestMethods(Invoker.java:888)
at org.testng.internal.TestMethodWorker.invokeTestMethods(TestMethodWorker.java:125)
at org.testng.internal.TestMethodWorker.run(TestMethodWorker.java:109)
at org.testng.TestRunner.privateRun(TestRunner.java:648)
at org.testng.TestRunner.run(TestRunner.java:505)
at org.testng.SuiteRunner.runTest(SuiteRunner.java:455)
at org.testng.SuiteRunner.runSequentially(SuiteRunner.java:450)
at org.testng.SuiteRunner.privateRun(SuiteRunner.java:415)
at org.testng.SuiteRunner.run(SuiteRunner.java:364)
at org.testng.SuiteRunnerWorker.runSuite(SuiteRunnerWorker.java:52)
at org.testng.SuiteRunnerWorker.run(SuiteRunnerWorker.java:84)
at org.testng.TestNG.runSuitesSequentially(TestNG.java:1208)
at org.testng.TestNG.runSuitesLocally(TestNG.java:1137)
at org.testng.TestNG.runSuites(TestNG.java:1049)
at org.testng.TestNG.run(TestNG.java:1017)
at org.testng.remote.AbstractRemoteTestNG.run(AbstractRemoteTestNG.java:115)
at org.testng.remote.RemoteTestNG.initAndRun(RemoteTestNG.java:251)
at org.testng.remote.RemoteTestNG.main(RemoteTestNG.java:77)
]]>
            </full-stacktrace>
          </exception> <!-- java.lang.Throwable -->
          <reporter-output>
          </reporter-output>
        </test-method> <!-- checkDB -->
        <test-method status="PASS" signature="afterClass()[pri:0, instance:remoteService.order.TC_Remote_Service_CreateTransaction@74f6c5d8]" name="afterClass" is-config="true" duration-ms="19278" started-at="2020-06-16T06:21:48Z" finished-at="2020-06-16T06:22:08Z">
          <reporter-output>
          </reporter-output>
        </test-method> <!-- afterClass -->
        <test-method status="PASS" signature="setup()[pri:0, instance:remoteService.order.TC_Remote_Service_CreateTransaction@74f6c5d8]" name="setup" is-config="true" duration-ms="2" started-at="2020-06-16T06:22:08Z" finished-at="2020-06-16T06:22:08Z">
          <reporter-output>
          </reporter-output>
        </test-method> <!-- setup -->
        <test-method status="PASS" signature="beforeClass()[pri:0, instance:remoteService.order.TC_Remote_Service_CreateTransaction@74f6c5d8]" name="beforeClass" is-config="true" duration-ms="27228" started-at="2020-06-16T06:22:08Z" finished-at="2020-06-16T06:22:35Z">
          <reporter-output>
          </reporter-output>
        </test-method> <!-- beforeClass -->
        <test-method status="PASS" signature="testCreateTransaction()[pri:0, instance:remoteService.order.TC_Remote_Service_CreateTransaction@6531a794]" name="testCreateTransaction" duration-ms="4168" started-at="2020-06-16T06:22:35Z" finished-at="2020-06-16T06:22:39Z">
          <reporter-output>
          </reporter-output>
        </test-method> <!-- testCreateTransaction -->
        <test-method status="PASS" signature="checkData()[pri:0, instance:remoteService.order.TC_Remote_Service_CreateTransaction@6531a794]" name="checkData" duration-ms="1" started-at="2020-06-16T06:22:39Z" depends-on-methods="remoteService.order.TC_Remote_Service_CreateTransaction.testCreateTransaction" finished-at="2020-06-16T06:22:39Z">
          <reporter-output>
          </reporter-output>
        </test-method> <!-- checkData -->
        <test-method status="PASS" signature="checkDB()[pri:0, instance:remoteService.order.TC_Remote_Service_CreateTransaction@6531a794]" name="checkDB" duration-ms="5266" started-at="2020-06-16T06:22:39Z" depends-on-methods="remoteService.order.TC_Remote_Service_CreateTransaction.checkData" finished-at="2020-06-16T06:22:44Z">
          <reporter-output>
          </reporter-output>
        </test-method> <!-- checkDB -->
        <test-method status="PASS" signature="afterClass()[pri:0, instance:remoteService.order.TC_Remote_Service_CreateTransaction@74f6c5d8]" name="afterClass" is-config="true" duration-ms="18418" started-at="2020-06-16T06:22:44Z" finished-at="2020-06-16T06:23:03Z">
          <reporter-output>
          </reporter-output>
        </test-method> <!-- afterClass -->
        <test-method status="PASS" signature="setup()[pri:0, instance:remoteService.order.TC_Remote_Service_CreateTransaction@74f6c5d8]" name="setup" is-config="true" duration-ms="2" started-at="2020-06-16T06:23:03Z" finished-at="2020-06-16T06:23:03Z">
          <reporter-output>
          </reporter-output>
        </test-method> <!-- setup -->
        <test-method status="PASS" signature="beforeClass()[pri:0, instance:remoteService.order.TC_Remote_Service_CreateTransaction@74f6c5d8]" name="beforeClass" is-config="true" duration-ms="26068" started-at="2020-06-16T06:23:03Z" finished-at="2020-06-16T06:23:29Z">
          <reporter-output>
          </reporter-output>
        </test-method> <!-- beforeClass -->
        <test-method status="PASS" signature="testCreateTransaction()[pri:0, instance:remoteService.order.TC_Remote_Service_CreateTransaction@74f6c5d8]" name="testCreateTransaction" duration-ms="4463" started-at="2020-06-16T06:23:29Z" finished-at="2020-06-16T06:23:33Z">
          <reporter-output>
          </reporter-output>
        </test-method> <!-- testCreateTransaction -->
        <test-method status="PASS" signature="checkData()[pri:0, instance:remoteService.order.TC_Remote_Service_CreateTransaction@74f6c5d8]" name="checkData" duration-ms="1" started-at="2020-06-16T06:23:33Z" depends-on-methods="remoteService.order.TC_Remote_Service_CreateTransaction.testCreateTransaction" finished-at="2020-06-16T06:23:33Z">
          <reporter-output>
          </reporter-output>
        </test-method> <!-- checkData -->
        <test-method status="PASS" signature="checkDB()[pri:0, instance:remoteService.order.TC_Remote_Service_CreateTransaction@74f6c5d8]" name="checkDB" duration-ms="14105" started-at="2020-06-16T06:23:33Z" depends-on-methods="remoteService.order.TC_Remote_Service_CreateTransaction.checkData" finished-at="2020-06-16T06:23:47Z">
          <reporter-output>
          </reporter-output>
        </test-method> <!-- checkDB -->
        <test-method status="PASS" signature="afterClass()[pri:0, instance:remoteService.order.TC_Remote_Service_CreateTransaction@74f6c5d8]" name="afterClass" is-config="true" duration-ms="19437" started-at="2020-06-16T06:23:47Z" finished-at="2020-06-16T06:24:07Z">
          <reporter-output>
          </reporter-output>
        </test-method> <!-- afterClass -->
        <test-method status="PASS" signature="setup()[pri:0, instance:remoteService.order.TC_Remote_Service_CreateTransaction@74f6c5d8]" name="setup" is-config="true" duration-ms="3" started-at="2020-06-16T06:24:07Z" finished-at="2020-06-16T06:24:07Z">
          <reporter-output>
          </reporter-output>
        </test-method> <!-- setup -->
        <test-method status="PASS" signature="beforeClass()[pri:0, instance:remoteService.order.TC_Remote_Service_CreateTransaction@74f6c5d8]" name="beforeClass" is-config="true" duration-ms="23904" started-at="2020-06-16T06:24:07Z" finished-at="2020-06-16T06:24:31Z">
          <reporter-output>
          </reporter-output>
        </test-method> <!-- beforeClass -->
        <test-method status="PASS" signature="testCreateTransaction()[pri:0, instance:remoteService.order.TC_Remote_Service_CreateTransaction@75c56eb9]" name="testCreateTransaction" duration-ms="4604" started-at="2020-06-16T06:24:31Z" finished-at="2020-06-16T06:24:35Z">
          <reporter-output>
          </reporter-output>
        </test-method> <!-- testCreateTransaction -->
        <test-method status="PASS" signature="checkData()[pri:0, instance:remoteService.order.TC_Remote_Service_CreateTransaction@75c56eb9]" name="checkData" duration-ms="2" started-at="2020-06-16T06:24:35Z" depends-on-methods="remoteService.order.TC_Remote_Service_CreateTransaction.testCreateTransaction" finished-at="2020-06-16T06:24:35Z">
          <reporter-output>
          </reporter-output>
        </test-method> <!-- checkData -->
        <test-method status="PASS" signature="checkDB()[pri:0, instance:remoteService.order.TC_Remote_Service_CreateTransaction@75c56eb9]" name="checkDB" duration-ms="5705" started-at="2020-06-16T06:24:35Z" depends-on-methods="remoteService.order.TC_Remote_Service_CreateTransaction.checkData" finished-at="2020-06-16T06:24:41Z">
          <reporter-output>
          </reporter-output>
        </test-method> <!-- checkDB -->
        <test-method status="PASS" signature="afterClass()[pri:0, instance:remoteService.order.TC_Remote_Service_CreateTransaction@74f6c5d8]" name="afterClass" is-config="true" duration-ms="19046" started-at="2020-06-16T06:24:41Z" finished-at="2020-06-16T06:25:00Z">
          <reporter-output>
          </reporter-output>
        </test-method> <!-- afterClass -->
        <test-method status="PASS" signature="setup()[pri:0, instance:remoteService.order.TC_Remote_Service_CreateTransaction@74f6c5d8]" name="setup" is-config="true" duration-ms="2" started-at="2020-06-16T06:25:00Z" finished-at="2020-06-16T06:25:00Z">
          <reporter-output>
          </reporter-output>
        </test-method> <!-- setup -->
        <test-method status="PASS" signature="beforeClass()[pri:0, instance:remoteService.order.TC_Remote_Service_CreateTransaction@74f6c5d8]" name="beforeClass" is-config="true" duration-ms="1" started-at="2020-06-16T06:25:00Z" finished-at="2020-06-16T06:25:00Z">
          <reporter-output>
          </reporter-output>
        </test-method> <!-- beforeClass -->
        <test-method status="PASS" signature="testCreateTransaction()[pri:0, instance:remoteService.order.TC_Remote_Service_CreateTransaction@a1f72f5]" name="testCreateTransaction" duration-ms="4297" started-at="2020-06-16T06:25:00Z" finished-at="2020-06-16T06:25:04Z">
          <reporter-output>
          </reporter-output>
        </test-method> <!-- testCreateTransaction -->
        <test-method status="PASS" signature="checkData()[pri:0, instance:remoteService.order.TC_Remote_Service_CreateTransaction@a1f72f5]" name="checkData" duration-ms="1" started-at="2020-06-16T06:25:04Z" depends-on-methods="remoteService.order.TC_Remote_Service_CreateTransaction.testCreateTransaction" finished-at="2020-06-16T06:25:04Z">
          <reporter-output>
          </reporter-output>
        </test-method> <!-- checkData -->
        <test-method status="PASS" signature="checkDB()[pri:0, instance:remoteService.order.TC_Remote_Service_CreateTransaction@a1f72f5]" name="checkDB" duration-ms="9759" started-at="2020-06-16T06:25:04Z" depends-on-methods="remoteService.order.TC_Remote_Service_CreateTransaction.checkData" finished-at="2020-06-16T06:25:14Z">
          <reporter-output>
          </reporter-output>
        </test-method> <!-- checkDB -->
        <test-method status="PASS" signature="afterClass()[pri:0, instance:remoteService.order.TC_Remote_Service_CreateTransaction@74f6c5d8]" name="afterClass" is-config="true" duration-ms="5314" started-at="2020-06-16T06:25:14Z" finished-at="2020-06-16T06:25:19Z">
          <reporter-output>
          </reporter-output>
        </test-method> <!-- afterClass -->
        <test-method status="PASS" signature="setup()[pri:0, instance:remoteService.order.TC_Remote_Service_CreateTransaction@74f6c5d8]" name="setup" is-config="true" duration-ms="1" started-at="2020-06-16T06:25:19Z" finished-at="2020-06-16T06:25:19Z">
          <reporter-output>
          </reporter-output>
        </test-method> <!-- setup -->
        <test-method status="PASS" signature="beforeClass()[pri:0, instance:remoteService.order.TC_Remote_Service_CreateTransaction@74f6c5d8]" name="beforeClass" is-config="true" duration-ms="23423" started-at="2020-06-16T06:25:19Z" finished-at="2020-06-16T06:25:43Z">
          <reporter-output>
          </reporter-output>
        </test-method> <!-- beforeClass -->
        <test-method status="PASS" signature="testCreateTransaction()[pri:0, instance:remoteService.order.TC_Remote_Service_CreateTransaction@dc9876b]" name="testCreateTransaction" duration-ms="4734" started-at="2020-06-16T06:25:43Z" finished-at="2020-06-16T06:25:48Z">
          <reporter-output>
          </reporter-output>
        </test-method> <!-- testCreateTransaction -->
        <test-method status="PASS" signature="checkData()[pri:0, instance:remoteService.order.TC_Remote_Service_CreateTransaction@dc9876b]" name="checkData" duration-ms="1" started-at="2020-06-16T06:25:48Z" depends-on-methods="remoteService.order.TC_Remote_Service_CreateTransaction.testCreateTransaction" finished-at="2020-06-16T06:25:48Z">
          <reporter-output>
          </reporter-output>
        </test-method> <!-- checkData -->
        <test-method status="PASS" signature="checkDB()[pri:0, instance:remoteService.order.TC_Remote_Service_CreateTransaction@dc9876b]" name="checkDB" duration-ms="5293" started-at="2020-06-16T06:25:48Z" depends-on-methods="remoteService.order.TC_Remote_Service_CreateTransaction.checkData" finished-at="2020-06-16T06:25:53Z">
          <reporter-output>
          </reporter-output>
        </test-method> <!-- checkDB -->
        <test-method status="PASS" signature="afterClass()[pri:0, instance:remoteService.order.TC_Remote_Service_CreateTransaction@74f6c5d8]" name="afterClass" is-config="true" duration-ms="21301" started-at="2020-06-16T06:25:53Z" finished-at="2020-06-16T06:26:14Z">
          <reporter-output>
          </reporter-output>
        </test-method> <!-- afterClass -->
        <test-method status="PASS" signature="setup()[pri:0, instance:remoteService.order.TC_Remote_Service_CreateTransaction@74f6c5d8]" name="setup" is-config="true" duration-ms="2" started-at="2020-06-16T06:26:14Z" finished-at="2020-06-16T06:26:14Z">
          <reporter-output>
          </reporter-output>
        </test-method> <!-- setup -->
        <test-method status="PASS" signature="beforeClass()[pri:0, instance:remoteService.order.TC_Remote_Service_CreateTransaction@74f6c5d8]" name="beforeClass" is-config="true" duration-ms="25165" started-at="2020-06-16T06:26:14Z" finished-at="2020-06-16T06:26:39Z">
          <reporter-output>
          </reporter-output>
        </test-method> <!-- beforeClass -->
        <test-method status="PASS" signature="testCreateTransaction()[pri:0, instance:remoteService.order.TC_Remote_Service_CreateTransaction@e25951c]" name="testCreateTransaction" duration-ms="4733" started-at="2020-06-16T06:26:39Z" finished-at="2020-06-16T06:26:44Z">
          <reporter-output>
          </reporter-output>
        </test-method> <!-- testCreateTransaction -->
        <test-method status="PASS" signature="checkData()[pri:0, instance:remoteService.order.TC_Remote_Service_CreateTransaction@e25951c]" name="checkData" duration-ms="1" started-at="2020-06-16T06:26:44Z" depends-on-methods="remoteService.order.TC_Remote_Service_CreateTransaction.testCreateTransaction" finished-at="2020-06-16T06:26:44Z">
          <reporter-output>
          </reporter-output>
        </test-method> <!-- checkData -->
        <test-method status="PASS" signature="checkDB()[pri:0, instance:remoteService.order.TC_Remote_Service_CreateTransaction@e25951c]" name="checkDB" duration-ms="5319" started-at="2020-06-16T06:26:44Z" depends-on-methods="remoteService.order.TC_Remote_Service_CreateTransaction.checkData" finished-at="2020-06-16T06:26:49Z">
          <reporter-output>
          </reporter-output>
        </test-method> <!-- checkDB -->
        <test-method status="PASS" signature="afterClass()[pri:0, instance:remoteService.order.TC_Remote_Service_CreateTransaction@74f6c5d8]" name="afterClass" is-config="true" duration-ms="18523" started-at="2020-06-16T06:26:49Z" finished-at="2020-06-16T06:27:08Z">
          <reporter-output>
          </reporter-output>
        </test-method> <!-- afterClass -->
      </class> <!-- remoteService.order.TC_Remote_Service_CreateTransaction -->
    </test> <!-- DanaPulsaServiceTestOrder -->
  </suite> <!-- DANA Pulsa Suite -->
</testng-results>
