<?xml version="1.0" encoding="UTF-8"?>
<testng-results skipped="0" failed="0" ignored="0" total="21" passed="21">
  <reporter-output>
  </reporter-output>
  <suite name="Default suite" duration-ms="250786" started-at="2020-06-15T15:18:34Z" finished-at="2020-06-15T15:22:45Z">
    <groups>
    </groups>
    <test name="Default test" duration-ms="250786" started-at="2020-06-15T15:18:34Z" finished-at="2020-06-15T15:22:45Z">
      <class name="remoteService.order.TC_Remote_Service_GetTransactionByIdByUserId">
        <test-method status="PASS" signature="setup()[pri:0, instance:remoteService.order.TC_Remote_Service_GetTransactionByIdByUserId@163370c2]" name="setup" is-config="true" duration-ms="51" started-at="2020-06-15T15:18:34Z" finished-at="2020-06-15T15:18:34Z">
          <reporter-output>
          </reporter-output>
        </test-method> <!-- setup -->
        <test-method status="PASS" signature="beforeClass()[pri:0, instance:remoteService.order.TC_Remote_Service_GetTransactionByIdByUserId@163370c2]" name="beforeClass" is-config="true" duration-ms="33182" started-at="2020-06-15T15:18:34Z" finished-at="2020-06-15T15:19:07Z">
          <reporter-output>
          </reporter-output>
        </test-method> <!-- beforeClass -->
        <test-method status="PASS" signature="testTransactionByIdByUserId()[pri:0, instance:remoteService.order.TC_Remote_Service_GetTransactionByIdByUserId@13df2a8c]" name="testTransactionByIdByUserId" duration-ms="3594" started-at="2020-06-15T15:19:07Z" finished-at="2020-06-15T15:19:11Z">
          <reporter-output>
          </reporter-output>
        </test-method> <!-- testTransactionByIdByUserId -->
        <test-method status="PASS" signature="setup()[pri:0, instance:remoteService.order.TC_Remote_Service_GetTransactionByIdByUserId@163370c2]" name="setup" is-config="true" duration-ms="7" started-at="2020-06-15T15:19:11Z" finished-at="2020-06-15T15:19:11Z">
          <reporter-output>
          </reporter-output>
        </test-method> <!-- setup -->
        <test-method status="PASS" signature="beforeClass()[pri:0, instance:remoteService.order.TC_Remote_Service_GetTransactionByIdByUserId@163370c2]" name="beforeClass" is-config="true" duration-ms="47199" started-at="2020-06-15T15:19:11Z" finished-at="2020-06-15T15:19:58Z">
          <reporter-output>
          </reporter-output>
        </test-method> <!-- beforeClass -->
        <test-method status="PASS" signature="testTransactionByIdByUserId()[pri:0, instance:remoteService.order.TC_Remote_Service_GetTransactionByIdByUserId@163370c2]" name="testTransactionByIdByUserId" duration-ms="2048" started-at="2020-06-15T15:19:58Z" finished-at="2020-06-15T15:20:00Z">
          <reporter-output>
          </reporter-output>
        </test-method> <!-- testTransactionByIdByUserId -->
        <test-method status="PASS" signature="setup()[pri:0, instance:remoteService.order.TC_Remote_Service_GetTransactionByIdByUserId@163370c2]" name="setup" is-config="true" duration-ms="4" started-at="2020-06-15T15:20:00Z" finished-at="2020-06-15T15:20:00Z">
          <reporter-output>
          </reporter-output>
        </test-method> <!-- setup -->
        <test-method status="PASS" signature="beforeClass()[pri:0, instance:remoteService.order.TC_Remote_Service_GetTransactionByIdByUserId@163370c2]" name="beforeClass" is-config="true" duration-ms="17132" started-at="2020-06-15T15:20:00Z" finished-at="2020-06-15T15:20:17Z">
          <reporter-output>
          </reporter-output>
        </test-method> <!-- beforeClass -->
        <test-method status="PASS" signature="testTransactionByIdByUserId()[pri:0, instance:remoteService.order.TC_Remote_Service_GetTransactionByIdByUserId@1787f2a0]" name="testTransactionByIdByUserId" duration-ms="1950" started-at="2020-06-15T15:20:17Z" finished-at="2020-06-15T15:20:19Z">
          <reporter-output>
          </reporter-output>
        </test-method> <!-- testTransactionByIdByUserId -->
        <test-method status="PASS" signature="setup()[pri:0, instance:remoteService.order.TC_Remote_Service_GetTransactionByIdByUserId@163370c2]" name="setup" is-config="true" duration-ms="4" started-at="2020-06-15T15:20:19Z" finished-at="2020-06-15T15:20:19Z">
          <reporter-output>
          </reporter-output>
        </test-method> <!-- setup -->
        <test-method status="PASS" signature="beforeClass()[pri:0, instance:remoteService.order.TC_Remote_Service_GetTransactionByIdByUserId@163370c2]" name="beforeClass" is-config="true" duration-ms="33744" started-at="2020-06-15T15:20:19Z" finished-at="2020-06-15T15:20:53Z">
          <reporter-output>
          </reporter-output>
        </test-method> <!-- beforeClass -->
        <test-method status="PASS" signature="testTransactionByIdByUserId()[pri:0, instance:remoteService.order.TC_Remote_Service_GetTransactionByIdByUserId@1ebea008]" name="testTransactionByIdByUserId" duration-ms="2462" started-at="2020-06-15T15:20:53Z" finished-at="2020-06-15T15:20:55Z">
          <reporter-output>
          </reporter-output>
        </test-method> <!-- testTransactionByIdByUserId -->
        <test-method status="PASS" signature="setup()[pri:0, instance:remoteService.order.TC_Remote_Service_GetTransactionByIdByUserId@163370c2]" name="setup" is-config="true" duration-ms="4" started-at="2020-06-15T15:20:55Z" finished-at="2020-06-15T15:20:55Z">
          <reporter-output>
          </reporter-output>
        </test-method> <!-- setup -->
        <test-method status="PASS" signature="beforeClass()[pri:0, instance:remoteService.order.TC_Remote_Service_GetTransactionByIdByUserId@163370c2]" name="beforeClass" is-config="true" duration-ms="22509" started-at="2020-06-15T15:20:55Z" finished-at="2020-06-15T15:21:18Z">
          <reporter-output>
          </reporter-output>
        </test-method> <!-- beforeClass -->
        <test-method status="PASS" signature="testTransactionByIdByUserId()[pri:0, instance:remoteService.order.TC_Remote_Service_GetTransactionByIdByUserId@2ca923bb]" name="testTransactionByIdByUserId" duration-ms="1838" started-at="2020-06-15T15:21:18Z" finished-at="2020-06-15T15:21:20Z">
          <reporter-output>
          </reporter-output>
        </test-method> <!-- testTransactionByIdByUserId -->
        <test-method status="PASS" signature="setup()[pri:0, instance:remoteService.order.TC_Remote_Service_GetTransactionByIdByUserId@163370c2]" name="setup" is-config="true" duration-ms="2" started-at="2020-06-15T15:21:20Z" finished-at="2020-06-15T15:21:20Z">
          <reporter-output>
          </reporter-output>
        </test-method> <!-- setup -->
        <test-method status="PASS" signature="beforeClass()[pri:0, instance:remoteService.order.TC_Remote_Service_GetTransactionByIdByUserId@163370c2]" name="beforeClass" is-config="true" duration-ms="36233" started-at="2020-06-15T15:21:20Z" finished-at="2020-06-15T15:21:56Z">
          <reporter-output>
          </reporter-output>
        </test-method> <!-- beforeClass -->
        <test-method status="PASS" signature="testTransactionByIdByUserId()[pri:0, instance:remoteService.order.TC_Remote_Service_GetTransactionByIdByUserId@72d6b3ba]" name="testTransactionByIdByUserId" duration-ms="2284" started-at="2020-06-15T15:21:56Z" finished-at="2020-06-15T15:21:58Z">
          <reporter-output>
          </reporter-output>
        </test-method> <!-- testTransactionByIdByUserId -->
        <test-method status="PASS" signature="setup()[pri:0, instance:remoteService.order.TC_Remote_Service_GetTransactionByIdByUserId@163370c2]" name="setup" is-config="true" duration-ms="2" started-at="2020-06-15T15:21:58Z" finished-at="2020-06-15T15:21:58Z">
          <reporter-output>
          </reporter-output>
        </test-method> <!-- setup -->
        <test-method status="PASS" signature="beforeClass()[pri:0, instance:remoteService.order.TC_Remote_Service_GetTransactionByIdByUserId@163370c2]" name="beforeClass" is-config="true" duration-ms="20473" started-at="2020-06-15T15:21:58Z" finished-at="2020-06-15T15:22:19Z">
          <reporter-output>
          </reporter-output>
        </test-method> <!-- beforeClass -->
        <test-method status="PASS" signature="testTransactionByIdByUserId()[pri:0, instance:remoteService.order.TC_Remote_Service_GetTransactionByIdByUserId@7de62196]" name="testTransactionByIdByUserId" duration-ms="1592" started-at="2020-06-15T15:22:19Z" finished-at="2020-06-15T15:22:20Z">
          <reporter-output>
          </reporter-output>
        </test-method> <!-- testTransactionByIdByUserId -->
        <test-method status="PASS" signature="checkData()[pri:0, instance:remoteService.order.TC_Remote_Service_GetTransactionByIdByUserId@13df2a8c]" name="checkData" duration-ms="689" started-at="2020-06-15T15:22:20Z" depends-on-methods="remoteService.order.TC_Remote_Service_GetTransactionByIdByUserId.testTransactionByIdByUserId" finished-at="2020-06-15T15:22:21Z">
          <reporter-output>
          </reporter-output>
        </test-method> <!-- checkData -->
        <test-method status="PASS" signature="checkData()[pri:0, instance:remoteService.order.TC_Remote_Service_GetTransactionByIdByUserId@163370c2]" name="checkData" duration-ms="1" started-at="2020-06-15T15:22:21Z" depends-on-methods="remoteService.order.TC_Remote_Service_GetTransactionByIdByUserId.testTransactionByIdByUserId" finished-at="2020-06-15T15:22:21Z">
          <reporter-output>
          </reporter-output>
        </test-method> <!-- checkData -->
        <test-method status="PASS" signature="checkData()[pri:0, instance:remoteService.order.TC_Remote_Service_GetTransactionByIdByUserId@1787f2a0]" name="checkData" duration-ms="1" started-at="2020-06-15T15:22:21Z" depends-on-methods="remoteService.order.TC_Remote_Service_GetTransactionByIdByUserId.testTransactionByIdByUserId" finished-at="2020-06-15T15:22:21Z">
          <reporter-output>
          </reporter-output>
        </test-method> <!-- checkData -->
        <test-method status="PASS" signature="checkData()[pri:0, instance:remoteService.order.TC_Remote_Service_GetTransactionByIdByUserId@1ebea008]" name="checkData" duration-ms="0" started-at="2020-06-15T15:22:21Z" depends-on-methods="remoteService.order.TC_Remote_Service_GetTransactionByIdByUserId.testTransactionByIdByUserId" finished-at="2020-06-15T15:22:21Z">
          <reporter-output>
          </reporter-output>
        </test-method> <!-- checkData -->
        <test-method status="PASS" signature="checkData()[pri:0, instance:remoteService.order.TC_Remote_Service_GetTransactionByIdByUserId@2ca923bb]" name="checkData" duration-ms="1" started-at="2020-06-15T15:22:21Z" depends-on-methods="remoteService.order.TC_Remote_Service_GetTransactionByIdByUserId.testTransactionByIdByUserId" finished-at="2020-06-15T15:22:21Z">
          <reporter-output>
          </reporter-output>
        </test-method> <!-- checkData -->
        <test-method status="PASS" signature="checkData()[pri:0, instance:remoteService.order.TC_Remote_Service_GetTransactionByIdByUserId@72d6b3ba]" name="checkData" duration-ms="1" started-at="2020-06-15T15:22:21Z" depends-on-methods="remoteService.order.TC_Remote_Service_GetTransactionByIdByUserId.testTransactionByIdByUserId" finished-at="2020-06-15T15:22:21Z">
          <reporter-output>
          </reporter-output>
        </test-method> <!-- checkData -->
        <test-method status="PASS" signature="checkData()[pri:0, instance:remoteService.order.TC_Remote_Service_GetTransactionByIdByUserId@7de62196]" name="checkData" duration-ms="1" started-at="2020-06-15T15:22:21Z" depends-on-methods="remoteService.order.TC_Remote_Service_GetTransactionByIdByUserId.testTransactionByIdByUserId" finished-at="2020-06-15T15:22:21Z">
          <reporter-output>
          </reporter-output>
        </test-method> <!-- checkData -->
        <test-method status="PASS" signature="checkDB()[pri:0, instance:remoteService.order.TC_Remote_Service_GetTransactionByIdByUserId@13df2a8c]" name="checkDB" duration-ms="5343" started-at="2020-06-15T15:22:21Z" depends-on-methods="remoteService.order.TC_Remote_Service_GetTransactionByIdByUserId.checkData" finished-at="2020-06-15T15:22:26Z">
          <reporter-output>
          </reporter-output>
        </test-method> <!-- checkDB -->
        <test-method status="PASS" signature="afterClass()[pri:0, instance:remoteService.order.TC_Remote_Service_GetTransactionByIdByUserId@163370c2]" name="afterClass" is-config="true" duration-ms="3" started-at="2020-06-15T15:22:26Z" finished-at="2020-06-15T15:22:26Z">
          <reporter-output>
          </reporter-output>
        </test-method> <!-- afterClass -->
        <test-method status="PASS" signature="checkDB()[pri:0, instance:remoteService.order.TC_Remote_Service_GetTransactionByIdByUserId@163370c2]" name="checkDB" duration-ms="4843" started-at="2020-06-15T15:22:26Z" depends-on-methods="remoteService.order.TC_Remote_Service_GetTransactionByIdByUserId.checkData" finished-at="2020-06-15T15:22:31Z">
          <reporter-output>
          </reporter-output>
        </test-method> <!-- checkDB -->
        <test-method status="PASS" signature="afterClass()[pri:0, instance:remoteService.order.TC_Remote_Service_GetTransactionByIdByUserId@163370c2]" name="afterClass" is-config="true" duration-ms="1" started-at="2020-06-15T15:22:31Z" finished-at="2020-06-15T15:22:31Z">
          <reporter-output>
          </reporter-output>
        </test-method> <!-- afterClass -->
        <test-method status="PASS" signature="checkDB()[pri:0, instance:remoteService.order.TC_Remote_Service_GetTransactionByIdByUserId@1787f2a0]" name="checkDB" duration-ms="4865" started-at="2020-06-15T15:22:31Z" depends-on-methods="remoteService.order.TC_Remote_Service_GetTransactionByIdByUserId.checkData" finished-at="2020-06-15T15:22:36Z">
          <reporter-output>
          </reporter-output>
        </test-method> <!-- checkDB -->
        <test-method status="PASS" signature="afterClass()[pri:0, instance:remoteService.order.TC_Remote_Service_GetTransactionByIdByUserId@163370c2]" name="afterClass" is-config="true" duration-ms="2" started-at="2020-06-15T15:22:36Z" finished-at="2020-06-15T15:22:36Z">
          <reporter-output>
          </reporter-output>
        </test-method> <!-- afterClass -->
        <test-method status="PASS" signature="checkDB()[pri:0, instance:remoteService.order.TC_Remote_Service_GetTransactionByIdByUserId@1ebea008]" name="checkDB" duration-ms="4347" started-at="2020-06-15T15:22:36Z" depends-on-methods="remoteService.order.TC_Remote_Service_GetTransactionByIdByUserId.checkData" finished-at="2020-06-15T15:22:40Z">
          <reporter-output>
          </reporter-output>
        </test-method> <!-- checkDB -->
        <test-method status="PASS" signature="afterClass()[pri:0, instance:remoteService.order.TC_Remote_Service_GetTransactionByIdByUserId@163370c2]" name="afterClass" is-config="true" duration-ms="1" started-at="2020-06-15T15:22:40Z" finished-at="2020-06-15T15:22:40Z">
          <reporter-output>
          </reporter-output>
        </test-method> <!-- afterClass -->
        <test-method status="PASS" signature="checkDB()[pri:0, instance:remoteService.order.TC_Remote_Service_GetTransactionByIdByUserId@2ca923bb]" name="checkDB" duration-ms="4296" started-at="2020-06-15T15:22:40Z" depends-on-methods="remoteService.order.TC_Remote_Service_GetTransactionByIdByUserId.checkData" finished-at="2020-06-15T15:22:45Z">
          <reporter-output>
          </reporter-output>
        </test-method> <!-- checkDB -->
        <test-method status="PASS" signature="afterClass()[pri:0, instance:remoteService.order.TC_Remote_Service_GetTransactionByIdByUserId@163370c2]" name="afterClass" is-config="true" duration-ms="1" started-at="2020-06-15T15:22:45Z" finished-at="2020-06-15T15:22:45Z">
          <reporter-output>
          </reporter-output>
        </test-method> <!-- afterClass -->
        <test-method status="PASS" signature="checkDB()[pri:0, instance:remoteService.order.TC_Remote_Service_GetTransactionByIdByUserId@72d6b3ba]" name="checkDB" duration-ms="1" started-at="2020-06-15T15:22:45Z" depends-on-methods="remoteService.order.TC_Remote_Service_GetTransactionByIdByUserId.checkData" finished-at="2020-06-15T15:22:45Z">
          <reporter-output>
          </reporter-output>
        </test-method> <!-- checkDB -->
        <test-method status="PASS" signature="afterClass()[pri:0, instance:remoteService.order.TC_Remote_Service_GetTransactionByIdByUserId@163370c2]" name="afterClass" is-config="true" duration-ms="1" started-at="2020-06-15T15:22:45Z" finished-at="2020-06-15T15:22:45Z">
          <reporter-output>
          </reporter-output>
        </test-method> <!-- afterClass -->
        <test-method status="PASS" signature="checkDB()[pri:0, instance:remoteService.order.TC_Remote_Service_GetTransactionByIdByUserId@7de62196]" name="checkDB" duration-ms="1" started-at="2020-06-15T15:22:45Z" depends-on-methods="remoteService.order.TC_Remote_Service_GetTransactionByIdByUserId.checkData" finished-at="2020-06-15T15:22:45Z">
          <reporter-output>
          </reporter-output>
        </test-method> <!-- checkDB -->
        <test-method status="PASS" signature="afterClass()[pri:0, instance:remoteService.order.TC_Remote_Service_GetTransactionByIdByUserId@163370c2]" name="afterClass" is-config="true" duration-ms="1" started-at="2020-06-15T15:22:45Z" finished-at="2020-06-15T15:22:45Z">
          <reporter-output>
          </reporter-output>
        </test-method> <!-- afterClass -->
      </class> <!-- remoteService.order.TC_Remote_Service_GetTransactionByIdByUserId -->
    </test> <!-- Default test -->
  </suite> <!-- Default suite -->
</testng-results>
