<?xml version="1.0" encoding="UTF-8"?>
<testng-results skipped="1" failed="1" ignored="0" total="42" passed="40">
  <reporter-output>
  </reporter-output>
  <suite name="DANA Pulsa Suite" duration-ms="664786" started-at="2020-06-17T11:20:04Z" finished-at="2020-06-17T11:31:09Z">
    <groups>
    </groups>
    <test name="DanaPulsaTestOrder" duration-ms="664786" started-at="2020-06-17T11:20:04Z" finished-at="2020-06-17T11:31:09Z">
      <class name="testCases.order.TC_Create_Order">
        <test-method status="PASS" signature="setup()[pri:0, instance:testCases.order.TC_Create_Order@1c5920df]" name="setup" is-config="true" duration-ms="50" started-at="2020-06-17T11:20:04Z" finished-at="2020-06-17T11:20:04Z">
          <reporter-output>
          </reporter-output>
        </test-method> <!-- setup -->
        <test-method status="PASS" signature="beforeClass()[pri:0, instance:testCases.order.TC_Create_Order@1c5920df]" name="beforeClass" is-config="true" duration-ms="26495" started-at="2020-06-17T11:20:04Z" finished-at="2020-06-17T11:20:30Z">
          <reporter-output>
          </reporter-output>
        </test-method> <!-- beforeClass -->
        <test-method status="PASS" signature="testCreateOrder()[pri:0, instance:testCases.order.TC_Create_Order@1c5920df]" name="testCreateOrder" duration-ms="4904" started-at="2020-06-17T11:20:30Z" finished-at="2020-06-17T11:20:35Z">
          <reporter-output>
          </reporter-output>
        </test-method> <!-- testCreateOrder -->
        <test-method status="PASS" signature="checkData()[pri:0, instance:testCases.order.TC_Create_Order@1c5920df]" name="checkData" duration-ms="1" started-at="2020-06-17T11:20:35Z" depends-on-methods="testCases.order.TC_Create_Order.testCreateOrder" finished-at="2020-06-17T11:20:35Z">
          <reporter-output>
          </reporter-output>
        </test-method> <!-- checkData -->
        <test-method status="PASS" signature="checkDB()[pri:0, instance:testCases.order.TC_Create_Order@1c5920df]" name="checkDB" duration-ms="13147" started-at="2020-06-17T11:20:35Z" depends-on-methods="testCases.order.TC_Create_Order.checkData" finished-at="2020-06-17T11:20:48Z">
          <reporter-output>
          </reporter-output>
        </test-method> <!-- checkDB -->
        <test-method status="PASS" signature="afterClass()[pri:0, instance:testCases.order.TC_Create_Order@1c5920df]" name="afterClass" is-config="true" duration-ms="17431" started-at="2020-06-17T11:20:48Z" finished-at="2020-06-17T11:21:06Z">
          <reporter-output>
          </reporter-output>
        </test-method> <!-- afterClass -->
        <test-method status="PASS" signature="setup()[pri:0, instance:testCases.order.TC_Create_Order@1c5920df]" name="setup" is-config="true" duration-ms="2" started-at="2020-06-17T11:21:06Z" finished-at="2020-06-17T11:21:06Z">
          <reporter-output>
          </reporter-output>
        </test-method> <!-- setup -->
        <test-method status="PASS" signature="beforeClass()[pri:0, instance:testCases.order.TC_Create_Order@1c5920df]" name="beforeClass" is-config="true" duration-ms="24708" started-at="2020-06-17T11:21:06Z" finished-at="2020-06-17T11:21:31Z">
          <reporter-output>
          </reporter-output>
        </test-method> <!-- beforeClass -->
        <test-method status="PASS" signature="testCreateOrder()[pri:0, instance:testCases.order.TC_Create_Order@33065d67]" name="testCreateOrder" duration-ms="4704" started-at="2020-06-17T11:21:31Z" finished-at="2020-06-17T11:21:35Z">
          <reporter-output>
          </reporter-output>
        </test-method> <!-- testCreateOrder -->
        <test-method status="PASS" signature="checkData()[pri:0, instance:testCases.order.TC_Create_Order@33065d67]" name="checkData" duration-ms="1" started-at="2020-06-17T11:21:35Z" depends-on-methods="testCases.order.TC_Create_Order.testCreateOrder" finished-at="2020-06-17T11:21:35Z">
          <reporter-output>
          </reporter-output>
        </test-method> <!-- checkData -->
        <test-method status="PASS" signature="checkDB()[pri:0, instance:testCases.order.TC_Create_Order@33065d67]" name="checkDB" duration-ms="8873" started-at="2020-06-17T11:21:35Z" depends-on-methods="testCases.order.TC_Create_Order.checkData" finished-at="2020-06-17T11:21:44Z">
          <reporter-output>
          </reporter-output>
        </test-method> <!-- checkDB -->
        <test-method status="PASS" signature="afterClass()[pri:0, instance:testCases.order.TC_Create_Order@1c5920df]" name="afterClass" is-config="true" duration-ms="19356" started-at="2020-06-17T11:21:44Z" finished-at="2020-06-17T11:22:04Z">
          <reporter-output>
          </reporter-output>
        </test-method> <!-- afterClass -->
        <test-method status="PASS" signature="setup()[pri:0, instance:testCases.order.TC_Create_Order@1c5920df]" name="setup" is-config="true" duration-ms="2" started-at="2020-06-17T11:22:04Z" finished-at="2020-06-17T11:22:04Z">
          <reporter-output>
          </reporter-output>
        </test-method> <!-- setup -->
        <test-method status="PASS" signature="beforeClass()[pri:0, instance:testCases.order.TC_Create_Order@1c5920df]" name="beforeClass" is-config="true" duration-ms="26196" started-at="2020-06-17T11:22:04Z" finished-at="2020-06-17T11:22:30Z">
          <reporter-output>
          </reporter-output>
        </test-method> <!-- beforeClass -->
        <test-method status="PASS" signature="testCreateOrder()[pri:0, instance:testCases.order.TC_Create_Order@350aac89]" name="testCreateOrder" duration-ms="1004" started-at="2020-06-17T11:22:30Z" finished-at="2020-06-17T11:22:31Z">
          <reporter-output>
          </reporter-output>
        </test-method> <!-- testCreateOrder -->
        <test-method status="PASS" signature="checkData()[pri:0, instance:testCases.order.TC_Create_Order@350aac89]" name="checkData" duration-ms="2" started-at="2020-06-17T11:22:31Z" depends-on-methods="testCases.order.TC_Create_Order.testCreateOrder" finished-at="2020-06-17T11:22:31Z">
          <reporter-output>
          </reporter-output>
        </test-method> <!-- checkData -->
        <test-method status="PASS" signature="checkDB()[pri:0, instance:testCases.order.TC_Create_Order@350aac89]" name="checkDB" duration-ms="1" started-at="2020-06-17T11:22:31Z" depends-on-methods="testCases.order.TC_Create_Order.checkData" finished-at="2020-06-17T11:22:31Z">
          <reporter-output>
          </reporter-output>
        </test-method> <!-- checkDB -->
        <test-method status="PASS" signature="afterClass()[pri:0, instance:testCases.order.TC_Create_Order@1c5920df]" name="afterClass" is-config="true" duration-ms="18071" started-at="2020-06-17T11:22:31Z" finished-at="2020-06-17T11:22:49Z">
          <reporter-output>
          </reporter-output>
        </test-method> <!-- afterClass -->
        <test-method status="PASS" signature="setup()[pri:0, instance:testCases.order.TC_Create_Order@1c5920df]" name="setup" is-config="true" duration-ms="1" started-at="2020-06-17T11:22:49Z" finished-at="2020-06-17T11:22:49Z">
          <reporter-output>
          </reporter-output>
        </test-method> <!-- setup -->
        <test-method status="PASS" signature="beforeClass()[pri:0, instance:testCases.order.TC_Create_Order@1c5920df]" name="beforeClass" is-config="true" duration-ms="1" started-at="2020-06-17T11:22:49Z" finished-at="2020-06-17T11:22:49Z">
          <reporter-output>
          </reporter-output>
        </test-method> <!-- beforeClass -->
        <test-method status="PASS" signature="testCreateOrder()[pri:0, instance:testCases.order.TC_Create_Order@3a7442c7]" name="testCreateOrder" duration-ms="917" started-at="2020-06-17T11:22:49Z" finished-at="2020-06-17T11:22:50Z">
          <reporter-output>
          </reporter-output>
        </test-method> <!-- testCreateOrder -->
        <test-method status="PASS" signature="checkData()[pri:0, instance:testCases.order.TC_Create_Order@3a7442c7]" name="checkData" duration-ms="0" started-at="2020-06-17T11:22:50Z" depends-on-methods="testCases.order.TC_Create_Order.testCreateOrder" finished-at="2020-06-17T11:22:50Z">
          <reporter-output>
          </reporter-output>
        </test-method> <!-- checkData -->
        <test-method status="PASS" signature="checkDB()[pri:0, instance:testCases.order.TC_Create_Order@3a7442c7]" name="checkDB" duration-ms="0" started-at="2020-06-17T11:22:50Z" depends-on-methods="testCases.order.TC_Create_Order.checkData" finished-at="2020-06-17T11:22:50Z">
          <reporter-output>
          </reporter-output>
        </test-method> <!-- checkDB -->
        <test-method status="PASS" signature="afterClass()[pri:0, instance:testCases.order.TC_Create_Order@1c5920df]" name="afterClass" is-config="true" duration-ms="4683" started-at="2020-06-17T11:22:50Z" finished-at="2020-06-17T11:22:54Z">
          <reporter-output>
          </reporter-output>
        </test-method> <!-- afterClass -->
        <test-method status="PASS" signature="setup()[pri:0, instance:testCases.order.TC_Create_Order@1c5920df]" name="setup" is-config="true" duration-ms="1" started-at="2020-06-17T11:22:54Z" finished-at="2020-06-17T11:22:54Z">
          <reporter-output>
          </reporter-output>
        </test-method> <!-- setup -->
        <test-method status="PASS" signature="beforeClass()[pri:0, instance:testCases.order.TC_Create_Order@1c5920df]" name="beforeClass" is-config="true" duration-ms="23962" started-at="2020-06-17T11:22:54Z" finished-at="2020-06-17T11:23:18Z">
          <reporter-output>
          </reporter-output>
        </test-method> <!-- beforeClass -->
        <test-method status="PASS" signature="testCreateOrder()[pri:0, instance:testCases.order.TC_Create_Order@4b013c76]" name="testCreateOrder" duration-ms="4795" started-at="2020-06-17T11:23:18Z" finished-at="2020-06-17T11:23:23Z">
          <reporter-output>
          </reporter-output>
        </test-method> <!-- testCreateOrder -->
        <test-method status="PASS" signature="checkData()[pri:0, instance:testCases.order.TC_Create_Order@4b013c76]" name="checkData" duration-ms="1" started-at="2020-06-17T11:23:23Z" depends-on-methods="testCases.order.TC_Create_Order.testCreateOrder" finished-at="2020-06-17T11:23:23Z">
          <reporter-output>
          </reporter-output>
        </test-method> <!-- checkData -->
        <test-method status="PASS" signature="checkDB()[pri:0, instance:testCases.order.TC_Create_Order@4b013c76]" name="checkDB" duration-ms="4" started-at="2020-06-17T11:23:23Z" depends-on-methods="testCases.order.TC_Create_Order.checkData" finished-at="2020-06-17T11:23:23Z">
          <reporter-output>
          </reporter-output>
        </test-method> <!-- checkDB -->
        <test-method status="PASS" signature="afterClass()[pri:0, instance:testCases.order.TC_Create_Order@1c5920df]" name="afterClass" is-config="true" duration-ms="18750" started-at="2020-06-17T11:23:23Z" finished-at="2020-06-17T11:23:42Z">
          <reporter-output>
          </reporter-output>
        </test-method> <!-- afterClass -->
        <test-method status="PASS" signature="setup()[pri:0, instance:testCases.order.TC_Create_Order@1c5920df]" name="setup" is-config="true" duration-ms="2" started-at="2020-06-17T11:23:42Z" finished-at="2020-06-17T11:23:42Z">
          <reporter-output>
          </reporter-output>
        </test-method> <!-- setup -->
        <test-method status="PASS" signature="beforeClass()[pri:0, instance:testCases.order.TC_Create_Order@1c5920df]" name="beforeClass" is-config="true" duration-ms="0" started-at="2020-06-17T11:23:42Z" finished-at="2020-06-17T11:23:42Z">
          <reporter-output>
          </reporter-output>
        </test-method> <!-- beforeClass -->
        <test-method status="PASS" signature="testCreateOrder()[pri:0, instance:testCases.order.TC_Create_Order@4be29ed9]" name="testCreateOrder" duration-ms="1041" started-at="2020-06-17T11:23:42Z" finished-at="2020-06-17T11:23:43Z">
          <reporter-output>
          </reporter-output>
        </test-method> <!-- testCreateOrder -->
        <test-method status="PASS" signature="checkData()[pri:0, instance:testCases.order.TC_Create_Order@4be29ed9]" name="checkData" duration-ms="2" started-at="2020-06-17T11:23:43Z" depends-on-methods="testCases.order.TC_Create_Order.testCreateOrder" finished-at="2020-06-17T11:23:43Z">
          <reporter-output>
          </reporter-output>
        </test-method> <!-- checkData -->
        <test-method status="PASS" signature="checkDB()[pri:0, instance:testCases.order.TC_Create_Order@4be29ed9]" name="checkDB" duration-ms="0" started-at="2020-06-17T11:23:43Z" depends-on-methods="testCases.order.TC_Create_Order.checkData" finished-at="2020-06-17T11:23:43Z">
          <reporter-output>
          </reporter-output>
        </test-method> <!-- checkDB -->
        <test-method status="PASS" signature="afterClass()[pri:0, instance:testCases.order.TC_Create_Order@1c5920df]" name="afterClass" is-config="true" duration-ms="5094" started-at="2020-06-17T11:23:43Z" finished-at="2020-06-17T11:23:48Z">
          <reporter-output>
          </reporter-output>
        </test-method> <!-- afterClass -->
        <test-method status="PASS" signature="setup()[pri:0, instance:testCases.order.TC_Create_Order@1c5920df]" name="setup" is-config="true" duration-ms="1" started-at="2020-06-17T11:23:48Z" finished-at="2020-06-17T11:23:48Z">
          <reporter-output>
          </reporter-output>
        </test-method> <!-- setup -->
        <test-method status="PASS" signature="beforeClass()[pri:0, instance:testCases.order.TC_Create_Order@1c5920df]" name="beforeClass" is-config="true" duration-ms="25899" started-at="2020-06-17T11:23:48Z" finished-at="2020-06-17T11:24:14Z">
          <reporter-output>
          </reporter-output>
        </test-method> <!-- beforeClass -->
        <test-method status="PASS" signature="testCreateOrder()[pri:0, instance:testCases.order.TC_Create_Order@53fb3dab]" name="testCreateOrder" duration-ms="4591" started-at="2020-06-17T11:24:14Z" finished-at="2020-06-17T11:24:19Z">
          <reporter-output>
          </reporter-output>
        </test-method> <!-- testCreateOrder -->
        <test-method status="PASS" signature="checkData()[pri:0, instance:testCases.order.TC_Create_Order@53fb3dab]" name="checkData" duration-ms="0" started-at="2020-06-17T11:24:19Z" depends-on-methods="testCases.order.TC_Create_Order.testCreateOrder" finished-at="2020-06-17T11:24:19Z">
          <reporter-output>
          </reporter-output>
        </test-method> <!-- checkData -->
        <test-method status="PASS" signature="checkDB()[pri:0, instance:testCases.order.TC_Create_Order@53fb3dab]" name="checkDB" duration-ms="0" started-at="2020-06-17T11:24:19Z" depends-on-methods="testCases.order.TC_Create_Order.checkData" finished-at="2020-06-17T11:24:19Z">
          <reporter-output>
          </reporter-output>
        </test-method> <!-- checkDB -->
        <test-method status="PASS" signature="afterClass()[pri:0, instance:testCases.order.TC_Create_Order@1c5920df]" name="afterClass" is-config="true" duration-ms="20647" started-at="2020-06-17T11:24:19Z" finished-at="2020-06-17T11:24:39Z">
          <reporter-output>
          </reporter-output>
        </test-method> <!-- afterClass -->
        <test-method status="PASS" signature="setup()[pri:0, instance:testCases.order.TC_Create_Order@1c5920df]" name="setup" is-config="true" duration-ms="3" started-at="2020-06-17T11:24:39Z" finished-at="2020-06-17T11:24:39Z">
          <reporter-output>
          </reporter-output>
        </test-method> <!-- setup -->
        <test-method status="PASS" signature="beforeClass()[pri:0, instance:testCases.order.TC_Create_Order@1c5920df]" name="beforeClass" is-config="true" duration-ms="25993" started-at="2020-06-17T11:24:39Z" finished-at="2020-06-17T11:25:05Z">
          <reporter-output>
          </reporter-output>
        </test-method> <!-- beforeClass -->
        <test-method status="PASS" signature="testCreateOrder()[pri:0, instance:testCases.order.TC_Create_Order@548d708a]" name="testCreateOrder" duration-ms="4591" started-at="2020-06-17T11:25:05Z" finished-at="2020-06-17T11:25:10Z">
          <reporter-output>
          </reporter-output>
        </test-method> <!-- testCreateOrder -->
        <test-method status="PASS" signature="checkData()[pri:0, instance:testCases.order.TC_Create_Order@548d708a]" name="checkData" duration-ms="0" started-at="2020-06-17T11:25:10Z" depends-on-methods="testCases.order.TC_Create_Order.testCreateOrder" finished-at="2020-06-17T11:25:10Z">
          <reporter-output>
          </reporter-output>
        </test-method> <!-- checkData -->
        <test-method status="PASS" signature="checkDB()[pri:0, instance:testCases.order.TC_Create_Order@548d708a]" name="checkDB" duration-ms="1" started-at="2020-06-17T11:25:10Z" depends-on-methods="testCases.order.TC_Create_Order.checkData" finished-at="2020-06-17T11:25:10Z">
          <reporter-output>
          </reporter-output>
        </test-method> <!-- checkDB -->
        <test-method status="PASS" signature="afterClass()[pri:0, instance:testCases.order.TC_Create_Order@1c5920df]" name="afterClass" is-config="true" duration-ms="23124" started-at="2020-06-17T11:25:10Z" finished-at="2020-06-17T11:25:33Z">
          <reporter-output>
          </reporter-output>
        </test-method> <!-- afterClass -->
        <test-method status="PASS" signature="setup()[pri:0, instance:testCases.order.TC_Create_Order@1c5920df]" name="setup" is-config="true" duration-ms="3" started-at="2020-06-17T11:25:33Z" finished-at="2020-06-17T11:25:33Z">
          <reporter-output>
          </reporter-output>
        </test-method> <!-- setup -->
        <test-method status="PASS" signature="beforeClass()[pri:0, instance:testCases.order.TC_Create_Order@1c5920df]" name="beforeClass" is-config="true" duration-ms="26282" started-at="2020-06-17T11:25:33Z" finished-at="2020-06-17T11:25:59Z">
          <reporter-output>
          </reporter-output>
        </test-method> <!-- beforeClass -->
        <test-method status="PASS" signature="testCreateOrder()[pri:0, instance:testCases.order.TC_Create_Order@6bbe85a8]" name="testCreateOrder" duration-ms="5087" started-at="2020-06-17T11:25:59Z" finished-at="2020-06-17T11:26:04Z">
          <reporter-output>
          </reporter-output>
        </test-method> <!-- testCreateOrder -->
        <test-method status="FAIL" signature="checkData()[pri:0, instance:testCases.order.TC_Create_Order@6bbe85a8]" name="checkData" duration-ms="76" started-at="2020-06-17T11:26:04Z" depends-on-methods="testCases.order.TC_Create_Order.testCreateOrder" finished-at="2020-06-17T11:26:04Z">
          <exception class="java.lang.ClassCastException">
            <message>
              <![CDATA[java.lang.Integer cannot be cast to [C]]>
            </message>
            <full-stacktrace>
              <![CDATA[java.lang.ClassCastException: java.lang.Integer cannot be cast to [C
at testCases.order.TC_Create_Order.checkData(TC_Create_Order.java:115)
at sun.reflect.NativeMethodAccessorImpl.invoke0(Native Method)
at sun.reflect.NativeMethodAccessorImpl.invoke(NativeMethodAccessorImpl.java:62)
at sun.reflect.DelegatingMethodAccessorImpl.invoke(DelegatingMethodAccessorImpl.java:43)
at java.lang.reflect.Method.invoke(Method.java:498)
at org.testng.internal.MethodInvocationHelper.invokeMethod(MethodInvocationHelper.java:124)
at org.testng.internal.Invoker.invokeMethod(Invoker.java:583)
at org.testng.internal.Invoker.invokeTestMethod(Invoker.java:719)
at org.testng.internal.Invoker.invokeTestMethods(Invoker.java:989)
at org.testng.internal.TestMethodWorker.invokeTestMethods(TestMethodWorker.java:125)
at org.testng.internal.TestMethodWorker.run(TestMethodWorker.java:109)
at org.testng.TestRunner.privateRun(TestRunner.java:648)
at org.testng.TestRunner.run(TestRunner.java:505)
at org.testng.SuiteRunner.runTest(SuiteRunner.java:455)
at org.testng.SuiteRunner.runSequentially(SuiteRunner.java:450)
at org.testng.SuiteRunner.privateRun(SuiteRunner.java:415)
at org.testng.SuiteRunner.run(SuiteRunner.java:364)
at org.testng.SuiteRunnerWorker.runSuite(SuiteRunnerWorker.java:52)
at org.testng.SuiteRunnerWorker.run(SuiteRunnerWorker.java:84)
at org.testng.TestNG.runSuitesSequentially(TestNG.java:1208)
at org.testng.TestNG.runSuitesLocally(TestNG.java:1137)
at org.testng.TestNG.runSuites(TestNG.java:1049)
at org.testng.TestNG.run(TestNG.java:1017)
at org.testng.remote.AbstractRemoteTestNG.run(AbstractRemoteTestNG.java:115)
at org.testng.remote.RemoteTestNG.initAndRun(RemoteTestNG.java:251)
at org.testng.remote.RemoteTestNG.main(RemoteTestNG.java:77)
]]>
            </full-stacktrace>
          </exception> <!-- java.lang.ClassCastException -->
          <reporter-output>
          </reporter-output>
        </test-method> <!-- checkData -->
        <test-method status="SKIP" signature="checkDB()[pri:0, instance:testCases.order.TC_Create_Order@6bbe85a8]" name="checkDB" duration-ms="0" started-at="2020-06-17T11:26:04Z" depends-on-methods="testCases.order.TC_Create_Order.checkData" finished-at="2020-06-17T11:26:04Z">
          <exception class="java.lang.Throwable">
            <message>
              <![CDATA[Method TC_Create_Order.checkDB()[pri:0, instance:testCases.order.TC_Create_Order@6bbe85a8] depends on not successfully finished methods]]>
            </message>
            <full-stacktrace>
              <![CDATA[java.lang.Throwable: Method TC_Create_Order.checkDB()[pri:0, instance:testCases.order.TC_Create_Order@6bbe85a8] depends on not successfully finished methods
at org.testng.internal.Invoker.invokeTestMethods(Invoker.java:888)
at org.testng.internal.TestMethodWorker.invokeTestMethods(TestMethodWorker.java:125)
at org.testng.internal.TestMethodWorker.run(TestMethodWorker.java:109)
at org.testng.TestRunner.privateRun(TestRunner.java:648)
at org.testng.TestRunner.run(TestRunner.java:505)
at org.testng.SuiteRunner.runTest(SuiteRunner.java:455)
at org.testng.SuiteRunner.runSequentially(SuiteRunner.java:450)
at org.testng.SuiteRunner.privateRun(SuiteRunner.java:415)
at org.testng.SuiteRunner.run(SuiteRunner.java:364)
at org.testng.SuiteRunnerWorker.runSuite(SuiteRunnerWorker.java:52)
at org.testng.SuiteRunnerWorker.run(SuiteRunnerWorker.java:84)
at org.testng.TestNG.runSuitesSequentially(TestNG.java:1208)
at org.testng.TestNG.runSuitesLocally(TestNG.java:1137)
at org.testng.TestNG.runSuites(TestNG.java:1049)
at org.testng.TestNG.run(TestNG.java:1017)
at org.testng.remote.AbstractRemoteTestNG.run(AbstractRemoteTestNG.java:115)
at org.testng.remote.RemoteTestNG.initAndRun(RemoteTestNG.java:251)
at org.testng.remote.RemoteTestNG.main(RemoteTestNG.java:77)
]]>
            </full-stacktrace>
          </exception> <!-- java.lang.Throwable -->
          <reporter-output>
          </reporter-output>
        </test-method> <!-- checkDB -->
        <test-method status="PASS" signature="afterClass()[pri:0, instance:testCases.order.TC_Create_Order@1c5920df]" name="afterClass" is-config="true" duration-ms="20424" started-at="2020-06-17T11:26:04Z" finished-at="2020-06-17T11:26:25Z">
          <reporter-output>
          </reporter-output>
        </test-method> <!-- afterClass -->
        <test-method status="PASS" signature="setup()[pri:0, instance:testCases.order.TC_Create_Order@1c5920df]" name="setup" is-config="true" duration-ms="2" started-at="2020-06-17T11:26:25Z" finished-at="2020-06-17T11:26:25Z">
          <reporter-output>
          </reporter-output>
        </test-method> <!-- setup -->
        <test-method status="PASS" signature="beforeClass()[pri:0, instance:testCases.order.TC_Create_Order@1c5920df]" name="beforeClass" is-config="true" duration-ms="26555" started-at="2020-06-17T11:26:25Z" finished-at="2020-06-17T11:26:51Z">
          <reporter-output>
          </reporter-output>
        </test-method> <!-- beforeClass -->
        <test-method status="PASS" signature="testCreateOrder()[pri:0, instance:testCases.order.TC_Create_Order@712625fd]" name="testCreateOrder" duration-ms="7975" started-at="2020-06-17T11:26:51Z" finished-at="2020-06-17T11:26:59Z">
          <reporter-output>
          </reporter-output>
        </test-method> <!-- testCreateOrder -->
        <test-method status="PASS" signature="checkData()[pri:0, instance:testCases.order.TC_Create_Order@712625fd]" name="checkData" duration-ms="0" started-at="2020-06-17T11:26:59Z" depends-on-methods="testCases.order.TC_Create_Order.testCreateOrder" finished-at="2020-06-17T11:26:59Z">
          <reporter-output>
          </reporter-output>
        </test-method> <!-- checkData -->
        <test-method status="PASS" signature="checkDB()[pri:0, instance:testCases.order.TC_Create_Order@712625fd]" name="checkDB" duration-ms="1" started-at="2020-06-17T11:26:59Z" depends-on-methods="testCases.order.TC_Create_Order.checkData" finished-at="2020-06-17T11:26:59Z">
          <reporter-output>
          </reporter-output>
        </test-method> <!-- checkDB -->
        <test-method status="PASS" signature="afterClass()[pri:0, instance:testCases.order.TC_Create_Order@1c5920df]" name="afterClass" is-config="true" duration-ms="21507" started-at="2020-06-17T11:26:59Z" finished-at="2020-06-17T11:27:21Z">
          <reporter-output>
          </reporter-output>
        </test-method> <!-- afterClass -->
        <test-method status="PASS" signature="setup()[pri:0, instance:testCases.order.TC_Create_Order@1c5920df]" name="setup" is-config="true" duration-ms="1" started-at="2020-06-17T11:27:21Z" finished-at="2020-06-17T11:27:21Z">
          <reporter-output>
          </reporter-output>
        </test-method> <!-- setup -->
        <test-method status="PASS" signature="beforeClass()[pri:0, instance:testCases.order.TC_Create_Order@1c5920df]" name="beforeClass" is-config="true" duration-ms="28189" started-at="2020-06-17T11:27:21Z" finished-at="2020-06-17T11:27:49Z">
          <reporter-output>
          </reporter-output>
        </test-method> <!-- beforeClass -->
        <test-method status="PASS" signature="testCreateOrder()[pri:0, instance:testCases.order.TC_Create_Order@742ff096]" name="testCreateOrder" duration-ms="846" started-at="2020-06-17T11:27:49Z" finished-at="2020-06-17T11:27:50Z">
          <reporter-output>
          </reporter-output>
        </test-method> <!-- testCreateOrder -->
        <test-method status="PASS" signature="checkData()[pri:0, instance:testCases.order.TC_Create_Order@742ff096]" name="checkData" duration-ms="1" started-at="2020-06-17T11:27:50Z" depends-on-methods="testCases.order.TC_Create_Order.testCreateOrder" finished-at="2020-06-17T11:27:50Z">
          <reporter-output>
          </reporter-output>
        </test-method> <!-- checkData -->
        <test-method status="PASS" signature="checkDB()[pri:0, instance:testCases.order.TC_Create_Order@742ff096]" name="checkDB" duration-ms="1" started-at="2020-06-17T11:27:50Z" depends-on-methods="testCases.order.TC_Create_Order.checkData" finished-at="2020-06-17T11:27:50Z">
          <reporter-output>
          </reporter-output>
        </test-method> <!-- checkDB -->
        <test-method status="PASS" signature="afterClass()[pri:0, instance:testCases.order.TC_Create_Order@1c5920df]" name="afterClass" is-config="true" duration-ms="21139" started-at="2020-06-17T11:27:50Z" finished-at="2020-06-17T11:28:11Z">
          <reporter-output>
          </reporter-output>
        </test-method> <!-- afterClass -->
        <test-method status="PASS" signature="setup()[pri:0, instance:testCases.order.TC_Create_Order@1c5920df]" name="setup" is-config="true" duration-ms="2" started-at="2020-06-17T11:28:11Z" finished-at="2020-06-17T11:28:11Z">
          <reporter-output>
          </reporter-output>
        </test-method> <!-- setup -->
        <test-method status="PASS" signature="beforeClass()[pri:0, instance:testCases.order.TC_Create_Order@1c5920df]" name="beforeClass" is-config="true" duration-ms="28053" started-at="2020-06-17T11:28:11Z" finished-at="2020-06-17T11:28:39Z">
          <reporter-output>
          </reporter-output>
        </test-method> <!-- beforeClass -->
        <test-method status="PASS" signature="testCreateOrder()[pri:0, instance:testCases.order.TC_Create_Order@75437611]" name="testCreateOrder" duration-ms="4486" started-at="2020-06-17T11:28:39Z" finished-at="2020-06-17T11:28:44Z">
          <reporter-output>
          </reporter-output>
        </test-method> <!-- testCreateOrder -->
        <test-method status="PASS" signature="checkData()[pri:0, instance:testCases.order.TC_Create_Order@75437611]" name="checkData" duration-ms="0" started-at="2020-06-17T11:28:44Z" depends-on-methods="testCases.order.TC_Create_Order.testCreateOrder" finished-at="2020-06-17T11:28:44Z">
          <reporter-output>
          </reporter-output>
        </test-method> <!-- checkData -->
        <test-method status="PASS" signature="checkDB()[pri:0, instance:testCases.order.TC_Create_Order@75437611]" name="checkDB" duration-ms="10831" started-at="2020-06-17T11:28:44Z" depends-on-methods="testCases.order.TC_Create_Order.checkData" finished-at="2020-06-17T11:28:54Z">
          <reporter-output>
          </reporter-output>
        </test-method> <!-- checkDB -->
        <test-method status="PASS" signature="afterClass()[pri:0, instance:testCases.order.TC_Create_Order@1c5920df]" name="afterClass" is-config="true" duration-ms="19858" started-at="2020-06-17T11:28:54Z" finished-at="2020-06-17T11:29:14Z">
          <reporter-output>
          </reporter-output>
        </test-method> <!-- afterClass -->
        <test-method status="PASS" signature="setup()[pri:0, instance:testCases.order.TC_Create_Order@1c5920df]" name="setup" is-config="true" duration-ms="2" started-at="2020-06-17T11:29:14Z" finished-at="2020-06-17T11:29:14Z">
          <reporter-output>
          </reporter-output>
        </test-method> <!-- setup -->
        <test-method status="PASS" signature="beforeClass()[pri:0, instance:testCases.order.TC_Create_Order@1c5920df]" name="beforeClass" is-config="true" duration-ms="29862" started-at="2020-06-17T11:29:14Z" finished-at="2020-06-17T11:29:44Z">
          <reporter-output>
          </reporter-output>
        </test-method> <!-- beforeClass -->
        <test-method status="PASS" signature="testCreateOrder()[pri:0, instance:testCases.order.TC_Create_Order@7bba5817]" name="testCreateOrder" duration-ms="4604" started-at="2020-06-17T11:29:44Z" finished-at="2020-06-17T11:29:49Z">
          <reporter-output>
          </reporter-output>
        </test-method> <!-- testCreateOrder -->
        <test-method status="PASS" signature="checkData()[pri:0, instance:testCases.order.TC_Create_Order@7bba5817]" name="checkData" duration-ms="1" started-at="2020-06-17T11:29:49Z" depends-on-methods="testCases.order.TC_Create_Order.testCreateOrder" finished-at="2020-06-17T11:29:49Z">
          <reporter-output>
          </reporter-output>
        </test-method> <!-- checkData -->
        <test-method status="PASS" signature="checkDB()[pri:0, instance:testCases.order.TC_Create_Order@7bba5817]" name="checkDB" duration-ms="1" started-at="2020-06-17T11:29:49Z" depends-on-methods="testCases.order.TC_Create_Order.checkData" finished-at="2020-06-17T11:29:49Z">
          <reporter-output>
          </reporter-output>
        </test-method> <!-- checkDB -->
        <test-method status="PASS" signature="afterClass()[pri:0, instance:testCases.order.TC_Create_Order@1c5920df]" name="afterClass" is-config="true" duration-ms="20469" started-at="2020-06-17T11:29:49Z" finished-at="2020-06-17T11:30:09Z">
          <reporter-output>
          </reporter-output>
        </test-method> <!-- afterClass -->
        <test-method status="PASS" signature="setup()[pri:0, instance:testCases.order.TC_Create_Order@1c5920df]" name="setup" is-config="true" duration-ms="3" started-at="2020-06-17T11:30:09Z" finished-at="2020-06-17T11:30:09Z">
          <reporter-output>
          </reporter-output>
        </test-method> <!-- setup -->
        <test-method status="PASS" signature="beforeClass()[pri:0, instance:testCases.order.TC_Create_Order@1c5920df]" name="beforeClass" is-config="true" duration-ms="34627" started-at="2020-06-17T11:30:09Z" finished-at="2020-06-17T11:30:44Z">
          <reporter-output>
          </reporter-output>
        </test-method> <!-- beforeClass -->
        <test-method status="PASS" signature="testCreateOrder()[pri:0, instance:testCases.order.TC_Create_Order@cb0755b]" name="testCreateOrder" duration-ms="4696" started-at="2020-06-17T11:30:44Z" finished-at="2020-06-17T11:30:49Z">
          <reporter-output>
          </reporter-output>
        </test-method> <!-- testCreateOrder -->
        <test-method status="PASS" signature="checkData()[pri:0, instance:testCases.order.TC_Create_Order@cb0755b]" name="checkData" duration-ms="0" started-at="2020-06-17T11:30:49Z" depends-on-methods="testCases.order.TC_Create_Order.testCreateOrder" finished-at="2020-06-17T11:30:49Z">
          <reporter-output>
          </reporter-output>
        </test-method> <!-- checkData -->
        <test-method status="PASS" signature="checkDB()[pri:0, instance:testCases.order.TC_Create_Order@cb0755b]" name="checkDB" duration-ms="1" started-at="2020-06-17T11:30:49Z" depends-on-methods="testCases.order.TC_Create_Order.checkData" finished-at="2020-06-17T11:30:49Z">
          <reporter-output>
          </reporter-output>
        </test-method> <!-- checkDB -->
        <test-method status="PASS" signature="afterClass()[pri:0, instance:testCases.order.TC_Create_Order@1c5920df]" name="afterClass" is-config="true" duration-ms="20051" started-at="2020-06-17T11:30:49Z" finished-at="2020-06-17T11:31:09Z">
          <reporter-output>
          </reporter-output>
        </test-method> <!-- afterClass -->
      </class> <!-- testCases.order.TC_Create_Order -->
    </test> <!-- DanaPulsaTestOrder -->
  </suite> <!-- DANA Pulsa Suite -->
</testng-results>
