<?xml version="1.0" encoding="UTF-8"?>
<testng-results skipped="1" failed="1" ignored="0" total="18" passed="16">
  <reporter-output>
  </reporter-output>
  <suite name="DANA Pulsa Suite" duration-ms="204068" started-at="2020-06-21T11:23:59Z" finished-at="2020-06-21T11:27:23Z">
    <groups>
    </groups>
    <test name="DANA Pulsa Remote Service Promotion - Get Voucher Promotion" duration-ms="204068" started-at="2020-06-21T11:23:59Z" finished-at="2020-06-21T11:27:23Z">
      <class name="remoteService.promotion.TC_Remote_Service_GetVoucherPromotion">
        <test-method status="PASS" signature="setup()[pri:0, instance:remoteService.promotion.TC_Remote_Service_GetVoucherPromotion@66d3eec0]" name="setup" is-config="true" duration-ms="57" started-at="2020-06-21T11:23:59Z" finished-at="2020-06-21T11:23:59Z">
          <reporter-output>
          </reporter-output>
        </test-method> <!-- setup -->
        <test-method status="PASS" signature="beforeClass()[pri:0, instance:remoteService.promotion.TC_Remote_Service_GetVoucherPromotion@66d3eec0]" name="beforeClass" is-config="true" duration-ms="27881" started-at="2020-06-21T11:23:59Z" finished-at="2020-06-21T11:24:27Z">
          <reporter-output>
          </reporter-output>
        </test-method> <!-- beforeClass -->
        <test-method status="PASS" signature="testPromotionVouchers()[pri:0, instance:remoteService.promotion.TC_Remote_Service_GetVoucherPromotion@4738a206]" name="testPromotionVouchers" duration-ms="4122" started-at="2020-06-21T11:24:27Z" finished-at="2020-06-21T11:24:31Z">
          <reporter-output>
          </reporter-output>
        </test-method> <!-- testPromotionVouchers -->
        <test-method status="PASS" signature="checkData()[pri:0, instance:remoteService.promotion.TC_Remote_Service_GetVoucherPromotion@4738a206]" name="checkData" duration-ms="2" started-at="2020-06-21T11:24:31Z" depends-on-methods="remoteService.promotion.TC_Remote_Service_GetVoucherPromotion.testPromotionVouchers" finished-at="2020-06-21T11:24:31Z">
          <reporter-output>
          </reporter-output>
        </test-method> <!-- checkData -->
        <test-method status="PASS" signature="checkDB()[pri:0, instance:remoteService.promotion.TC_Remote_Service_GetVoucherPromotion@4738a206]" name="checkDB" duration-ms="5687" started-at="2020-06-21T11:24:31Z" depends-on-methods="remoteService.promotion.TC_Remote_Service_GetVoucherPromotion.checkData" finished-at="2020-06-21T11:24:37Z">
          <reporter-output>
          </reporter-output>
        </test-method> <!-- checkDB -->
        <test-method status="PASS" signature="afterClass()[pri:0, instance:remoteService.promotion.TC_Remote_Service_GetVoucherPromotion@66d3eec0]" name="afterClass" is-config="true" duration-ms="10792" started-at="2020-06-21T11:24:37Z" finished-at="2020-06-21T11:24:48Z">
          <reporter-output>
          </reporter-output>
        </test-method> <!-- afterClass -->
        <test-method status="PASS" signature="setup()[pri:0, instance:remoteService.promotion.TC_Remote_Service_GetVoucherPromotion@66d3eec0]" name="setup" is-config="true" duration-ms="3" started-at="2020-06-21T11:24:48Z" finished-at="2020-06-21T11:24:48Z">
          <reporter-output>
          </reporter-output>
        </test-method> <!-- setup -->
        <test-method status="PASS" signature="beforeClass()[pri:0, instance:remoteService.promotion.TC_Remote_Service_GetVoucherPromotion@66d3eec0]" name="beforeClass" is-config="true" duration-ms="28537" started-at="2020-06-21T11:24:48Z" finished-at="2020-06-21T11:25:16Z">
          <reporter-output>
          </reporter-output>
        </test-method> <!-- beforeClass -->
        <test-method status="PASS" signature="testPromotionVouchers()[pri:0, instance:remoteService.promotion.TC_Remote_Service_GetVoucherPromotion@5acf93bb]" name="testPromotionVouchers" duration-ms="3086" started-at="2020-06-21T11:25:16Z" finished-at="2020-06-21T11:25:19Z">
          <reporter-output>
          </reporter-output>
        </test-method> <!-- testPromotionVouchers -->
        <test-method status="PASS" signature="checkData()[pri:0, instance:remoteService.promotion.TC_Remote_Service_GetVoucherPromotion@5acf93bb]" name="checkData" duration-ms="448" started-at="2020-06-21T11:25:19Z" depends-on-methods="remoteService.promotion.TC_Remote_Service_GetVoucherPromotion.testPromotionVouchers" finished-at="2020-06-21T11:25:20Z">
          <reporter-output>
          </reporter-output>
        </test-method> <!-- checkData -->
        <test-method status="PASS" signature="checkDB()[pri:0, instance:remoteService.promotion.TC_Remote_Service_GetVoucherPromotion@5acf93bb]" name="checkDB" duration-ms="5292" started-at="2020-06-21T11:25:20Z" depends-on-methods="remoteService.promotion.TC_Remote_Service_GetVoucherPromotion.checkData" finished-at="2020-06-21T11:25:25Z">
          <reporter-output>
          </reporter-output>
        </test-method> <!-- checkDB -->
        <test-method status="PASS" signature="afterClass()[pri:0, instance:remoteService.promotion.TC_Remote_Service_GetVoucherPromotion@66d3eec0]" name="afterClass" is-config="true" duration-ms="10755" started-at="2020-06-21T11:25:25Z" finished-at="2020-06-21T11:25:36Z">
          <reporter-output>
          </reporter-output>
        </test-method> <!-- afterClass -->
        <test-method status="PASS" signature="setup()[pri:0, instance:remoteService.promotion.TC_Remote_Service_GetVoucherPromotion@66d3eec0]" name="setup" is-config="true" duration-ms="1" started-at="2020-06-21T11:25:36Z" finished-at="2020-06-21T11:25:36Z">
          <reporter-output>
          </reporter-output>
        </test-method> <!-- setup -->
        <test-method status="PASS" signature="beforeClass()[pri:0, instance:remoteService.promotion.TC_Remote_Service_GetVoucherPromotion@66d3eec0]" name="beforeClass" is-config="true" duration-ms="2" started-at="2020-06-21T11:25:36Z" finished-at="2020-06-21T11:25:36Z">
          <reporter-output>
          </reporter-output>
        </test-method> <!-- beforeClass -->
        <test-method status="PASS" signature="testPromotionVouchers()[pri:0, instance:remoteService.promotion.TC_Remote_Service_GetVoucherPromotion@614ca7df]" name="testPromotionVouchers" duration-ms="512" started-at="2020-06-21T11:25:36Z" finished-at="2020-06-21T11:25:36Z">
          <reporter-output>
          </reporter-output>
        </test-method> <!-- testPromotionVouchers -->
        <test-method status="PASS" signature="checkData()[pri:0, instance:remoteService.promotion.TC_Remote_Service_GetVoucherPromotion@614ca7df]" name="checkData" duration-ms="2" started-at="2020-06-21T11:25:36Z" depends-on-methods="remoteService.promotion.TC_Remote_Service_GetVoucherPromotion.testPromotionVouchers" finished-at="2020-06-21T11:25:36Z">
          <reporter-output>
          </reporter-output>
        </test-method> <!-- checkData -->
        <test-method status="PASS" signature="checkDB()[pri:0, instance:remoteService.promotion.TC_Remote_Service_GetVoucherPromotion@614ca7df]" name="checkDB" duration-ms="2" started-at="2020-06-21T11:25:36Z" depends-on-methods="remoteService.promotion.TC_Remote_Service_GetVoucherPromotion.checkData" finished-at="2020-06-21T11:25:36Z">
          <reporter-output>
          </reporter-output>
        </test-method> <!-- checkDB -->
        <test-method status="PASS" signature="afterClass()[pri:0, instance:remoteService.promotion.TC_Remote_Service_GetVoucherPromotion@66d3eec0]" name="afterClass" is-config="true" duration-ms="1" started-at="2020-06-21T11:25:36Z" finished-at="2020-06-21T11:25:36Z">
          <reporter-output>
          </reporter-output>
        </test-method> <!-- afterClass -->
        <test-method status="PASS" signature="setup()[pri:0, instance:remoteService.promotion.TC_Remote_Service_GetVoucherPromotion@66d3eec0]" name="setup" is-config="true" duration-ms="7" started-at="2020-06-21T11:25:36Z" finished-at="2020-06-21T11:25:36Z">
          <reporter-output>
          </reporter-output>
        </test-method> <!-- setup -->
        <test-method status="PASS" signature="beforeClass()[pri:0, instance:remoteService.promotion.TC_Remote_Service_GetVoucherPromotion@66d3eec0]" name="beforeClass" is-config="true" duration-ms="26292" started-at="2020-06-21T11:25:36Z" finished-at="2020-06-21T11:26:03Z">
          <reporter-output>
          </reporter-output>
        </test-method> <!-- beforeClass -->
        <test-method status="PASS" signature="testPromotionVouchers()[pri:0, instance:remoteService.promotion.TC_Remote_Service_GetVoucherPromotion@66d3eec0]" name="testPromotionVouchers" duration-ms="881" started-at="2020-06-21T11:26:03Z" finished-at="2020-06-21T11:26:03Z">
          <reporter-output>
          </reporter-output>
        </test-method> <!-- testPromotionVouchers -->
        <test-method status="PASS" signature="checkData()[pri:0, instance:remoteService.promotion.TC_Remote_Service_GetVoucherPromotion@66d3eec0]" name="checkData" duration-ms="1" started-at="2020-06-21T11:26:03Z" depends-on-methods="remoteService.promotion.TC_Remote_Service_GetVoucherPromotion.testPromotionVouchers" finished-at="2020-06-21T11:26:03Z">
          <reporter-output>
          </reporter-output>
        </test-method> <!-- checkData -->
        <test-method status="PASS" signature="checkDB()[pri:0, instance:remoteService.promotion.TC_Remote_Service_GetVoucherPromotion@66d3eec0]" name="checkDB" duration-ms="1" started-at="2020-06-21T11:26:03Z" depends-on-methods="remoteService.promotion.TC_Remote_Service_GetVoucherPromotion.checkData" finished-at="2020-06-21T11:26:03Z">
          <reporter-output>
          </reporter-output>
        </test-method> <!-- checkDB -->
        <test-method status="PASS" signature="afterClass()[pri:0, instance:remoteService.promotion.TC_Remote_Service_GetVoucherPromotion@66d3eec0]" name="afterClass" is-config="true" duration-ms="11458" started-at="2020-06-21T11:26:03Z" finished-at="2020-06-21T11:26:15Z">
          <reporter-output>
          </reporter-output>
        </test-method> <!-- afterClass -->
        <test-method status="PASS" signature="setup()[pri:0, instance:remoteService.promotion.TC_Remote_Service_GetVoucherPromotion@66d3eec0]" name="setup" is-config="true" duration-ms="4" started-at="2020-06-21T11:26:15Z" finished-at="2020-06-21T11:26:15Z">
          <reporter-output>
          </reporter-output>
        </test-method> <!-- setup -->
        <test-method status="PASS" signature="beforeClass()[pri:0, instance:remoteService.promotion.TC_Remote_Service_GetVoucherPromotion@66d3eec0]" name="beforeClass" is-config="true" duration-ms="1" started-at="2020-06-21T11:26:15Z" finished-at="2020-06-21T11:26:15Z">
          <reporter-output>
          </reporter-output>
        </test-method> <!-- beforeClass -->
        <test-method status="PASS" signature="testPromotionVouchers()[pri:0, instance:remoteService.promotion.TC_Remote_Service_GetVoucherPromotion@6cd28fa7]" name="testPromotionVouchers" duration-ms="20319" started-at="2020-06-21T11:26:15Z" finished-at="2020-06-21T11:26:35Z">
          <reporter-output>
          </reporter-output>
        </test-method> <!-- testPromotionVouchers -->
        <test-method status="FAIL" signature="checkData()[pri:0, instance:remoteService.promotion.TC_Remote_Service_GetVoucherPromotion@6cd28fa7]" name="checkData" duration-ms="3" started-at="2020-06-21T11:26:35Z" depends-on-methods="remoteService.promotion.TC_Remote_Service_GetVoucherPromotion.testPromotionVouchers" finished-at="2020-06-21T11:26:35Z">
          <exception class="java.lang.AssertionError">
            <message>
              <![CDATA[Error in try catch! expected [true] but found [false]]]>
            </message>
            <full-stacktrace>
              <![CDATA[java.lang.AssertionError: Error in try catch! expected [true] but found [false]
at org.testng.Assert.fail(Assert.java:96)
at org.testng.Assert.failNotEquals(Assert.java:776)
at org.testng.Assert.assertTrue(Assert.java:44)
at remoteService.promotion.TC_Remote_Service_GetVoucherPromotion.checkData(TC_Remote_Service_GetVoucherPromotion.java:74)
at sun.reflect.NativeMethodAccessorImpl.invoke0(Native Method)
at sun.reflect.NativeMethodAccessorImpl.invoke(NativeMethodAccessorImpl.java:62)
at sun.reflect.DelegatingMethodAccessorImpl.invoke(DelegatingMethodAccessorImpl.java:43)
at java.lang.reflect.Method.invoke(Method.java:498)
at org.testng.internal.MethodInvocationHelper.invokeMethod(MethodInvocationHelper.java:124)
at org.testng.internal.Invoker.invokeMethod(Invoker.java:583)
at org.testng.internal.Invoker.invokeTestMethod(Invoker.java:719)
at org.testng.internal.Invoker.invokeTestMethods(Invoker.java:989)
at org.testng.internal.TestMethodWorker.invokeTestMethods(TestMethodWorker.java:125)
at org.testng.internal.TestMethodWorker.run(TestMethodWorker.java:109)
at org.testng.TestRunner.privateRun(TestRunner.java:648)
at org.testng.TestRunner.run(TestRunner.java:505)
at org.testng.SuiteRunner.runTest(SuiteRunner.java:455)
at org.testng.SuiteRunner.runSequentially(SuiteRunner.java:450)
at org.testng.SuiteRunner.privateRun(SuiteRunner.java:415)
at org.testng.SuiteRunner.run(SuiteRunner.java:364)
at org.testng.SuiteRunnerWorker.runSuite(SuiteRunnerWorker.java:52)
at org.testng.SuiteRunnerWorker.run(SuiteRunnerWorker.java:84)
at org.testng.TestNG.runSuitesSequentially(TestNG.java:1208)
at org.testng.TestNG.runSuitesLocally(TestNG.java:1137)
at org.testng.TestNG.runSuites(TestNG.java:1049)
at org.testng.TestNG.run(TestNG.java:1017)
at org.testng.remote.AbstractRemoteTestNG.run(AbstractRemoteTestNG.java:115)
at org.testng.remote.RemoteTestNG.initAndRun(RemoteTestNG.java:251)
at org.testng.remote.RemoteTestNG.main(RemoteTestNG.java:77)
]]>
            </full-stacktrace>
          </exception> <!-- java.lang.AssertionError -->
          <reporter-output>
          </reporter-output>
        </test-method> <!-- checkData -->
        <test-method status="SKIP" signature="checkDB()[pri:0, instance:remoteService.promotion.TC_Remote_Service_GetVoucherPromotion@6cd28fa7]" name="checkDB" duration-ms="0" started-at="2020-06-21T11:26:35Z" depends-on-methods="remoteService.promotion.TC_Remote_Service_GetVoucherPromotion.checkData" finished-at="2020-06-21T11:26:35Z">
          <exception class="java.lang.Throwable">
            <message>
              <![CDATA[Method TC_Remote_Service_GetVoucherPromotion.checkDB()[pri:0, instance:remoteService.promotion.TC_Remote_Service_GetVoucherPromotion@6cd28fa7] depends on not successfully finished methods]]>
            </message>
            <full-stacktrace>
              <![CDATA[java.lang.Throwable: Method TC_Remote_Service_GetVoucherPromotion.checkDB()[pri:0, instance:remoteService.promotion.TC_Remote_Service_GetVoucherPromotion@6cd28fa7] depends on not successfully finished methods
at org.testng.internal.Invoker.invokeTestMethods(Invoker.java:888)
at org.testng.internal.TestMethodWorker.invokeTestMethods(TestMethodWorker.java:125)
at org.testng.internal.TestMethodWorker.run(TestMethodWorker.java:109)
at org.testng.TestRunner.privateRun(TestRunner.java:648)
at org.testng.TestRunner.run(TestRunner.java:505)
at org.testng.SuiteRunner.runTest(SuiteRunner.java:455)
at org.testng.SuiteRunner.runSequentially(SuiteRunner.java:450)
at org.testng.SuiteRunner.privateRun(SuiteRunner.java:415)
at org.testng.SuiteRunner.run(SuiteRunner.java:364)
at org.testng.SuiteRunnerWorker.runSuite(SuiteRunnerWorker.java:52)
at org.testng.SuiteRunnerWorker.run(SuiteRunnerWorker.java:84)
at org.testng.TestNG.runSuitesSequentially(TestNG.java:1208)
at org.testng.TestNG.runSuitesLocally(TestNG.java:1137)
at org.testng.TestNG.runSuites(TestNG.java:1049)
at org.testng.TestNG.run(TestNG.java:1017)
at org.testng.remote.AbstractRemoteTestNG.run(AbstractRemoteTestNG.java:115)
at org.testng.remote.RemoteTestNG.initAndRun(RemoteTestNG.java:251)
at org.testng.remote.RemoteTestNG.main(RemoteTestNG.java:77)
]]>
            </full-stacktrace>
          </exception> <!-- java.lang.Throwable -->
          <reporter-output>
          </reporter-output>
        </test-method> <!-- checkDB -->
        <test-method status="PASS" signature="afterClass()[pri:0, instance:remoteService.promotion.TC_Remote_Service_GetVoucherPromotion@66d3eec0]" name="afterClass" is-config="true" duration-ms="3" started-at="2020-06-21T11:26:35Z" finished-at="2020-06-21T11:26:35Z">
          <reporter-output>
          </reporter-output>
        </test-method> <!-- afterClass -->
        <test-method status="PASS" signature="setup()[pri:0, instance:remoteService.promotion.TC_Remote_Service_GetVoucherPromotion@66d3eec0]" name="setup" is-config="true" duration-ms="2" started-at="2020-06-21T11:26:35Z" finished-at="2020-06-21T11:26:35Z">
          <reporter-output>
          </reporter-output>
        </test-method> <!-- setup -->
        <test-method status="PASS" signature="beforeClass()[pri:0, instance:remoteService.promotion.TC_Remote_Service_GetVoucherPromotion@66d3eec0]" name="beforeClass" is-config="true" duration-ms="27361" started-at="2020-06-21T11:26:35Z" finished-at="2020-06-21T11:27:03Z">
          <reporter-output>
          </reporter-output>
        </test-method> <!-- beforeClass -->
        <test-method status="PASS" signature="testPromotionVouchers()[pri:0, instance:remoteService.promotion.TC_Remote_Service_GetVoucherPromotion@7e7be63f]" name="testPromotionVouchers" duration-ms="3303" started-at="2020-06-21T11:27:03Z" finished-at="2020-06-21T11:27:06Z">
          <reporter-output>
          </reporter-output>
        </test-method> <!-- testPromotionVouchers -->
        <test-method status="PASS" signature="checkData()[pri:0, instance:remoteService.promotion.TC_Remote_Service_GetVoucherPromotion@7e7be63f]" name="checkData" duration-ms="8" started-at="2020-06-21T11:27:06Z" depends-on-methods="remoteService.promotion.TC_Remote_Service_GetVoucherPromotion.testPromotionVouchers" finished-at="2020-06-21T11:27:06Z">
          <reporter-output>
          </reporter-output>
        </test-method> <!-- checkData -->
        <test-method status="PASS" signature="checkDB()[pri:0, instance:remoteService.promotion.TC_Remote_Service_GetVoucherPromotion@7e7be63f]" name="checkDB" duration-ms="5540" started-at="2020-06-21T11:27:06Z" depends-on-methods="remoteService.promotion.TC_Remote_Service_GetVoucherPromotion.checkData" finished-at="2020-06-21T11:27:11Z">
          <reporter-output>
          </reporter-output>
        </test-method> <!-- checkDB -->
        <test-method status="PASS" signature="afterClass()[pri:0, instance:remoteService.promotion.TC_Remote_Service_GetVoucherPromotion@66d3eec0]" name="afterClass" is-config="true" duration-ms="11645" started-at="2020-06-21T11:27:11Z" finished-at="2020-06-21T11:27:23Z">
          <reporter-output>
          </reporter-output>
        </test-method> <!-- afterClass -->
      </class> <!-- remoteService.promotion.TC_Remote_Service_GetVoucherPromotion -->
    </test> <!-- DANA Pulsa Remote Service Promotion - Get Voucher Promotion -->
  </suite> <!-- DANA Pulsa Suite -->
</testng-results>
